<?xml version="1.0" encoding="UTF-8"?><testrun name="hanto.Test.studentThhughes.common.moveValidator" project="Hanto2016thhughes" tests="17" started="17" failures="0" errors="1" ignored="0">
  <testsuite name="hanto.Test.studentThhughes.common.moveValidator.PlayingTooManyPieceValidatorTest" time="0.0">
    <testcase name="testAddingEnoughPieceToEmptyBoardToError" classname="hanto.Test.studentThhughes.common.moveValidator.PlayingTooManyPieceValidatorTest" time="0.0"/>
    <testcase name="testMovingAPiece" classname="hanto.Test.studentThhughes.common.moveValidator.PlayingTooManyPieceValidatorTest" time="0.0"/>
    <testcase name="testAddingOnePieceToEmptyBoard" classname="hanto.Test.studentThhughes.common.moveValidator.PlayingTooManyPieceValidatorTest" time="0.0"/>
    <testcase name="testInvalidError" classname="hanto.Test.studentThhughes.common.moveValidator.PlayingTooManyPieceValidatorTest" time="0.0"/>
  </testsuite>
  <testsuite name="hanto.Test.studentThhughes.common.moveValidator.PieceValidatorTest" time="0.0">
    <testcase name="testValidatorWithItemsInListAndINValidMove" classname="hanto.Test.studentThhughes.common.moveValidator.PieceValidatorTest" time="0.0"/>
    <testcase name="testValidatorWithItemsInListAndValidMove" classname="hanto.Test.studentThhughes.common.moveValidator.PieceValidatorTest" time="0.0"/>
    <testcase name="testValidatorWithNoArgs" classname="hanto.Test.studentThhughes.common.moveValidator.PieceValidatorTest" time="0.0"/>
    <testcase name="testValidatorWithEmptyList" classname="hanto.Test.studentThhughes.common.moveValidator.PieceValidatorTest" time="0.0"/>
    <testcase name="testFailureMessage" classname="hanto.Test.studentThhughes.common.moveValidator.PieceValidatorTest" time="0.0"/>
  </testsuite>
  <testsuite name="hanto.Test.studentThhughes.common.moveValidator.FristMoveValidatorTest" time="0.0">
    <testcase name="testPlacingButterflyAtCenter" classname="hanto.Test.studentThhughes.common.moveValidator.FristMoveValidatorTest" time="0.0"/>
    <testcase name="testPlacingSparrowflyAtCenter" classname="hanto.Test.studentThhughes.common.moveValidator.FristMoveValidatorTest" time="0.0"/>
    <testcase name="testInvalidError" classname="hanto.Test.studentThhughes.common.moveValidator.FristMoveValidatorTest" time="0.0"/>
    <testcase name="testPlacingSparrowflyAtNotCenter" classname="hanto.Test.studentThhughes.common.moveValidator.FristMoveValidatorTest" time="0.0"/>
    <testcase name="testNotNull" classname="hanto.Test.studentThhughes.common.moveValidator.FristMoveValidatorTest" time="0.0"/>
  </testsuite>
  <testsuite name="hanto.Test.studentThhughes.common.moveValidator.MoveRealPieceValidatorTester" time="0.0">
    <testcase name="testPlacingAPiece" classname="hanto.Test.studentThhughes.common.moveValidator.MoveRealPieceValidatorTester" time="0.0"/>
    <testcase name="testInvalidError" classname="hanto.Test.studentThhughes.common.moveValidator.MoveRealPieceValidatorTester" time="0.0">
      <error>hanto.common.HantoException: The Piece You're Trying To Move Doesn't exist
	at hanto.studentThhughes.common.moveValidator.MoveRealPieceValidator.invalidError(MoveRealPieceValidator.java:45)
	at hanto.Test.studentThhughes.common.moveValidator.MoveRealPieceValidatorTester.testInvalidError(MoveRealPieceValidatorTester.java:38)
	at sun.reflect.NativeMethodAccessorImpl.invoke0(Native Method)
	at sun.reflect.NativeMethodAccessorImpl.invoke(NativeMethodAccessorImpl.java:62)
	at sun.reflect.DelegatingMethodAccessorImpl.invoke(DelegatingMethodAccessorImpl.java:43)
	at java.lang.reflect.Method.invoke(Method.java:497)
	at org.junit.runners.model.FrameworkMethod$1.runReflectiveCall(FrameworkMethod.java:50)
	at org.junit.internal.runners.model.ReflectiveCallable.run(ReflectiveCallable.java:12)
	at org.junit.runners.model.FrameworkMethod.invokeExplosively(FrameworkMethod.java:47)
	at org.junit.internal.runners.statements.InvokeMethod.evaluate(InvokeMethod.java:17)
	at org.junit.internal.runners.statements.RunBefores.evaluate(RunBefores.java:26)
	at org.junit.runners.ParentRunner.runLeaf(ParentRunner.java:325)
	at org.junit.runners.BlockJUnit4ClassRunner.runChild(BlockJUnit4ClassRunner.java:78)
	at org.junit.runners.BlockJUnit4ClassRunner.runChild(BlockJUnit4ClassRunner.java:57)
	at org.junit.runners.ParentRunner$3.run(ParentRunner.java:290)
	at org.junit.runners.ParentRunner$1.schedule(ParentRunner.java:71)
	at org.junit.runners.ParentRunner.runChildren(ParentRunner.java:288)
	at org.junit.runners.ParentRunner.access$000(ParentRunner.java:58)
	at org.junit.runners.ParentRunner$2.evaluate(ParentRunner.java:268)
	at org.junit.runners.ParentRunner.run(ParentRunner.java:363)
	at org.eclipse.jdt.internal.junit4.runner.JUnit4TestReference.run(JUnit4TestReference.java:86)
	at org.eclipse.jdt.internal.junit.runner.TestExecution.run(TestExecution.java:38)
	at org.eclipse.jdt.internal.junit.runner.RemoteTestRunner.runTests(RemoteTestRunner.java:459)
	at org.eclipse.jdt.internal.junit.runner.RemoteTestRunner.runTests(RemoteTestRunner.java:675)
	at org.eclipse.jdt.internal.junit.runner.RemoteTestRunner.run(RemoteTestRunner.java:382)
	at org.eclipse.jdt.internal.junit.runner.RemoteTestRunner.main(RemoteTestRunner.java:192)

</error>
    </testcase>
    <testcase name="testNotNull" classname="hanto.Test.studentThhughes.common.moveValidator.MoveRealPieceValidatorTester" time="0.0"/>
  </testsuite>
</testrun>
