<?xml version="1.0" encoding="UTF-8"?><testrun name="hanto.Test.studentThhughes.common.boardValidator" project="Hanto2016thhughes" tests="14" started="14" failures="1" errors="0" ignored="0">
  <testsuite name="hanto.Test.studentThhughes.common.boardValidator.TerminalMoveCheckTest" time="0.001">
    <testcase name="testTerminalMovesReturnsDrawWhenTerminalMoves" classname="hanto.Test.studentThhughes.common.boardValidator.TerminalMoveCheckTest" time="0.001"/>
    <testcase name="testTerminalMovesReturnsOKWhenNotTerminalMoves" classname="hanto.Test.studentThhughes.common.boardValidator.TerminalMoveCheckTest" time="0.0"/>
    <testcase name="testNotNull" classname="hanto.Test.studentThhughes.common.boardValidator.TerminalMoveCheckTest" time="0.0"/>
  </testsuite>
  <testsuite name="hanto.Test.studentThhughes.common.boardValidator.AggragateBoardValidatorTest" time="0.0">
    <testcase name="getDRAWWithRWandDRAWValidator" classname="hanto.Test.studentThhughes.common.boardValidator.AggragateBoardValidatorTest" time="0.0"/>
    <testcase name="getBWWithBWValidator" classname="hanto.Test.studentThhughes.common.boardValidator.AggragateBoardValidatorTest" time="0.0"/>
    <testcase name="getOKWithNoValidators" classname="hanto.Test.studentThhughes.common.boardValidator.AggragateBoardValidatorTest" time="0.0"/>
    <testcase name="getRWWithRWValidator" classname="hanto.Test.studentThhughes.common.boardValidator.AggragateBoardValidatorTest" time="0.0"/>
    <testcase name="getDRAWWithBWandDRAWValidator" classname="hanto.Test.studentThhughes.common.boardValidator.AggragateBoardValidatorTest" time="0.0"/>
    <testcase name="getDRAWWithBWandRWValidator" classname="hanto.Test.studentThhughes.common.boardValidator.AggragateBoardValidatorTest" time="0.0"/>
    <testcase name="getDRAWWithDRAWValidator" classname="hanto.Test.studentThhughes.common.boardValidator.AggragateBoardValidatorTest" time="0.0"/>
  </testsuite>
  <testsuite name="hanto.Test.studentThhughes.common.boardValidator.ColorWinValidatorTest" time="0.0">
    <testcase name="testConstructorNotNull" classname="hanto.Test.studentThhughes.common.boardValidator.ColorWinValidatorTest" time="0.0"/>
    <testcase name="testBoardWithOneButterflyAndNoSparrows" classname="hanto.Test.studentThhughes.common.boardValidator.ColorWinValidatorTest" time="0.0"/>
    <testcase name="testBoardWIthNoButterfly" classname="hanto.Test.studentThhughes.common.boardValidator.ColorWinValidatorTest" time="0.0"/>
    <testcase name="testBoardWithOneButterflyAndSurrounded" classname="hanto.Test.studentThhughes.common.boardValidator.ColorWinValidatorTest" time="0.0">
      <failure>java.lang.AssertionError: expected:&lt;OK&gt; but was:&lt;RED_WINS&gt;
	at org.junit.Assert.fail(Assert.java:88)
	at org.junit.Assert.failNotEquals(Assert.java:834)
	at org.junit.Assert.assertEquals(Assert.java:118)
	at org.junit.Assert.assertEquals(Assert.java:144)
	at hanto.Test.studentThhughes.common.boardValidator.ColorWinValidatorTest.testBoardWithOneButterflyAndSurrounded(ColorWinValidatorTest.java:82)
	at sun.reflect.NativeMethodAccessorImpl.invoke0(Native Method)
	at sun.reflect.NativeMethodAccessorImpl.invoke(NativeMethodAccessorImpl.java:62)
	at sun.reflect.DelegatingMethodAccessorImpl.invoke(DelegatingMethodAccessorImpl.java:43)
	at java.lang.reflect.Method.invoke(Method.java:497)
	at org.junit.runners.model.FrameworkMethod$1.runReflectiveCall(FrameworkMethod.java:50)
	at org.junit.internal.runners.model.ReflectiveCallable.run(ReflectiveCallable.java:12)
	at org.junit.runners.model.FrameworkMethod.invokeExplosively(FrameworkMethod.java:47)
	at org.junit.internal.runners.statements.InvokeMethod.evaluate(InvokeMethod.java:17)
	at org.junit.internal.runners.statements.RunBefores.evaluate(RunBefores.java:26)
	at org.junit.runners.ParentRunner.runLeaf(ParentRunner.java:325)
	at org.junit.runners.BlockJUnit4ClassRunner.runChild(BlockJUnit4ClassRunner.java:78)
	at org.junit.runners.BlockJUnit4ClassRunner.runChild(BlockJUnit4ClassRunner.java:57)
	at org.junit.runners.ParentRunner$3.run(ParentRunner.java:290)
	at org.junit.runners.ParentRunner$1.schedule(ParentRunner.java:71)
	at org.junit.runners.ParentRunner.runChildren(ParentRunner.java:288)
	at org.junit.runners.ParentRunner.access$000(ParentRunner.java:58)
	at org.junit.runners.ParentRunner$2.evaluate(ParentRunner.java:268)
	at org.junit.runners.ParentRunner.run(ParentRunner.java:363)
	at org.eclipse.jdt.internal.junit4.runner.JUnit4TestReference.run(JUnit4TestReference.java:86)
	at org.eclipse.jdt.internal.junit.runner.TestExecution.run(TestExecution.java:38)
	at org.eclipse.jdt.internal.junit.runner.RemoteTestRunner.runTests(RemoteTestRunner.java:459)
	at org.eclipse.jdt.internal.junit.runner.RemoteTestRunner.runTests(RemoteTestRunner.java:675)
	at org.eclipse.jdt.internal.junit.runner.RemoteTestRunner.run(RemoteTestRunner.java:382)
	at org.eclipse.jdt.internal.junit.runner.RemoteTestRunner.main(RemoteTestRunner.java:192)

</failure>
    </testcase>
  </testsuite>
</testrun>
