<?xml version="1.0" encoding="UTF-8"?><testrun name="ActionFinderTest" project="Hantothhughes" tests="4" started="4" failures="0" errors="1" ignored="0">
  <testsuite name="hanto.teststudentthhughes.actionfinder.ActionFinderTest" time="0.0">
    <testcase name="testThatTheMoveHasValidLocation" classname="hanto.teststudentthhughes.actionfinder.ActionFinderTest" time="0.0"/>
    <testcase name="testThatSomethingIsReturned" classname="hanto.teststudentthhughes.actionfinder.ActionFinderTest" time="0.0"/>
    <testcase name="startingTests" classname="hanto.teststudentthhughes.actionfinder.ActionFinderTest" time="0.0"/>
    <testcase name="testThatAMoveCanBeMade" classname="hanto.teststudentthhughes.actionfinder.ActionFinderTest" time="0.0">
      <error>hanto.common.HantoException: Board Exception: Cannot place piece at null on board
	at hanto.studentthhughes.common.hantoboardandboardtools.HantoBoardImpl.checkForNulls(HantoBoardImpl.java:65)
	at hanto.studentthhughes.common.hantoboardandboardtools.HantoBoardImpl.placeOnBoard(HantoBoardImpl.java:45)
	at hanto.teststudentthhughes.actionfinder.ActionFinderTest.testThatAMoveCanBeMade(ActionFinderTest.java:153)
	at sun.reflect.NativeMethodAccessorImpl.invoke0(Native Method)
	at sun.reflect.NativeMethodAccessorImpl.invoke(NativeMethodAccessorImpl.java:62)
	at sun.reflect.DelegatingMethodAccessorImpl.invoke(DelegatingMethodAccessorImpl.java:43)
	at java.lang.reflect.Method.invoke(Method.java:497)
	at org.junit.runners.model.FrameworkMethod$1.runReflectiveCall(FrameworkMethod.java:50)
	at org.junit.internal.runners.model.ReflectiveCallable.run(ReflectiveCallable.java:12)
	at org.junit.runners.model.FrameworkMethod.invokeExplosively(FrameworkMethod.java:47)
	at org.junit.internal.runners.statements.InvokeMethod.evaluate(InvokeMethod.java:17)
	at org.junit.internal.runners.statements.RunBefores.evaluate(RunBefores.java:26)
	at org.junit.runners.ParentRunner.runLeaf(ParentRunner.java:325)
	at org.junit.runners.BlockJUnit4ClassRunner.runChild(BlockJUnit4ClassRunner.java:78)
	at org.junit.runners.BlockJUnit4ClassRunner.runChild(BlockJUnit4ClassRunner.java:57)
	at org.junit.runners.ParentRunner$3.run(ParentRunner.java:290)
	at org.junit.runners.ParentRunner$1.schedule(ParentRunner.java:71)
	at org.junit.runners.ParentRunner.runChildren(ParentRunner.java:288)
	at org.junit.runners.ParentRunner.access$000(ParentRunner.java:58)
	at org.junit.runners.ParentRunner$2.evaluate(ParentRunner.java:268)
	at org.junit.runners.ParentRunner.run(ParentRunner.java:363)
	at org.eclipse.jdt.internal.junit4.runner.JUnit4TestReference.run(JUnit4TestReference.java:86)
	at org.eclipse.jdt.internal.junit.runner.TestExecution.run(TestExecution.java:38)
	at org.eclipse.jdt.internal.junit.runner.RemoteTestRunner.runTests(RemoteTestRunner.java:459)
	at org.eclipse.jdt.internal.junit.runner.RemoteTestRunner.runTests(RemoteTestRunner.java:675)
	at org.eclipse.jdt.internal.junit.runner.RemoteTestRunner.run(RemoteTestRunner.java:382)
	at org.eclipse.jdt.internal.junit.runner.RemoteTestRunner.main(RemoteTestRunner.java:192)

</error>
    </testcase>
  </testsuite>
</testrun>
