<?xml version="1.0" encoding="UTF-8"?><testrun name="test" project="Hanto2016-Starter" tests="32" started="32" failures="1" errors="1" ignored="0">
  <testsuite name="hanto.Test.studentThhughes.alpha.AlphaHantoTest" time="0.001">
    <testcase name="redTriesToPlaceCrab" classname="hanto.Test.studentThhughes.alpha.AlphaHantoTest" time="0.0"/>
    <testcase name="blueMovesToNonOrigin" classname="hanto.Test.studentThhughes.alpha.AlphaHantoTest" time="0.0"/>
    <testcase name="redPlacesButterflyAtOrigin" classname="hanto.Test.studentThhughes.alpha.AlphaHantoTest" time="0.0"/>
    <testcase name="blueButterflyIsAtOrginAfterMove" classname="hanto.Test.studentThhughes.alpha.AlphaHantoTest" time="0.0"/>
    <testcase name="blueMakesValidFirstMove" classname="hanto.Test.studentThhughes.alpha.AlphaHantoTest" time="0.0"/>
    <testcase name="attemptToMoveAfterGameEnds" classname="hanto.Test.studentThhughes.alpha.AlphaHantoTest" time="0.0"/>
    <testcase name="redMakesValidMove" classname="hanto.Test.studentThhughes.alpha.AlphaHantoTest" time="0.0"/>
    <testcase name="blueTriesToPlaceSparrow" classname="hanto.Test.studentThhughes.alpha.AlphaHantoTest" time="0.0"/>
    <testcase name="redPlacesButterflyAtInvalidLocation" classname="hanto.Test.studentThhughes.alpha.AlphaHantoTest" time="0.0"/>
    <testcase name="redButterflyIsAtCorrectPlaceAfterRedMoves" classname="hanto.Test.studentThhughes.alpha.AlphaHantoTest" time="0.0"/>
  </testsuite>
  <testsuite name="hanto.Test.studentThhughes.beta.BetaHantoMasterTest" time="0.001">
    <testcase name="redAndBlueWinResultingInDraw" classname="hanto.Test.studentThhughes.beta.BetaHantoMasterTest" time="0.0">
      <failure>java.lang.AssertionError: expected:&lt;DRAW&gt; but was:&lt;BLUE_WINS&gt;
	at org.junit.Assert.fail(Assert.java:88)
	at org.junit.Assert.failNotEquals(Assert.java:834)
	at org.junit.Assert.assertEquals(Assert.java:118)
	at org.junit.Assert.assertEquals(Assert.java:144)
	at hanto.Test.studentThhughes.beta.BetaHantoMasterTest.redAndBlueWinResultingInDraw(BetaHantoMasterTest.java:391)
	at sun.reflect.NativeMethodAccessorImpl.invoke0(Native Method)
	at sun.reflect.NativeMethodAccessorImpl.invoke(NativeMethodAccessorImpl.java:62)
	at sun.reflect.DelegatingMethodAccessorImpl.invoke(DelegatingMethodAccessorImpl.java:43)
	at java.lang.reflect.Method.invoke(Method.java:497)
	at org.junit.runners.model.FrameworkMethod$1.runReflectiveCall(FrameworkMethod.java:50)
	at org.junit.internal.runners.model.ReflectiveCallable.run(ReflectiveCallable.java:12)
	at org.junit.runners.model.FrameworkMethod.invokeExplosively(FrameworkMethod.java:47)
	at org.junit.internal.runners.statements.InvokeMethod.evaluate(InvokeMethod.java:17)
	at org.junit.internal.runners.statements.RunBefores.evaluate(RunBefores.java:26)
	at org.junit.runners.ParentRunner.runLeaf(ParentRunner.java:325)
	at org.junit.runners.BlockJUnit4ClassRunner.runChild(BlockJUnit4ClassRunner.java:78)
	at org.junit.runners.BlockJUnit4ClassRunner.runChild(BlockJUnit4ClassRunner.java:57)
	at org.junit.runners.ParentRunner$3.run(ParentRunner.java:290)
	at org.junit.runners.ParentRunner$1.schedule(ParentRunner.java:71)
	at org.junit.runners.ParentRunner.runChildren(ParentRunner.java:288)
	at org.junit.runners.ParentRunner.access$000(ParentRunner.java:58)
	at org.junit.runners.ParentRunner$2.evaluate(ParentRunner.java:268)
	at org.junit.internal.runners.statements.RunBefores.evaluate(RunBefores.java:26)
	at org.junit.runners.ParentRunner.run(ParentRunner.java:363)
	at org.eclipse.jdt.internal.junit4.runner.JUnit4TestReference.run(JUnit4TestReference.java:86)
	at org.eclipse.jdt.internal.junit.runner.TestExecution.run(TestExecution.java:38)
	at org.eclipse.jdt.internal.junit.runner.RemoteTestRunner.runTests(RemoteTestRunner.java:459)
	at org.eclipse.jdt.internal.junit.runner.RemoteTestRunner.runTests(RemoteTestRunner.java:675)
	at org.eclipse.jdt.internal.junit.runner.RemoteTestRunner.run(RemoteTestRunner.java:382)
	at org.eclipse.jdt.internal.junit.runner.RemoteTestRunner.main(RemoteTestRunner.java:192)

</failure>
    </testcase>
    <testcase name="tryingToMakeAMoveAfterADraw" classname="hanto.Test.studentThhughes.beta.BetaHantoMasterTest" time="0.0">
      <error>java.lang.Exception: Unexpected exception, expected&lt;hanto.common.HantoException&gt; but was&lt;java.lang.AssertionError&gt;
	at org.junit.internal.runners.statements.ExpectException.evaluate(ExpectException.java:28)
	at org.junit.internal.runners.statements.RunBefores.evaluate(RunBefores.java:26)
	at org.junit.runners.ParentRunner.runLeaf(ParentRunner.java:325)
	at org.junit.runners.BlockJUnit4ClassRunner.runChild(BlockJUnit4ClassRunner.java:78)
	at org.junit.runners.BlockJUnit4ClassRunner.runChild(BlockJUnit4ClassRunner.java:57)
	at org.junit.runners.ParentRunner$3.run(ParentRunner.java:290)
	at org.junit.runners.ParentRunner$1.schedule(ParentRunner.java:71)
	at org.junit.runners.ParentRunner.runChildren(ParentRunner.java:288)
	at org.junit.runners.ParentRunner.access$000(ParentRunner.java:58)
	at org.junit.runners.ParentRunner$2.evaluate(ParentRunner.java:268)
	at org.junit.internal.runners.statements.RunBefores.evaluate(RunBefores.java:26)
	at org.junit.runners.ParentRunner.run(ParentRunner.java:363)
	at org.eclipse.jdt.internal.junit4.runner.JUnit4TestReference.run(JUnit4TestReference.java:86)
	at org.eclipse.jdt.internal.junit.runner.TestExecution.run(TestExecution.java:38)
	at org.eclipse.jdt.internal.junit.runner.RemoteTestRunner.runTests(RemoteTestRunner.java:459)
	at org.eclipse.jdt.internal.junit.runner.RemoteTestRunner.runTests(RemoteTestRunner.java:675)
	at org.eclipse.jdt.internal.junit.runner.RemoteTestRunner.run(RemoteTestRunner.java:382)
	at org.eclipse.jdt.internal.junit.runner.RemoteTestRunner.main(RemoteTestRunner.java:192)
Caused by: java.lang.AssertionError: expected:&lt;DRAW&gt; but was:&lt;BLUE_WINS&gt;
	at org.junit.Assert.fail(Assert.java:88)
	at org.junit.Assert.failNotEquals(Assert.java:834)
	at org.junit.Assert.assertEquals(Assert.java:118)
	at org.junit.Assert.assertEquals(Assert.java:144)
	at hanto.Test.studentThhughes.beta.BetaHantoMasterTest.tryingToMakeAMoveAfterADraw(BetaHantoMasterTest.java:440)
	at sun.reflect.NativeMethodAccessorImpl.invoke0(Native Method)
	at sun.reflect.NativeMethodAccessorImpl.invoke(NativeMethodAccessorImpl.java:62)
	at sun.reflect.DelegatingMethodAccessorImpl.invoke(DelegatingMethodAccessorImpl.java:43)
	at java.lang.reflect.Method.invoke(Method.java:497)
	at org.junit.runners.model.FrameworkMethod$1.runReflectiveCall(FrameworkMethod.java:50)
	at org.junit.internal.runners.model.ReflectiveCallable.run(ReflectiveCallable.java:12)
	at org.junit.runners.model.FrameworkMethod.invokeExplosively(FrameworkMethod.java:47)
	at org.junit.internal.runners.statements.InvokeMethod.evaluate(InvokeMethod.java:17)
	at org.junit.internal.runners.statements.ExpectException.evaluate(ExpectException.java:19)
	... 17 more

</error>
    </testcase>
    <testcase name="redTriesToPlaceDove" classname="hanto.Test.studentThhughes.beta.BetaHantoMasterTest" time="0.0"/>
    <testcase name="blueWinsGameOnTwelfthMove" classname="hanto.Test.studentThhughes.beta.BetaHantoMasterTest" time="0.0"/>
    <testcase name="blueTriesToPlacePieceWithNullLocation" classname="hanto.Test.studentThhughes.beta.BetaHantoMasterTest" time="0.0"/>
    <testcase name="bluePlacesInitialSparrowAtOrigin" classname="hanto.Test.studentThhughes.beta.BetaHantoMasterTest" time="0.0"/>
    <testcase name="redWinsGameOnTwelfthMove" classname="hanto.Test.studentThhughes.beta.BetaHantoMasterTest" time="0.001"/>
    <testcase name="gameEndsInDrawAfterTwelveMoves" classname="hanto.Test.studentThhughes.beta.BetaHantoMasterTest" time="0.0"/>
    <testcase name="redTriesToPlaceDoveOnFourthTurn" classname="hanto.Test.studentThhughes.beta.BetaHantoMasterTest" time="0.0"/>
    <testcase name="blueLosesInSevenTurns" classname="hanto.Test.studentThhughes.beta.BetaHantoMasterTest" time="0.0"/>
    <testcase name="redMakesinValidMoveAfterBluePlacesButterfly" classname="hanto.Test.studentThhughes.beta.BetaHantoMasterTest" time="0.0"/>
    <testcase name="redTriesToPlaceSparrowOnFourthTurn" classname="hanto.Test.studentThhughes.beta.BetaHantoMasterTest" time="0.0"/>
    <testcase name="blueTriesToPlayTwoButterflies" classname="hanto.Test.studentThhughes.beta.BetaHantoMasterTest" time="0.0"/>
    <testcase name="bluePlacesInitialSparrowAtIllegalLocation" classname="hanto.Test.studentThhughes.beta.BetaHantoMasterTest" time="0.0"/>
    <testcase name="redTriesToPlayTwoButterflies" classname="hanto.Test.studentThhughes.beta.BetaHantoMasterTest" time="0.0"/>
    <testcase name="blueMakesValidSecondMovePlacesSparrowSparrow" classname="hanto.Test.studentThhughes.beta.BetaHantoMasterTest" time="0.0"/>
    <testcase name="blueTriesToMoveSparrow" classname="hanto.Test.studentThhughes.beta.BetaHantoMasterTest" time="0.0"/>
    <testcase name="blueTriesToPlaceButterflyOnFourthTurn" classname="hanto.Test.studentThhughes.beta.BetaHantoMasterTest" time="0.0"/>
    <testcase name="blueTriesToPlaceSparrowOnFourthTurn" classname="hanto.Test.studentThhughes.beta.BetaHantoMasterTest" time="0.0"/>
    <testcase name="redMakesValidMoveAfterBluePlacesButterfly" classname="hanto.Test.studentThhughes.beta.BetaHantoMasterTest" time="0.0"/>
    <testcase name="redLosesInEightTurns" classname="hanto.Test.studentThhughes.beta.BetaHantoMasterTest" time="0.0"/>
    <testcase name="bluePlacesInitialButterflyAtOrigin" classname="hanto.Test.studentThhughes.beta.BetaHantoMasterTest" time="0.0"/>
  </testsuite>
</testrun>
