<?xml version="1.0" encoding="UTF-8"?><testrun name="GammaHantoAcceptanceTest" project="Hantothhughes" tests="21" started="21" failures="0" errors="3" ignored="0">
  <testsuite name="hanto.teststudentthhughes.gamma.GammaHantoAcceptanceTest" time="0.0">
    <testcase name="bluePlacesButterflyFirst" classname="hanto.teststudentthhughes.gamma.GammaHantoAcceptanceTest" time="0.0"/>
    <testcase name="redSelfLoses" classname="hanto.teststudentthhughes.gamma.GammaHantoAcceptanceTest" time="0.0">
      <error>hanto.common.HantoException: Move Validator Error
	at hanto.studentthhughes.common.turnactionvalidator.AbsTurnActionValidator.invalidError(AbsTurnActionValidator.java:87)
	at hanto.studentthhughes.common.turnactionvalidator.PieceSpecificTurnActionValidator.invalidError(PieceSpecificTurnActionValidator.java:54)
	at hanto.studentthhughes.common.turnactionvalidator.MasterActionValidator.isValidMove(MasterActionValidator.java:41)
	at hanto.studentthhughes.TemplateHantoGame.checkActionValidators(TemplateHantoGame.java:146)
	at hanto.studentthhughes.TemplateHantoGame.makeMove(TemplateHantoGame.java:68)
	at hanto.teststudentthhughes.gamma.GammaHantoAcceptanceTest.makeMoves(GammaHantoAcceptanceTest.java:322)
	at hanto.teststudentthhughes.gamma.GammaHantoAcceptanceTest.redSelfLoses(GammaHantoAcceptanceTest.java:194)
	at sun.reflect.NativeMethodAccessorImpl.invoke0(Native Method)
	at sun.reflect.NativeMethodAccessorImpl.invoke(NativeMethodAccessorImpl.java:62)
	at sun.reflect.DelegatingMethodAccessorImpl.invoke(DelegatingMethodAccessorImpl.java:43)
	at java.lang.reflect.Method.invoke(Method.java:497)
	at org.junit.runners.model.FrameworkMethod$1.runReflectiveCall(FrameworkMethod.java:50)
	at org.junit.internal.runners.model.ReflectiveCallable.run(ReflectiveCallable.java:12)
	at org.junit.runners.model.FrameworkMethod.invokeExplosively(FrameworkMethod.java:47)
	at org.junit.internal.runners.statements.InvokeMethod.evaluate(InvokeMethod.java:17)
	at org.junit.internal.runners.statements.RunBefores.evaluate(RunBefores.java:26)
	at org.junit.runners.ParentRunner.runLeaf(ParentRunner.java:325)
	at org.junit.runners.BlockJUnit4ClassRunner.runChild(BlockJUnit4ClassRunner.java:78)
	at org.junit.runners.BlockJUnit4ClassRunner.runChild(BlockJUnit4ClassRunner.java:57)
	at org.junit.runners.ParentRunner$3.run(ParentRunner.java:290)
	at org.junit.runners.ParentRunner$1.schedule(ParentRunner.java:71)
	at org.junit.runners.ParentRunner.runChildren(ParentRunner.java:288)
	at org.junit.runners.ParentRunner.access$000(ParentRunner.java:58)
	at org.junit.runners.ParentRunner$2.evaluate(ParentRunner.java:268)
	at org.junit.internal.runners.statements.RunBefores.evaluate(RunBefores.java:26)
	at org.junit.runners.ParentRunner.run(ParentRunner.java:363)
	at org.eclipse.jdt.internal.junit4.runner.JUnit4TestReference.run(JUnit4TestReference.java:86)
	at org.eclipse.jdt.internal.junit.runner.TestExecution.run(TestExecution.java:38)
	at org.eclipse.jdt.internal.junit.runner.RemoteTestRunner.runTests(RemoteTestRunner.java:459)
	at org.eclipse.jdt.internal.junit.runner.RemoteTestRunner.runTests(RemoteTestRunner.java:675)
	at org.eclipse.jdt.internal.junit.runner.RemoteTestRunner.run(RemoteTestRunner.java:382)
	at org.eclipse.jdt.internal.junit.runner.RemoteTestRunner.main(RemoteTestRunner.java:192)

</error>
    </testcase>
    <testcase name="tryToMoveWhenNotEnoughSpace" classname="hanto.teststudentthhughes.gamma.GammaHantoAcceptanceTest" time="0.0"/>
    <testcase name="tryToUseTooManyButterflies" classname="hanto.teststudentthhughes.gamma.GammaHantoAcceptanceTest" time="0.0"/>
    <testcase name="blueWins" classname="hanto.teststudentthhughes.gamma.GammaHantoAcceptanceTest" time="0.0">
      <error>hanto.common.HantoException: Move Validator Error
	at hanto.studentthhughes.common.turnactionvalidator.AbsTurnActionValidator.invalidError(AbsTurnActionValidator.java:87)
	at hanto.studentthhughes.common.turnactionvalidator.PieceSpecificTurnActionValidator.invalidError(PieceSpecificTurnActionValidator.java:54)
	at hanto.studentthhughes.common.turnactionvalidator.MasterActionValidator.isValidMove(MasterActionValidator.java:41)
	at hanto.studentthhughes.TemplateHantoGame.checkActionValidators(TemplateHantoGame.java:146)
	at hanto.studentthhughes.TemplateHantoGame.makeMove(TemplateHantoGame.java:68)
	at hanto.teststudentthhughes.gamma.GammaHantoAcceptanceTest.makeMoves(GammaHantoAcceptanceTest.java:322)
	at hanto.teststudentthhughes.gamma.GammaHantoAcceptanceTest.blueWins(GammaHantoAcceptanceTest.java:183)
	at sun.reflect.NativeMethodAccessorImpl.invoke0(Native Method)
	at sun.reflect.NativeMethodAccessorImpl.invoke(NativeMethodAccessorImpl.java:62)
	at sun.reflect.DelegatingMethodAccessorImpl.invoke(DelegatingMethodAccessorImpl.java:43)
	at java.lang.reflect.Method.invoke(Method.java:497)
	at org.junit.runners.model.FrameworkMethod$1.runReflectiveCall(FrameworkMethod.java:50)
	at org.junit.internal.runners.model.ReflectiveCallable.run(ReflectiveCallable.java:12)
	at org.junit.runners.model.FrameworkMethod.invokeExplosively(FrameworkMethod.java:47)
	at org.junit.internal.runners.statements.InvokeMethod.evaluate(InvokeMethod.java:17)
	at org.junit.internal.runners.statements.RunBefores.evaluate(RunBefores.java:26)
	at org.junit.runners.ParentRunner.runLeaf(ParentRunner.java:325)
	at org.junit.runners.BlockJUnit4ClassRunner.runChild(BlockJUnit4ClassRunner.java:78)
	at org.junit.runners.BlockJUnit4ClassRunner.runChild(BlockJUnit4ClassRunner.java:57)
	at org.junit.runners.ParentRunner$3.run(ParentRunner.java:290)
	at org.junit.runners.ParentRunner$1.schedule(ParentRunner.java:71)
	at org.junit.runners.ParentRunner.runChildren(ParentRunner.java:288)
	at org.junit.runners.ParentRunner.access$000(ParentRunner.java:58)
	at org.junit.runners.ParentRunner$2.evaluate(ParentRunner.java:268)
	at org.junit.internal.runners.statements.RunBefores.evaluate(RunBefores.java:26)
	at org.junit.runners.ParentRunner.run(ParentRunner.java:363)
	at org.eclipse.jdt.internal.junit4.runner.JUnit4TestReference.run(JUnit4TestReference.java:86)
	at org.eclipse.jdt.internal.junit.runner.TestExecution.run(TestExecution.java:38)
	at org.eclipse.jdt.internal.junit.runner.RemoteTestRunner.runTests(RemoteTestRunner.java:459)
	at org.eclipse.jdt.internal.junit.runner.RemoteTestRunner.runTests(RemoteTestRunner.java:675)
	at org.eclipse.jdt.internal.junit.runner.RemoteTestRunner.run(RemoteTestRunner.java:382)
	at org.eclipse.jdt.internal.junit.runner.RemoteTestRunner.main(RemoteTestRunner.java:192)

</error>
    </testcase>
    <testcase name="butterflyNotPlacedByFourthMoveByFirstPlayer" classname="hanto.teststudentthhughes.gamma.GammaHantoAcceptanceTest" time="0.0"/>
    <testcase name="moveToDisconnectConfiguration" classname="hanto.teststudentthhughes.gamma.GammaHantoAcceptanceTest" time="0.0"/>
    <testcase name="moveFromEmptyHex" classname="hanto.teststudentthhughes.gamma.GammaHantoAcceptanceTest" time="0.0"/>
    <testcase name="moveSparrowToOccupiedHex" classname="hanto.teststudentthhughes.gamma.GammaHantoAcceptanceTest" time="0.0"/>
    <testcase name="tryToPlacePieceNextToOpponent" classname="hanto.teststudentthhughes.gamma.GammaHantoAcceptanceTest" time="0.0"/>
    <testcase name="blueMovesSparrow" classname="hanto.teststudentthhughes.gamma.GammaHantoAcceptanceTest" time="0.0"/>
    <testcase name="tryToMoveWrongColorPiece" classname="hanto.teststudentthhughes.gamma.GammaHantoAcceptanceTest" time="0.0"/>
    <testcase name="butterflyNotPlacedByFourthMoveBySecondPlayer" classname="hanto.teststudentthhughes.gamma.GammaHantoAcceptanceTest" time="0.0"/>
    <testcase name="tryToMoveTooFar" classname="hanto.teststudentthhughes.gamma.GammaHantoAcceptanceTest" time="0.0"/>
    <testcase name="tryToMoveWrongPieceType" classname="hanto.teststudentthhughes.gamma.GammaHantoAcceptanceTest" time="0.0"/>
    <testcase name="tryToUseTooManySparrows" classname="hanto.teststudentthhughes.gamma.GammaHantoAcceptanceTest" time="0.0"/>
    <testcase name="moveButterflyToSameHex" classname="hanto.teststudentthhughes.gamma.GammaHantoAcceptanceTest" time="0.0"/>
    <testcase name="drawAfterTwentyTurns" classname="hanto.teststudentthhughes.gamma.GammaHantoAcceptanceTest" time="0.0">
      <error>hanto.common.HantoException: Move Validator Error
	at hanto.studentthhughes.common.turnactionvalidator.AbsTurnActionValidator.invalidError(AbsTurnActionValidator.java:87)
	at hanto.studentthhughes.common.turnactionvalidator.PieceSpecificTurnActionValidator.invalidError(PieceSpecificTurnActionValidator.java:54)
	at hanto.studentthhughes.common.turnactionvalidator.MasterActionValidator.isValidMove(MasterActionValidator.java:41)
	at hanto.studentthhughes.TemplateHantoGame.checkActionValidators(TemplateHantoGame.java:146)
	at hanto.studentthhughes.TemplateHantoGame.makeMove(TemplateHantoGame.java:68)
	at hanto.teststudentthhughes.gamma.GammaHantoAcceptanceTest.makeMoves(GammaHantoAcceptanceTest.java:322)
	at hanto.teststudentthhughes.gamma.GammaHantoAcceptanceTest.drawAfterTwentyTurns(GammaHantoAcceptanceTest.java:212)
	at sun.reflect.NativeMethodAccessorImpl.invoke0(Native Method)
	at sun.reflect.NativeMethodAccessorImpl.invoke(NativeMethodAccessorImpl.java:62)
	at sun.reflect.DelegatingMethodAccessorImpl.invoke(DelegatingMethodAccessorImpl.java:43)
	at java.lang.reflect.Method.invoke(Method.java:497)
	at org.junit.runners.model.FrameworkMethod$1.runReflectiveCall(FrameworkMethod.java:50)
	at org.junit.internal.runners.model.ReflectiveCallable.run(ReflectiveCallable.java:12)
	at org.junit.runners.model.FrameworkMethod.invokeExplosively(FrameworkMethod.java:47)
	at org.junit.internal.runners.statements.InvokeMethod.evaluate(InvokeMethod.java:17)
	at org.junit.internal.runners.statements.RunBefores.evaluate(RunBefores.java:26)
	at org.junit.runners.ParentRunner.runLeaf(ParentRunner.java:325)
	at org.junit.runners.BlockJUnit4ClassRunner.runChild(BlockJUnit4ClassRunner.java:78)
	at org.junit.runners.BlockJUnit4ClassRunner.runChild(BlockJUnit4ClassRunner.java:57)
	at org.junit.runners.ParentRunner$3.run(ParentRunner.java:290)
	at org.junit.runners.ParentRunner$1.schedule(ParentRunner.java:71)
	at org.junit.runners.ParentRunner.runChildren(ParentRunner.java:288)
	at org.junit.runners.ParentRunner.access$000(ParentRunner.java:58)
	at org.junit.runners.ParentRunner$2.evaluate(ParentRunner.java:268)
	at org.junit.internal.runners.statements.RunBefores.evaluate(RunBefores.java:26)
	at org.junit.runners.ParentRunner.run(ParentRunner.java:363)
	at org.eclipse.jdt.internal.junit4.runner.JUnit4TestReference.run(JUnit4TestReference.java:86)
	at org.eclipse.jdt.internal.junit.runner.TestExecution.run(TestExecution.java:38)
	at org.eclipse.jdt.internal.junit.runner.RemoteTestRunner.runTests(RemoteTestRunner.java:459)
	at org.eclipse.jdt.internal.junit.runner.RemoteTestRunner.runTests(RemoteTestRunner.java:675)
	at org.eclipse.jdt.internal.junit.runner.RemoteTestRunner.run(RemoteTestRunner.java:382)
	at org.eclipse.jdt.internal.junit.runner.RemoteTestRunner.main(RemoteTestRunner.java:192)

</error>
    </testcase>
    <testcase name="tryToMoveAfterGameIsOver" classname="hanto.teststudentthhughes.gamma.GammaHantoAcceptanceTest" time="0.0"/>
    <testcase name="tryToUsePieceNotInGame" classname="hanto.teststudentthhughes.gamma.GammaHantoAcceptanceTest" time="0.0"/>
    <testcase name="redPlacesSparrowFirst" classname="hanto.teststudentthhughes.gamma.GammaHantoAcceptanceTest" time="0.0"/>
  </testsuite>
</testrun>
