<?xml version="1.0" encoding="UTF-8"?><testrun name="hanto.teststudentthhughes.delta" project="Hantothhughes" tests="159" started="159" failures="0" errors="45" ignored="0">
  <testsuite name="hanto.teststudentthhughes.delta.DeltaUniqueTests" time="0.005">
    <testcase name="canPlaceACrab" classname="hanto.teststudentthhughes.delta.DeltaUniqueTests" time="0.0"/>
    <testcase name="testMovingCorrectPieceButterflyIsWrongPieceType" classname="hanto.teststudentthhughes.delta.DeltaUniqueTests" time="0.0"/>
    <testcase name="crabMovesFourPlace" classname="hanto.teststudentthhughes.delta.DeltaUniqueTests" time="0.0"/>
    <testcase name="redWinsWhenBlueSurrenders" classname="hanto.teststudentthhughes.delta.DeltaUniqueTests" time="0.0"/>
    <testcase name="butterflyMovesOneHex" classname="hanto.teststudentthhughes.delta.DeltaUniqueTests" time="0.0">
      <error>hanto.common.HantoException: Invalid Piece Exception
	at hanto.studentthhughes.common.turnactionvalidator.moveandplacechecks.GeneralActionValidator.invalidError(GeneralActionValidator.java:288)
	at hanto.studentthhughes.common.turnactionvalidator.MasterActionValidator.isValidMove(MasterActionValidator.java:41)
	at hanto.studentthhughes.TemplateHantoGame.checkActionValidators(TemplateHantoGame.java:190)
	at hanto.studentthhughes.TemplateHantoGame.makeMove(TemplateHantoGame.java:84)
	at hanto.teststudentthhughes.delta.DeltaUniqueTests.makeMoves(DeltaUniqueTests.java:313)
	at hanto.teststudentthhughes.delta.DeltaUniqueTests.butterflyMovesOneHex(DeltaUniqueTests.java:153)
	at sun.reflect.NativeMethodAccessorImpl.invoke0(Native Method)
	at sun.reflect.NativeMethodAccessorImpl.invoke(NativeMethodAccessorImpl.java:62)
	at sun.reflect.DelegatingMethodAccessorImpl.invoke(DelegatingMethodAccessorImpl.java:43)
	at java.lang.reflect.Method.invoke(Method.java:497)
	at org.junit.runners.model.FrameworkMethod$1.runReflectiveCall(FrameworkMethod.java:50)
	at org.junit.internal.runners.model.ReflectiveCallable.run(ReflectiveCallable.java:12)
	at org.junit.runners.model.FrameworkMethod.invokeExplosively(FrameworkMethod.java:47)
	at org.junit.internal.runners.statements.InvokeMethod.evaluate(InvokeMethod.java:17)
	at org.junit.internal.runners.statements.RunBefores.evaluate(RunBefores.java:26)
	at org.junit.runners.ParentRunner.runLeaf(ParentRunner.java:325)
	at org.junit.runners.BlockJUnit4ClassRunner.runChild(BlockJUnit4ClassRunner.java:78)
	at org.junit.runners.BlockJUnit4ClassRunner.runChild(BlockJUnit4ClassRunner.java:57)
	at org.junit.runners.ParentRunner$3.run(ParentRunner.java:290)
	at org.junit.runners.ParentRunner$1.schedule(ParentRunner.java:71)
	at org.junit.runners.ParentRunner.runChildren(ParentRunner.java:288)
	at org.junit.runners.ParentRunner.access$000(ParentRunner.java:58)
	at org.junit.runners.ParentRunner$2.evaluate(ParentRunner.java:268)
	at org.junit.internal.runners.statements.RunBefores.evaluate(RunBefores.java:26)
	at org.junit.runners.ParentRunner.run(ParentRunner.java:363)
	at org.eclipse.jdt.internal.junit4.runner.JUnit4TestReference.run(JUnit4TestReference.java:86)
	at org.eclipse.jdt.internal.junit.runner.TestExecution.run(TestExecution.java:38)
	at org.eclipse.jdt.internal.junit.runner.RemoteTestRunner.runTests(RemoteTestRunner.java:459)
	at org.eclipse.jdt.internal.junit.runner.RemoteTestRunner.runTests(RemoteTestRunner.java:675)
	at org.eclipse.jdt.internal.junit.runner.RemoteTestRunner.run(RemoteTestRunner.java:382)
	at org.eclipse.jdt.internal.junit.runner.RemoteTestRunner.main(RemoteTestRunner.java:192)

</error>
    </testcase>
    <testcase name="butterflyMovesTwoHex" classname="hanto.teststudentthhughes.delta.DeltaUniqueTests" time="0.0"/>
    <testcase name="sparrowMovesOneHex" classname="hanto.teststudentthhughes.delta.DeltaUniqueTests" time="0.0">
      <error>hanto.common.HantoException: Invalid Piece Exception
	at hanto.studentthhughes.common.turnactionvalidator.moveandplacechecks.GeneralActionValidator.invalidError(GeneralActionValidator.java:288)
	at hanto.studentthhughes.common.turnactionvalidator.MasterActionValidator.isValidMove(MasterActionValidator.java:41)
	at hanto.studentthhughes.TemplateHantoGame.checkActionValidators(TemplateHantoGame.java:190)
	at hanto.studentthhughes.TemplateHantoGame.makeMove(TemplateHantoGame.java:84)
	at hanto.teststudentthhughes.delta.DeltaUniqueTests.makeMoves(DeltaUniqueTests.java:313)
	at hanto.teststudentthhughes.delta.DeltaUniqueTests.sparrowMovesOneHex(DeltaUniqueTests.java:172)
	at sun.reflect.NativeMethodAccessorImpl.invoke0(Native Method)
	at sun.reflect.NativeMethodAccessorImpl.invoke(NativeMethodAccessorImpl.java:62)
	at sun.reflect.DelegatingMethodAccessorImpl.invoke(DelegatingMethodAccessorImpl.java:43)
	at java.lang.reflect.Method.invoke(Method.java:497)
	at org.junit.runners.model.FrameworkMethod$1.runReflectiveCall(FrameworkMethod.java:50)
	at org.junit.internal.runners.model.ReflectiveCallable.run(ReflectiveCallable.java:12)
	at org.junit.runners.model.FrameworkMethod.invokeExplosively(FrameworkMethod.java:47)
	at org.junit.internal.runners.statements.InvokeMethod.evaluate(InvokeMethod.java:17)
	at org.junit.internal.runners.statements.RunBefores.evaluate(RunBefores.java:26)
	at org.junit.runners.ParentRunner.runLeaf(ParentRunner.java:325)
	at org.junit.runners.BlockJUnit4ClassRunner.runChild(BlockJUnit4ClassRunner.java:78)
	at org.junit.runners.BlockJUnit4ClassRunner.runChild(BlockJUnit4ClassRunner.java:57)
	at org.junit.runners.ParentRunner$3.run(ParentRunner.java:290)
	at org.junit.runners.ParentRunner$1.schedule(ParentRunner.java:71)
	at org.junit.runners.ParentRunner.runChildren(ParentRunner.java:288)
	at org.junit.runners.ParentRunner.access$000(ParentRunner.java:58)
	at org.junit.runners.ParentRunner$2.evaluate(ParentRunner.java:268)
	at org.junit.internal.runners.statements.RunBefores.evaluate(RunBefores.java:26)
	at org.junit.runners.ParentRunner.run(ParentRunner.java:363)
	at org.eclipse.jdt.internal.junit4.runner.JUnit4TestReference.run(JUnit4TestReference.java:86)
	at org.eclipse.jdt.internal.junit.runner.TestExecution.run(TestExecution.java:38)
	at org.eclipse.jdt.internal.junit.runner.RemoteTestRunner.runTests(RemoteTestRunner.java:459)
	at org.eclipse.jdt.internal.junit.runner.RemoteTestRunner.runTests(RemoteTestRunner.java:675)
	at org.eclipse.jdt.internal.junit.runner.RemoteTestRunner.run(RemoteTestRunner.java:382)
	at org.eclipse.jdt.internal.junit.runner.RemoteTestRunner.main(RemoteTestRunner.java:192)

</error>
    </testcase>
    <testcase name="crabMovesThreePlace" classname="hanto.teststudentthhughes.delta.DeltaUniqueTests" time="0.0">
      <error>hanto.common.HantoException: Invalid Piece Exception
	at hanto.studentthhughes.common.turnactionvalidator.moveandplacechecks.GeneralActionValidator.invalidError(GeneralActionValidator.java:288)
	at hanto.studentthhughes.common.turnactionvalidator.MasterActionValidator.isValidMove(MasterActionValidator.java:41)
	at hanto.studentthhughes.TemplateHantoGame.checkActionValidators(TemplateHantoGame.java:190)
	at hanto.studentthhughes.TemplateHantoGame.makeMove(TemplateHantoGame.java:84)
	at hanto.teststudentthhughes.delta.DeltaUniqueTests.makeMoves(DeltaUniqueTests.java:313)
	at hanto.teststudentthhughes.delta.DeltaUniqueTests.crabMovesThreePlace(DeltaUniqueTests.java:135)
	at sun.reflect.NativeMethodAccessorImpl.invoke0(Native Method)
	at sun.reflect.NativeMethodAccessorImpl.invoke(NativeMethodAccessorImpl.java:62)
	at sun.reflect.DelegatingMethodAccessorImpl.invoke(DelegatingMethodAccessorImpl.java:43)
	at java.lang.reflect.Method.invoke(Method.java:497)
	at org.junit.runners.model.FrameworkMethod$1.runReflectiveCall(FrameworkMethod.java:50)
	at org.junit.internal.runners.model.ReflectiveCallable.run(ReflectiveCallable.java:12)
	at org.junit.runners.model.FrameworkMethod.invokeExplosively(FrameworkMethod.java:47)
	at org.junit.internal.runners.statements.InvokeMethod.evaluate(InvokeMethod.java:17)
	at org.junit.internal.runners.statements.RunBefores.evaluate(RunBefores.java:26)
	at org.junit.runners.ParentRunner.runLeaf(ParentRunner.java:325)
	at org.junit.runners.BlockJUnit4ClassRunner.runChild(BlockJUnit4ClassRunner.java:78)
	at org.junit.runners.BlockJUnit4ClassRunner.runChild(BlockJUnit4ClassRunner.java:57)
	at org.junit.runners.ParentRunner$3.run(ParentRunner.java:290)
	at org.junit.runners.ParentRunner$1.schedule(ParentRunner.java:71)
	at org.junit.runners.ParentRunner.runChildren(ParentRunner.java:288)
	at org.junit.runners.ParentRunner.access$000(ParentRunner.java:58)
	at org.junit.runners.ParentRunner$2.evaluate(ParentRunner.java:268)
	at org.junit.internal.runners.statements.RunBefores.evaluate(RunBefores.java:26)
	at org.junit.runners.ParentRunner.run(ParentRunner.java:363)
	at org.eclipse.jdt.internal.junit4.runner.JUnit4TestReference.run(JUnit4TestReference.java:86)
	at org.eclipse.jdt.internal.junit.runner.TestExecution.run(TestExecution.java:38)
	at org.eclipse.jdt.internal.junit.runner.RemoteTestRunner.runTests(RemoteTestRunner.java:459)
	at org.eclipse.jdt.internal.junit.runner.RemoteTestRunner.runTests(RemoteTestRunner.java:675)
	at org.eclipse.jdt.internal.junit.runner.RemoteTestRunner.run(RemoteTestRunner.java:382)
	at org.eclipse.jdt.internal.junit.runner.RemoteTestRunner.main(RemoteTestRunner.java:192)

</error>
    </testcase>
    <testcase name="sparrowMovesTwoHex" classname="hanto.teststudentthhughes.delta.DeltaUniqueTests" time="0.0">
      <error>hanto.common.HantoException: Invalid Piece Exception
	at hanto.studentthhughes.common.turnactionvalidator.moveandplacechecks.GeneralActionValidator.invalidError(GeneralActionValidator.java:288)
	at hanto.studentthhughes.common.turnactionvalidator.MasterActionValidator.isValidMove(MasterActionValidator.java:41)
	at hanto.studentthhughes.TemplateHantoGame.checkActionValidators(TemplateHantoGame.java:190)
	at hanto.studentthhughes.TemplateHantoGame.makeMove(TemplateHantoGame.java:84)
	at hanto.teststudentthhughes.delta.DeltaUniqueTests.makeMoves(DeltaUniqueTests.java:313)
	at hanto.teststudentthhughes.delta.DeltaUniqueTests.sparrowMovesTwoHex(DeltaUniqueTests.java:183)
	at sun.reflect.NativeMethodAccessorImpl.invoke0(Native Method)
	at sun.reflect.NativeMethodAccessorImpl.invoke(NativeMethodAccessorImpl.java:62)
	at sun.reflect.DelegatingMethodAccessorImpl.invoke(DelegatingMethodAccessorImpl.java:43)
	at java.lang.reflect.Method.invoke(Method.java:497)
	at org.junit.runners.model.FrameworkMethod$1.runReflectiveCall(FrameworkMethod.java:50)
	at org.junit.internal.runners.model.ReflectiveCallable.run(ReflectiveCallable.java:12)
	at org.junit.runners.model.FrameworkMethod.invokeExplosively(FrameworkMethod.java:47)
	at org.junit.internal.runners.statements.InvokeMethod.evaluate(InvokeMethod.java:17)
	at org.junit.internal.runners.statements.RunBefores.evaluate(RunBefores.java:26)
	at org.junit.runners.ParentRunner.runLeaf(ParentRunner.java:325)
	at org.junit.runners.BlockJUnit4ClassRunner.runChild(BlockJUnit4ClassRunner.java:78)
	at org.junit.runners.BlockJUnit4ClassRunner.runChild(BlockJUnit4ClassRunner.java:57)
	at org.junit.runners.ParentRunner$3.run(ParentRunner.java:290)
	at org.junit.runners.ParentRunner$1.schedule(ParentRunner.java:71)
	at org.junit.runners.ParentRunner.runChildren(ParentRunner.java:288)
	at org.junit.runners.ParentRunner.access$000(ParentRunner.java:58)
	at org.junit.runners.ParentRunner$2.evaluate(ParentRunner.java:268)
	at org.junit.internal.runners.statements.RunBefores.evaluate(RunBefores.java:26)
	at org.junit.runners.ParentRunner.run(ParentRunner.java:363)
	at org.eclipse.jdt.internal.junit4.runner.JUnit4TestReference.run(JUnit4TestReference.java:86)
	at org.eclipse.jdt.internal.junit.runner.TestExecution.run(TestExecution.java:38)
	at org.eclipse.jdt.internal.junit.runner.RemoteTestRunner.runTests(RemoteTestRunner.java:459)
	at org.eclipse.jdt.internal.junit.runner.RemoteTestRunner.runTests(RemoteTestRunner.java:675)
	at org.eclipse.jdt.internal.junit.runner.RemoteTestRunner.run(RemoteTestRunner.java:382)
	at org.eclipse.jdt.internal.junit.runner.RemoteTestRunner.main(RemoteTestRunner.java:192)

</error>
    </testcase>
    <testcase name="sparrowFlysTwoHex" classname="hanto.teststudentthhughes.delta.DeltaUniqueTests" time="0.0">
      <error>hanto.common.HantoException: Invalid Piece Exception
	at hanto.studentthhughes.common.turnactionvalidator.moveandplacechecks.GeneralActionValidator.invalidError(GeneralActionValidator.java:288)
	at hanto.studentthhughes.common.turnactionvalidator.MasterActionValidator.isValidMove(MasterActionValidator.java:41)
	at hanto.studentthhughes.TemplateHantoGame.checkActionValidators(TemplateHantoGame.java:190)
	at hanto.studentthhughes.TemplateHantoGame.makeMove(TemplateHantoGame.java:84)
	at hanto.teststudentthhughes.delta.DeltaUniqueTests.makeMoves(DeltaUniqueTests.java:313)
	at hanto.teststudentthhughes.delta.DeltaUniqueTests.sparrowFlysTwoHex(DeltaUniqueTests.java:194)
	at sun.reflect.NativeMethodAccessorImpl.invoke0(Native Method)
	at sun.reflect.NativeMethodAccessorImpl.invoke(NativeMethodAccessorImpl.java:62)
	at sun.reflect.DelegatingMethodAccessorImpl.invoke(DelegatingMethodAccessorImpl.java:43)
	at java.lang.reflect.Method.invoke(Method.java:497)
	at org.junit.runners.model.FrameworkMethod$1.runReflectiveCall(FrameworkMethod.java:50)
	at org.junit.internal.runners.model.ReflectiveCallable.run(ReflectiveCallable.java:12)
	at org.junit.runners.model.FrameworkMethod.invokeExplosively(FrameworkMethod.java:47)
	at org.junit.internal.runners.statements.InvokeMethod.evaluate(InvokeMethod.java:17)
	at org.junit.internal.runners.statements.RunBefores.evaluate(RunBefores.java:26)
	at org.junit.runners.ParentRunner.runLeaf(ParentRunner.java:325)
	at org.junit.runners.BlockJUnit4ClassRunner.runChild(BlockJUnit4ClassRunner.java:78)
	at org.junit.runners.BlockJUnit4ClassRunner.runChild(BlockJUnit4ClassRunner.java:57)
	at org.junit.runners.ParentRunner$3.run(ParentRunner.java:290)
	at org.junit.runners.ParentRunner$1.schedule(ParentRunner.java:71)
	at org.junit.runners.ParentRunner.runChildren(ParentRunner.java:288)
	at org.junit.runners.ParentRunner.access$000(ParentRunner.java:58)
	at org.junit.runners.ParentRunner$2.evaluate(ParentRunner.java:268)
	at org.junit.internal.runners.statements.RunBefores.evaluate(RunBefores.java:26)
	at org.junit.runners.ParentRunner.run(ParentRunner.java:363)
	at org.eclipse.jdt.internal.junit4.runner.JUnit4TestReference.run(JUnit4TestReference.java:86)
	at org.eclipse.jdt.internal.junit.runner.TestExecution.run(TestExecution.java:38)
	at org.eclipse.jdt.internal.junit.runner.RemoteTestRunner.runTests(RemoteTestRunner.java:459)
	at org.eclipse.jdt.internal.junit.runner.RemoteTestRunner.runTests(RemoteTestRunner.java:675)
	at org.eclipse.jdt.internal.junit.runner.RemoteTestRunner.run(RemoteTestRunner.java:382)
	at org.eclipse.jdt.internal.junit.runner.RemoteTestRunner.main(RemoteTestRunner.java:192)

</error>
    </testcase>
    <testcase name="testMovingCorrectPieceCrabIsWrongPieceType" classname="hanto.teststudentthhughes.delta.DeltaUniqueTests" time="0.0"/>
    <testcase name="gameEndsAfterSomeoneSurrenders" classname="hanto.teststudentthhughes.delta.DeltaUniqueTests" time="0.0"/>
    <testcase name="crabMovesTwoPlace" classname="hanto.teststudentthhughes.delta.DeltaUniqueTests" time="0.0">
      <error>hanto.common.HantoException: Invalid Piece Exception
	at hanto.studentthhughes.common.turnactionvalidator.moveandplacechecks.GeneralActionValidator.invalidError(GeneralActionValidator.java:288)
	at hanto.studentthhughes.common.turnactionvalidator.MasterActionValidator.isValidMove(MasterActionValidator.java:41)
	at hanto.studentthhughes.TemplateHantoGame.checkActionValidators(TemplateHantoGame.java:190)
	at hanto.studentthhughes.TemplateHantoGame.makeMove(TemplateHantoGame.java:84)
	at hanto.teststudentthhughes.delta.DeltaUniqueTests.makeMoves(DeltaUniqueTests.java:313)
	at hanto.teststudentthhughes.delta.DeltaUniqueTests.crabMovesTwoPlace(DeltaUniqueTests.java:125)
	at sun.reflect.NativeMethodAccessorImpl.invoke0(Native Method)
	at sun.reflect.NativeMethodAccessorImpl.invoke(NativeMethodAccessorImpl.java:62)
	at sun.reflect.DelegatingMethodAccessorImpl.invoke(DelegatingMethodAccessorImpl.java:43)
	at java.lang.reflect.Method.invoke(Method.java:497)
	at org.junit.runners.model.FrameworkMethod$1.runReflectiveCall(FrameworkMethod.java:50)
	at org.junit.internal.runners.model.ReflectiveCallable.run(ReflectiveCallable.java:12)
	at org.junit.runners.model.FrameworkMethod.invokeExplosively(FrameworkMethod.java:47)
	at org.junit.internal.runners.statements.InvokeMethod.evaluate(InvokeMethod.java:17)
	at org.junit.internal.runners.statements.RunBefores.evaluate(RunBefores.java:26)
	at org.junit.runners.ParentRunner.runLeaf(ParentRunner.java:325)
	at org.junit.runners.BlockJUnit4ClassRunner.runChild(BlockJUnit4ClassRunner.java:78)
	at org.junit.runners.BlockJUnit4ClassRunner.runChild(BlockJUnit4ClassRunner.java:57)
	at org.junit.runners.ParentRunner$3.run(ParentRunner.java:290)
	at org.junit.runners.ParentRunner$1.schedule(ParentRunner.java:71)
	at org.junit.runners.ParentRunner.runChildren(ParentRunner.java:288)
	at org.junit.runners.ParentRunner.access$000(ParentRunner.java:58)
	at org.junit.runners.ParentRunner$2.evaluate(ParentRunner.java:268)
	at org.junit.internal.runners.statements.RunBefores.evaluate(RunBefores.java:26)
	at org.junit.runners.ParentRunner.run(ParentRunner.java:363)
	at org.eclipse.jdt.internal.junit4.runner.JUnit4TestReference.run(JUnit4TestReference.java:86)
	at org.eclipse.jdt.internal.junit.runner.TestExecution.run(TestExecution.java:38)
	at org.eclipse.jdt.internal.junit.runner.RemoteTestRunner.runTests(RemoteTestRunner.java:459)
	at org.eclipse.jdt.internal.junit.runner.RemoteTestRunner.runTests(RemoteTestRunner.java:675)
	at org.eclipse.jdt.internal.junit.runner.RemoteTestRunner.run(RemoteTestRunner.java:382)
	at org.eclipse.jdt.internal.junit.runner.RemoteTestRunner.main(RemoteTestRunner.java:192)

</error>
    </testcase>
    <testcase name="crabMovesOnePlace" classname="hanto.teststudentthhughes.delta.DeltaUniqueTests" time="0.001">
      <error>hanto.common.HantoException: Invalid Piece Exception
	at hanto.studentthhughes.common.turnactionvalidator.moveandplacechecks.GeneralActionValidator.invalidError(GeneralActionValidator.java:288)
	at hanto.studentthhughes.common.turnactionvalidator.MasterActionValidator.isValidMove(MasterActionValidator.java:41)
	at hanto.studentthhughes.TemplateHantoGame.checkActionValidators(TemplateHantoGame.java:190)
	at hanto.studentthhughes.TemplateHantoGame.makeMove(TemplateHantoGame.java:84)
	at hanto.teststudentthhughes.delta.DeltaUniqueTests.makeMoves(DeltaUniqueTests.java:313)
	at hanto.teststudentthhughes.delta.DeltaUniqueTests.crabMovesOnePlace(DeltaUniqueTests.java:115)
	at sun.reflect.NativeMethodAccessorImpl.invoke0(Native Method)
	at sun.reflect.NativeMethodAccessorImpl.invoke(NativeMethodAccessorImpl.java:62)
	at sun.reflect.DelegatingMethodAccessorImpl.invoke(DelegatingMethodAccessorImpl.java:43)
	at java.lang.reflect.Method.invoke(Method.java:497)
	at org.junit.runners.model.FrameworkMethod$1.runReflectiveCall(FrameworkMethod.java:50)
	at org.junit.internal.runners.model.ReflectiveCallable.run(ReflectiveCallable.java:12)
	at org.junit.runners.model.FrameworkMethod.invokeExplosively(FrameworkMethod.java:47)
	at org.junit.internal.runners.statements.InvokeMethod.evaluate(InvokeMethod.java:17)
	at org.junit.internal.runners.statements.RunBefores.evaluate(RunBefores.java:26)
	at org.junit.runners.ParentRunner.runLeaf(ParentRunner.java:325)
	at org.junit.runners.BlockJUnit4ClassRunner.runChild(BlockJUnit4ClassRunner.java:78)
	at org.junit.runners.BlockJUnit4ClassRunner.runChild(BlockJUnit4ClassRunner.java:57)
	at org.junit.runners.ParentRunner$3.run(ParentRunner.java:290)
	at org.junit.runners.ParentRunner$1.schedule(ParentRunner.java:71)
	at org.junit.runners.ParentRunner.runChildren(ParentRunner.java:288)
	at org.junit.runners.ParentRunner.access$000(ParentRunner.java:58)
	at org.junit.runners.ParentRunner$2.evaluate(ParentRunner.java:268)
	at org.junit.internal.runners.statements.RunBefores.evaluate(RunBefores.java:26)
	at org.junit.runners.ParentRunner.run(ParentRunner.java:363)
	at org.eclipse.jdt.internal.junit4.runner.JUnit4TestReference.run(JUnit4TestReference.java:86)
	at org.eclipse.jdt.internal.junit.runner.TestExecution.run(TestExecution.java:38)
	at org.eclipse.jdt.internal.junit.runner.RemoteTestRunner.runTests(RemoteTestRunner.java:459)
	at org.eclipse.jdt.internal.junit.runner.RemoteTestRunner.runTests(RemoteTestRunner.java:675)
	at org.eclipse.jdt.internal.junit.runner.RemoteTestRunner.run(RemoteTestRunner.java:382)
	at org.eclipse.jdt.internal.junit.runner.RemoteTestRunner.main(RemoteTestRunner.java:192)

</error>
    </testcase>
    <testcase name="sparrowFlysFourHex" classname="hanto.teststudentthhughes.delta.DeltaUniqueTests" time="0.001"/>
    <testcase name="testMovingPieceInvalidLocation" classname="hanto.teststudentthhughes.delta.DeltaUniqueTests" time="0.001"/>
    <testcase name="blueWinsWhenRedSurrenders" classname="hanto.teststudentthhughes.delta.DeltaUniqueTests" time="0.001"/>
  </testsuite>
  <testsuite name="hanto.teststudentthhughes.delta.GammaTestsFromMeOnDelta" time="0.008">
    <testcase name="testPassingNullTo" classname="hanto.teststudentthhughes.delta.GammaTestsFromMeOnDelta" time="0.0"/>
    <testcase name="movePieceThatDoesntExistEGWrongLocation" classname="hanto.teststudentthhughes.delta.GammaTestsFromMeOnDelta" time="0.001"/>
    <testcase name="testGameOver" classname="hanto.teststudentthhughes.delta.GammaTestsFromMeOnDelta" time="0.0"/>
    <testcase name="testMovingMostlyNotSurroundedPiece" classname="hanto.teststudentthhughes.delta.GammaTestsFromMeOnDelta" time="0.001">
      <error>hanto.common.HantoException: Invalid Piece Exception
	at hanto.studentthhughes.common.turnactionvalidator.moveandplacechecks.GeneralActionValidator.invalidError(GeneralActionValidator.java:288)
	at hanto.studentthhughes.common.turnactionvalidator.MasterActionValidator.isValidMove(MasterActionValidator.java:41)
	at hanto.studentthhughes.TemplateHantoGame.checkActionValidators(TemplateHantoGame.java:190)
	at hanto.studentthhughes.TemplateHantoGame.makeMove(TemplateHantoGame.java:84)
	at hanto.teststudentthhughes.delta.GammaTestsFromMeOnDelta.testMovingMostlyNotSurroundedPiece(GammaTestsFromMeOnDelta.java:141)
	at sun.reflect.NativeMethodAccessorImpl.invoke0(Native Method)
	at sun.reflect.NativeMethodAccessorImpl.invoke(NativeMethodAccessorImpl.java:62)
	at sun.reflect.DelegatingMethodAccessorImpl.invoke(DelegatingMethodAccessorImpl.java:43)
	at java.lang.reflect.Method.invoke(Method.java:497)
	at org.junit.runners.model.FrameworkMethod$1.runReflectiveCall(FrameworkMethod.java:50)
	at org.junit.internal.runners.model.ReflectiveCallable.run(ReflectiveCallable.java:12)
	at org.junit.runners.model.FrameworkMethod.invokeExplosively(FrameworkMethod.java:47)
	at org.junit.internal.runners.statements.InvokeMethod.evaluate(InvokeMethod.java:17)
	at org.junit.internal.runners.statements.RunBefores.evaluate(RunBefores.java:26)
	at org.junit.runners.ParentRunner.runLeaf(ParentRunner.java:325)
	at org.junit.runners.BlockJUnit4ClassRunner.runChild(BlockJUnit4ClassRunner.java:78)
	at org.junit.runners.BlockJUnit4ClassRunner.runChild(BlockJUnit4ClassRunner.java:57)
	at org.junit.runners.ParentRunner$3.run(ParentRunner.java:290)
	at org.junit.runners.ParentRunner$1.schedule(ParentRunner.java:71)
	at org.junit.runners.ParentRunner.runChildren(ParentRunner.java:288)
	at org.junit.runners.ParentRunner.access$000(ParentRunner.java:58)
	at org.junit.runners.ParentRunner$2.evaluate(ParentRunner.java:268)
	at org.junit.internal.runners.statements.RunBefores.evaluate(RunBefores.java:26)
	at org.junit.runners.ParentRunner.run(ParentRunner.java:363)
	at org.eclipse.jdt.internal.junit4.runner.JUnit4TestReference.run(JUnit4TestReference.java:86)
	at org.eclipse.jdt.internal.junit.runner.TestExecution.run(TestExecution.java:38)
	at org.eclipse.jdt.internal.junit.runner.RemoteTestRunner.runTests(RemoteTestRunner.java:459)
	at org.eclipse.jdt.internal.junit.runner.RemoteTestRunner.runTests(RemoteTestRunner.java:675)
	at org.eclipse.jdt.internal.junit.runner.RemoteTestRunner.run(RemoteTestRunner.java:382)
	at org.eclipse.jdt.internal.junit.runner.RemoteTestRunner.main(RemoteTestRunner.java:192)

</error>
    </testcase>
    <testcase name="testPlayingIllegalItem" classname="hanto.teststudentthhughes.delta.GammaTestsFromMeOnDelta" time="0.0"/>
    <testcase name="moveButterflyOnSecondTurnRedToDisjointPlace" classname="hanto.teststudentthhughes.delta.GammaTestsFromMeOnDelta" time="0.0"/>
    <testcase name="testAddingTooManyPieces" classname="hanto.teststudentthhughes.delta.GammaTestsFromMeOnDelta" time="0.001"/>
    <testcase name="placingThreePiecesOnTheBoardInCorrectlyBasedOffTheirColors" classname="hanto.teststudentthhughes.delta.GammaTestsFromMeOnDelta" time="0.0"/>
    <testcase name="testPlacingPieceOnInvalidTileFirstTime" classname="hanto.teststudentthhughes.delta.GammaTestsFromMeOnDelta" time="0.0"/>
    <testcase name="testMovingMostlySurroundedPiece" classname="hanto.teststudentthhughes.delta.GammaTestsFromMeOnDelta" time="0.001"/>
    <testcase name="testnotPlayingButterflyRightAway" classname="hanto.teststudentthhughes.delta.GammaTestsFromMeOnDelta" time="0.0"/>
    <testcase name="makeSingleMoveCorrectly" classname="hanto.teststudentthhughes.delta.GammaTestsFromMeOnDelta" time="0.0"/>
    <testcase name="moveButterflyOnSecondTurnRedLegalPlaceThatsTooFarAway" classname="hanto.teststudentthhughes.delta.GammaTestsFromMeOnDelta" time="0.001"/>
    <testcase name="placingThreePiecesOnTheBoardCorrectly" classname="hanto.teststudentthhughes.delta.GammaTestsFromMeOnDelta" time="0.0"/>
    <testcase name="testThatRedCanWin" classname="hanto.teststudentthhughes.delta.GammaTestsFromMeOnDelta" time="0.001">
      <error>hanto.common.HantoException: Invalid Piece Exception
	at hanto.studentthhughes.common.turnactionvalidator.moveandplacechecks.GeneralActionValidator.invalidError(GeneralActionValidator.java:288)
	at hanto.studentthhughes.common.turnactionvalidator.MasterActionValidator.isValidMove(MasterActionValidator.java:41)
	at hanto.studentthhughes.TemplateHantoGame.checkActionValidators(TemplateHantoGame.java:190)
	at hanto.studentthhughes.TemplateHantoGame.makeMove(TemplateHantoGame.java:84)
	at hanto.teststudentthhughes.delta.GammaTestsFromMeOnDelta.testThatRedCanWin(GammaTestsFromMeOnDelta.java:223)
	at sun.reflect.NativeMethodAccessorImpl.invoke0(Native Method)
	at sun.reflect.NativeMethodAccessorImpl.invoke(NativeMethodAccessorImpl.java:62)
	at sun.reflect.DelegatingMethodAccessorImpl.invoke(DelegatingMethodAccessorImpl.java:43)
	at java.lang.reflect.Method.invoke(Method.java:497)
	at org.junit.runners.model.FrameworkMethod$1.runReflectiveCall(FrameworkMethod.java:50)
	at org.junit.internal.runners.model.ReflectiveCallable.run(ReflectiveCallable.java:12)
	at org.junit.runners.model.FrameworkMethod.invokeExplosively(FrameworkMethod.java:47)
	at org.junit.internal.runners.statements.InvokeMethod.evaluate(InvokeMethod.java:17)
	at org.junit.internal.runners.statements.RunBefores.evaluate(RunBefores.java:26)
	at org.junit.runners.ParentRunner.runLeaf(ParentRunner.java:325)
	at org.junit.runners.BlockJUnit4ClassRunner.runChild(BlockJUnit4ClassRunner.java:78)
	at org.junit.runners.BlockJUnit4ClassRunner.runChild(BlockJUnit4ClassRunner.java:57)
	at org.junit.runners.ParentRunner$3.run(ParentRunner.java:290)
	at org.junit.runners.ParentRunner$1.schedule(ParentRunner.java:71)
	at org.junit.runners.ParentRunner.runChildren(ParentRunner.java:288)
	at org.junit.runners.ParentRunner.access$000(ParentRunner.java:58)
	at org.junit.runners.ParentRunner$2.evaluate(ParentRunner.java:268)
	at org.junit.internal.runners.statements.RunBefores.evaluate(RunBefores.java:26)
	at org.junit.runners.ParentRunner.run(ParentRunner.java:363)
	at org.eclipse.jdt.internal.junit4.runner.JUnit4TestReference.run(JUnit4TestReference.java:86)
	at org.eclipse.jdt.internal.junit.runner.TestExecution.run(TestExecution.java:38)
	at org.eclipse.jdt.internal.junit.runner.RemoteTestRunner.runTests(RemoteTestRunner.java:459)
	at org.eclipse.jdt.internal.junit.runner.RemoteTestRunner.runTests(RemoteTestRunner.java:675)
	at org.eclipse.jdt.internal.junit.runner.RemoteTestRunner.run(RemoteTestRunner.java:382)
	at org.eclipse.jdt.internal.junit.runner.RemoteTestRunner.main(RemoteTestRunner.java:192)

</error>
    </testcase>
    <testcase name="movePieceThatDoesntExistEGWrongPiece" classname="hanto.teststudentthhughes.delta.GammaTestsFromMeOnDelta" time="0.001"/>
    <testcase name="testNotNull" classname="hanto.teststudentthhughes.delta.GammaTestsFromMeOnDelta" time="0.0"/>
    <testcase name="moveButterflyOnSecondRedTurn" classname="hanto.teststudentthhughes.delta.GammaTestsFromMeOnDelta" time="0.001">
      <error>hanto.common.HantoException: Invalid Piece Exception
	at hanto.studentthhughes.common.turnactionvalidator.moveandplacechecks.GeneralActionValidator.invalidError(GeneralActionValidator.java:288)
	at hanto.studentthhughes.common.turnactionvalidator.MasterActionValidator.isValidMove(MasterActionValidator.java:41)
	at hanto.studentthhughes.TemplateHantoGame.checkActionValidators(TemplateHantoGame.java:190)
	at hanto.studentthhughes.TemplateHantoGame.makeMove(TemplateHantoGame.java:84)
	at hanto.teststudentthhughes.delta.GammaTestsFromMeOnDelta.moveButterflyOnSecondRedTurn(GammaTestsFromMeOnDelta.java:85)
	at sun.reflect.NativeMethodAccessorImpl.invoke0(Native Method)
	at sun.reflect.NativeMethodAccessorImpl.invoke(NativeMethodAccessorImpl.java:62)
	at sun.reflect.DelegatingMethodAccessorImpl.invoke(DelegatingMethodAccessorImpl.java:43)
	at java.lang.reflect.Method.invoke(Method.java:497)
	at org.junit.runners.model.FrameworkMethod$1.runReflectiveCall(FrameworkMethod.java:50)
	at org.junit.internal.runners.model.ReflectiveCallable.run(ReflectiveCallable.java:12)
	at org.junit.runners.model.FrameworkMethod.invokeExplosively(FrameworkMethod.java:47)
	at org.junit.internal.runners.statements.InvokeMethod.evaluate(InvokeMethod.java:17)
	at org.junit.internal.runners.statements.RunBefores.evaluate(RunBefores.java:26)
	at org.junit.runners.ParentRunner.runLeaf(ParentRunner.java:325)
	at org.junit.runners.BlockJUnit4ClassRunner.runChild(BlockJUnit4ClassRunner.java:78)
	at org.junit.runners.BlockJUnit4ClassRunner.runChild(BlockJUnit4ClassRunner.java:57)
	at org.junit.runners.ParentRunner$3.run(ParentRunner.java:290)
	at org.junit.runners.ParentRunner$1.schedule(ParentRunner.java:71)
	at org.junit.runners.ParentRunner.runChildren(ParentRunner.java:288)
	at org.junit.runners.ParentRunner.access$000(ParentRunner.java:58)
	at org.junit.runners.ParentRunner$2.evaluate(ParentRunner.java:268)
	at org.junit.internal.runners.statements.RunBefores.evaluate(RunBefores.java:26)
	at org.junit.runners.ParentRunner.run(ParentRunner.java:363)
	at org.eclipse.jdt.internal.junit4.runner.JUnit4TestReference.run(JUnit4TestReference.java:86)
	at org.eclipse.jdt.internal.junit.runner.TestExecution.run(TestExecution.java:38)
	at org.eclipse.jdt.internal.junit.runner.RemoteTestRunner.runTests(RemoteTestRunner.java:459)
	at org.eclipse.jdt.internal.junit.runner.RemoteTestRunner.runTests(RemoteTestRunner.java:675)
	at org.eclipse.jdt.internal.junit.runner.RemoteTestRunner.run(RemoteTestRunner.java:382)
	at org.eclipse.jdt.internal.junit.runner.RemoteTestRunner.main(RemoteTestRunner.java:192)

</error>
    </testcase>
  </testsuite>
  <testsuite name="hanto.teststudentthhughes.delta.JohnDeltaTest" time="0.015">
    <testcase name="twoBlueButterfliesPlaced" classname="hanto.teststudentthhughes.delta.JohnDeltaTest" time="0.001"/>
    <testcase name="redResigns" classname="hanto.teststudentthhughes.delta.JohnDeltaTest" time="0.0"/>
    <testcase name="redGoesFirstNotOrigin" classname="hanto.teststudentthhughes.delta.JohnDeltaTest" time="0.0"/>
    <testcase name="toIsNull" classname="hanto.teststudentthhughes.delta.JohnDeltaTest" time="0.0"/>
    <testcase name="blueMovesButterflyInvalid" classname="hanto.teststudentthhughes.delta.JohnDeltaTest" time="0.001"/>
    <testcase name="toNotAdjacent" classname="hanto.teststudentthhughes.delta.JohnDeltaTest" time="0.0"/>
    <testcase name="crabWalksTwo" classname="hanto.teststudentthhughes.delta.JohnDeltaTest" time="0.001">
      <error>hanto.common.HantoException: Invalid Piece Exception
	at hanto.studentthhughes.common.turnactionvalidator.moveandplacechecks.GeneralActionValidator.invalidError(GeneralActionValidator.java:288)
	at hanto.studentthhughes.common.turnactionvalidator.MasterActionValidator.isValidMove(MasterActionValidator.java:41)
	at hanto.studentthhughes.TemplateHantoGame.checkActionValidators(TemplateHantoGame.java:190)
	at hanto.studentthhughes.TemplateHantoGame.makeMove(TemplateHantoGame.java:84)
	at hanto.teststudentthhughes.delta.JohnDeltaTest.crabWalksTwo(JohnDeltaTest.java:432)
	at sun.reflect.NativeMethodAccessorImpl.invoke0(Native Method)
	at sun.reflect.NativeMethodAccessorImpl.invoke(NativeMethodAccessorImpl.java:62)
	at sun.reflect.DelegatingMethodAccessorImpl.invoke(DelegatingMethodAccessorImpl.java:43)
	at java.lang.reflect.Method.invoke(Method.java:497)
	at org.junit.runners.model.FrameworkMethod$1.runReflectiveCall(FrameworkMethod.java:50)
	at org.junit.internal.runners.model.ReflectiveCallable.run(ReflectiveCallable.java:12)
	at org.junit.runners.model.FrameworkMethod.invokeExplosively(FrameworkMethod.java:47)
	at org.junit.internal.runners.statements.InvokeMethod.evaluate(InvokeMethod.java:17)
	at org.junit.internal.runners.statements.RunBefores.evaluate(RunBefores.java:26)
	at org.junit.runners.ParentRunner.runLeaf(ParentRunner.java:325)
	at org.junit.runners.BlockJUnit4ClassRunner.runChild(BlockJUnit4ClassRunner.java:78)
	at org.junit.runners.BlockJUnit4ClassRunner.runChild(BlockJUnit4ClassRunner.java:57)
	at org.junit.runners.ParentRunner$3.run(ParentRunner.java:290)
	at org.junit.runners.ParentRunner$1.schedule(ParentRunner.java:71)
	at org.junit.runners.ParentRunner.runChildren(ParentRunner.java:288)
	at org.junit.runners.ParentRunner.access$000(ParentRunner.java:58)
	at org.junit.runners.ParentRunner$2.evaluate(ParentRunner.java:268)
	at org.junit.internal.runners.statements.RunBefores.evaluate(RunBefores.java:26)
	at org.junit.runners.ParentRunner.run(ParentRunner.java:363)
	at org.eclipse.jdt.internal.junit4.runner.JUnit4TestReference.run(JUnit4TestReference.java:86)
	at org.eclipse.jdt.internal.junit.runner.TestExecution.run(TestExecution.java:38)
	at org.eclipse.jdt.internal.junit.runner.RemoteTestRunner.runTests(RemoteTestRunner.java:459)
	at org.eclipse.jdt.internal.junit.runner.RemoteTestRunner.runTests(RemoteTestRunner.java:675)
	at org.eclipse.jdt.internal.junit.runner.RemoteTestRunner.run(RemoteTestRunner.java:382)
	at org.eclipse.jdt.internal.junit.runner.RemoteTestRunner.main(RemoteTestRunner.java:192)

</error>
    </testcase>
    <testcase name="twoRedButterfliesPlaced" classname="hanto.teststudentthhughes.delta.JohnDeltaTest" time="0.0"/>
    <testcase name="redPlacesInitialButterflyValid" classname="hanto.teststudentthhughes.delta.JohnDeltaTest" time="0.0"/>
    <testcase name="notTooManySparrows" classname="hanto.teststudentthhughes.delta.JohnDeltaTest" time="0.001"/>
    <testcase name="redMovesButterfly" classname="hanto.teststudentthhughes.delta.JohnDeltaTest" time="0.0">
      <error>hanto.common.HantoException: Invalid Piece Exception
	at hanto.studentthhughes.common.turnactionvalidator.moveandplacechecks.GeneralActionValidator.invalidError(GeneralActionValidator.java:288)
	at hanto.studentthhughes.common.turnactionvalidator.MasterActionValidator.isValidMove(MasterActionValidator.java:41)
	at hanto.studentthhughes.TemplateHantoGame.checkActionValidators(TemplateHantoGame.java:190)
	at hanto.studentthhughes.TemplateHantoGame.makeMove(TemplateHantoGame.java:84)
	at hanto.teststudentthhughes.delta.JohnDeltaTest.redMovesButterfly(JohnDeltaTest.java:285)
	at sun.reflect.NativeMethodAccessorImpl.invoke0(Native Method)
	at sun.reflect.NativeMethodAccessorImpl.invoke(NativeMethodAccessorImpl.java:62)
	at sun.reflect.DelegatingMethodAccessorImpl.invoke(DelegatingMethodAccessorImpl.java:43)
	at java.lang.reflect.Method.invoke(Method.java:497)
	at org.junit.runners.model.FrameworkMethod$1.runReflectiveCall(FrameworkMethod.java:50)
	at org.junit.internal.runners.model.ReflectiveCallable.run(ReflectiveCallable.java:12)
	at org.junit.runners.model.FrameworkMethod.invokeExplosively(FrameworkMethod.java:47)
	at org.junit.internal.runners.statements.InvokeMethod.evaluate(InvokeMethod.java:17)
	at org.junit.internal.runners.statements.RunBefores.evaluate(RunBefores.java:26)
	at org.junit.runners.ParentRunner.runLeaf(ParentRunner.java:325)
	at org.junit.runners.BlockJUnit4ClassRunner.runChild(BlockJUnit4ClassRunner.java:78)
	at org.junit.runners.BlockJUnit4ClassRunner.runChild(BlockJUnit4ClassRunner.java:57)
	at org.junit.runners.ParentRunner$3.run(ParentRunner.java:290)
	at org.junit.runners.ParentRunner$1.schedule(ParentRunner.java:71)
	at org.junit.runners.ParentRunner.runChildren(ParentRunner.java:288)
	at org.junit.runners.ParentRunner.access$000(ParentRunner.java:58)
	at org.junit.runners.ParentRunner$2.evaluate(ParentRunner.java:268)
	at org.junit.internal.runners.statements.RunBefores.evaluate(RunBefores.java:26)
	at org.junit.runners.ParentRunner.run(ParentRunner.java:363)
	at org.eclipse.jdt.internal.junit4.runner.JUnit4TestReference.run(JUnit4TestReference.java:86)
	at org.eclipse.jdt.internal.junit.runner.TestExecution.run(TestExecution.java:38)
	at org.eclipse.jdt.internal.junit.runner.RemoteTestRunner.runTests(RemoteTestRunner.java:459)
	at org.eclipse.jdt.internal.junit.runner.RemoteTestRunner.runTests(RemoteTestRunner.java:675)
	at org.eclipse.jdt.internal.junit.runner.RemoteTestRunner.run(RemoteTestRunner.java:382)
	at org.eclipse.jdt.internal.junit.runner.RemoteTestRunner.main(RemoteTestRunner.java:192)

</error>
    </testcase>
    <testcase name="blueWins" classname="hanto.teststudentthhughes.delta.JohnDeltaTest" time="0.001">
      <error>hanto.common.HantoException: Invalid Piece Exception
	at hanto.studentthhughes.common.turnactionvalidator.moveandplacechecks.GeneralActionValidator.invalidError(GeneralActionValidator.java:288)
	at hanto.studentthhughes.common.turnactionvalidator.MasterActionValidator.isValidMove(MasterActionValidator.java:41)
	at hanto.studentthhughes.TemplateHantoGame.checkActionValidators(TemplateHantoGame.java:190)
	at hanto.studentthhughes.TemplateHantoGame.makeMove(TemplateHantoGame.java:84)
	at hanto.teststudentthhughes.delta.JohnDeltaTest.blueWins(JohnDeltaTest.java:240)
	at sun.reflect.NativeMethodAccessorImpl.invoke0(Native Method)
	at sun.reflect.NativeMethodAccessorImpl.invoke(NativeMethodAccessorImpl.java:62)
	at sun.reflect.DelegatingMethodAccessorImpl.invoke(DelegatingMethodAccessorImpl.java:43)
	at java.lang.reflect.Method.invoke(Method.java:497)
	at org.junit.runners.model.FrameworkMethod$1.runReflectiveCall(FrameworkMethod.java:50)
	at org.junit.internal.runners.model.ReflectiveCallable.run(ReflectiveCallable.java:12)
	at org.junit.runners.model.FrameworkMethod.invokeExplosively(FrameworkMethod.java:47)
	at org.junit.internal.runners.statements.InvokeMethod.evaluate(InvokeMethod.java:17)
	at org.junit.internal.runners.statements.RunBefores.evaluate(RunBefores.java:26)
	at org.junit.runners.ParentRunner.runLeaf(ParentRunner.java:325)
	at org.junit.runners.BlockJUnit4ClassRunner.runChild(BlockJUnit4ClassRunner.java:78)
	at org.junit.runners.BlockJUnit4ClassRunner.runChild(BlockJUnit4ClassRunner.java:57)
	at org.junit.runners.ParentRunner$3.run(ParentRunner.java:290)
	at org.junit.runners.ParentRunner$1.schedule(ParentRunner.java:71)
	at org.junit.runners.ParentRunner.runChildren(ParentRunner.java:288)
	at org.junit.runners.ParentRunner.access$000(ParentRunner.java:58)
	at org.junit.runners.ParentRunner$2.evaluate(ParentRunner.java:268)
	at org.junit.internal.runners.statements.RunBefores.evaluate(RunBefores.java:26)
	at org.junit.runners.ParentRunner.run(ParentRunner.java:363)
	at org.eclipse.jdt.internal.junit4.runner.JUnit4TestReference.run(JUnit4TestReference.java:86)
	at org.eclipse.jdt.internal.junit.runner.TestExecution.run(TestExecution.java:38)
	at org.eclipse.jdt.internal.junit.runner.RemoteTestRunner.runTests(RemoteTestRunner.java:459)
	at org.eclipse.jdt.internal.junit.runner.RemoteTestRunner.runTests(RemoteTestRunner.java:675)
	at org.eclipse.jdt.internal.junit.runner.RemoteTestRunner.run(RemoteTestRunner.java:382)
	at org.eclipse.jdt.internal.junit.runner.RemoteTestRunner.main(RemoteTestRunner.java:192)

</error>
    </testcase>
    <testcase name="blueMovesRed" classname="hanto.teststudentthhughes.delta.JohnDeltaTest" time="0.0"/>
    <testcase name="bluePlacesNextToBlueAndRed" classname="hanto.teststudentthhughes.delta.JohnDeltaTest" time="0.0"/>
    <testcase name="redPlacesNextToBlue" classname="hanto.teststudentthhughes.delta.JohnDeltaTest" time="0.001"/>
    <testcase name="bluePlacesSparrowFirst" classname="hanto.teststudentthhughes.delta.JohnDeltaTest" time="0.0"/>
    <testcase name="redGoesFirstSparrow" classname="hanto.teststudentthhughes.delta.JohnDeltaTest" time="0.0"/>
    <testcase name="blueMovesButterflyValid" classname="hanto.teststudentthhughes.delta.JohnDeltaTest" time="0.001">
      <error>hanto.common.HantoException: Invalid Piece Exception
	at hanto.studentthhughes.common.turnactionvalidator.moveandplacechecks.GeneralActionValidator.invalidError(GeneralActionValidator.java:288)
	at hanto.studentthhughes.common.turnactionvalidator.MasterActionValidator.isValidMove(MasterActionValidator.java:41)
	at hanto.studentthhughes.TemplateHantoGame.checkActionValidators(TemplateHantoGame.java:190)
	at hanto.studentthhughes.TemplateHantoGame.makeMove(TemplateHantoGame.java:84)
	at hanto.teststudentthhughes.delta.JohnDeltaTest.blueMovesButterflyValid(JohnDeltaTest.java:140)
	at sun.reflect.NativeMethodAccessorImpl.invoke0(Native Method)
	at sun.reflect.NativeMethodAccessorImpl.invoke(NativeMethodAccessorImpl.java:62)
	at sun.reflect.DelegatingMethodAccessorImpl.invoke(DelegatingMethodAccessorImpl.java:43)
	at java.lang.reflect.Method.invoke(Method.java:497)
	at org.junit.runners.model.FrameworkMethod$1.runReflectiveCall(FrameworkMethod.java:50)
	at org.junit.internal.runners.model.ReflectiveCallable.run(ReflectiveCallable.java:12)
	at org.junit.runners.model.FrameworkMethod.invokeExplosively(FrameworkMethod.java:47)
	at org.junit.internal.runners.statements.InvokeMethod.evaluate(InvokeMethod.java:17)
	at org.junit.internal.runners.statements.RunBefores.evaluate(RunBefores.java:26)
	at org.junit.runners.ParentRunner.runLeaf(ParentRunner.java:325)
	at org.junit.runners.BlockJUnit4ClassRunner.runChild(BlockJUnit4ClassRunner.java:78)
	at org.junit.runners.BlockJUnit4ClassRunner.runChild(BlockJUnit4ClassRunner.java:57)
	at org.junit.runners.ParentRunner$3.run(ParentRunner.java:290)
	at org.junit.runners.ParentRunner$1.schedule(ParentRunner.java:71)
	at org.junit.runners.ParentRunner.runChildren(ParentRunner.java:288)
	at org.junit.runners.ParentRunner.access$000(ParentRunner.java:58)
	at org.junit.runners.ParentRunner$2.evaluate(ParentRunner.java:268)
	at org.junit.internal.runners.statements.RunBefores.evaluate(RunBefores.java:26)
	at org.junit.runners.ParentRunner.run(ParentRunner.java:363)
	at org.eclipse.jdt.internal.junit4.runner.JUnit4TestReference.run(JUnit4TestReference.java:86)
	at org.eclipse.jdt.internal.junit.runner.TestExecution.run(TestExecution.java:38)
	at org.eclipse.jdt.internal.junit.runner.RemoteTestRunner.runTests(RemoteTestRunner.java:459)
	at org.eclipse.jdt.internal.junit.runner.RemoteTestRunner.runTests(RemoteTestRunner.java:675)
	at org.eclipse.jdt.internal.junit.runner.RemoteTestRunner.run(RemoteTestRunner.java:382)
	at org.eclipse.jdt.internal.junit.runner.RemoteTestRunner.main(RemoteTestRunner.java:192)

</error>
    </testcase>
    <testcase name="butterflyWalksOne" classname="hanto.teststudentthhughes.delta.JohnDeltaTest" time="0.0">
      <error>hanto.common.HantoException: Invalid Piece Exception
	at hanto.studentthhughes.common.turnactionvalidator.moveandplacechecks.GeneralActionValidator.invalidError(GeneralActionValidator.java:288)
	at hanto.studentthhughes.common.turnactionvalidator.MasterActionValidator.isValidMove(MasterActionValidator.java:41)
	at hanto.studentthhughes.TemplateHantoGame.checkActionValidators(TemplateHantoGame.java:190)
	at hanto.studentthhughes.TemplateHantoGame.makeMove(TemplateHantoGame.java:84)
	at hanto.teststudentthhughes.delta.JohnDeltaTest.butterflyWalksOne(JohnDeltaTest.java:415)
	at sun.reflect.NativeMethodAccessorImpl.invoke0(Native Method)
	at sun.reflect.NativeMethodAccessorImpl.invoke(NativeMethodAccessorImpl.java:62)
	at sun.reflect.DelegatingMethodAccessorImpl.invoke(DelegatingMethodAccessorImpl.java:43)
	at java.lang.reflect.Method.invoke(Method.java:497)
	at org.junit.runners.model.FrameworkMethod$1.runReflectiveCall(FrameworkMethod.java:50)
	at org.junit.internal.runners.model.ReflectiveCallable.run(ReflectiveCallable.java:12)
	at org.junit.runners.model.FrameworkMethod.invokeExplosively(FrameworkMethod.java:47)
	at org.junit.internal.runners.statements.InvokeMethod.evaluate(InvokeMethod.java:17)
	at org.junit.internal.runners.statements.RunBefores.evaluate(RunBefores.java:26)
	at org.junit.runners.ParentRunner.runLeaf(ParentRunner.java:325)
	at org.junit.runners.BlockJUnit4ClassRunner.runChild(BlockJUnit4ClassRunner.java:78)
	at org.junit.runners.BlockJUnit4ClassRunner.runChild(BlockJUnit4ClassRunner.java:57)
	at org.junit.runners.ParentRunner$3.run(ParentRunner.java:290)
	at org.junit.runners.ParentRunner$1.schedule(ParentRunner.java:71)
	at org.junit.runners.ParentRunner.runChildren(ParentRunner.java:288)
	at org.junit.runners.ParentRunner.access$000(ParentRunner.java:58)
	at org.junit.runners.ParentRunner$2.evaluate(ParentRunner.java:268)
	at org.junit.internal.runners.statements.RunBefores.evaluate(RunBefores.java:26)
	at org.junit.runners.ParentRunner.run(ParentRunner.java:363)
	at org.eclipse.jdt.internal.junit4.runner.JUnit4TestReference.run(JUnit4TestReference.java:86)
	at org.eclipse.jdt.internal.junit.runner.TestExecution.run(TestExecution.java:38)
	at org.eclipse.jdt.internal.junit.runner.RemoteTestRunner.runTests(RemoteTestRunner.java:459)
	at org.eclipse.jdt.internal.junit.runner.RemoteTestRunner.runTests(RemoteTestRunner.java:675)
	at org.eclipse.jdt.internal.junit.runner.RemoteTestRunner.run(RemoteTestRunner.java:382)
	at org.eclipse.jdt.internal.junit.runner.RemoteTestRunner.main(RemoteTestRunner.java:192)

</error>
    </testcase>
    <testcase name="butterflyWalksTwo" classname="hanto.teststudentthhughes.delta.JohnDeltaTest" time="0.0"/>
    <testcase name="crabWalksTooFar" classname="hanto.teststudentthhughes.delta.JohnDeltaTest" time="0.001"/>
    <testcase name="asTheBirdFlies" classname="hanto.teststudentthhughes.delta.JohnDeltaTest" time="0.0">
      <error>hanto.common.HantoException: Invalid Piece Exception
	at hanto.studentthhughes.common.turnactionvalidator.moveandplacechecks.GeneralActionValidator.invalidError(GeneralActionValidator.java:288)
	at hanto.studentthhughes.common.turnactionvalidator.MasterActionValidator.isValidMove(MasterActionValidator.java:41)
	at hanto.studentthhughes.TemplateHantoGame.checkActionValidators(TemplateHantoGame.java:190)
	at hanto.studentthhughes.TemplateHantoGame.makeMove(TemplateHantoGame.java:84)
	at hanto.teststudentthhughes.delta.JohnDeltaTest.asTheBirdFlies(JohnDeltaTest.java:454)
	at sun.reflect.NativeMethodAccessorImpl.invoke0(Native Method)
	at sun.reflect.NativeMethodAccessorImpl.invoke(NativeMethodAccessorImpl.java:62)
	at sun.reflect.DelegatingMethodAccessorImpl.invoke(DelegatingMethodAccessorImpl.java:43)
	at java.lang.reflect.Method.invoke(Method.java:497)
	at org.junit.runners.model.FrameworkMethod$1.runReflectiveCall(FrameworkMethod.java:50)
	at org.junit.internal.runners.model.ReflectiveCallable.run(ReflectiveCallable.java:12)
	at org.junit.runners.model.FrameworkMethod.invokeExplosively(FrameworkMethod.java:47)
	at org.junit.internal.runners.statements.InvokeMethod.evaluate(InvokeMethod.java:17)
	at org.junit.internal.runners.statements.RunBefores.evaluate(RunBefores.java:26)
	at org.junit.runners.ParentRunner.runLeaf(ParentRunner.java:325)
	at org.junit.runners.BlockJUnit4ClassRunner.runChild(BlockJUnit4ClassRunner.java:78)
	at org.junit.runners.BlockJUnit4ClassRunner.runChild(BlockJUnit4ClassRunner.java:57)
	at org.junit.runners.ParentRunner$3.run(ParentRunner.java:290)
	at org.junit.runners.ParentRunner$1.schedule(ParentRunner.java:71)
	at org.junit.runners.ParentRunner.runChildren(ParentRunner.java:288)
	at org.junit.runners.ParentRunner.access$000(ParentRunner.java:58)
	at org.junit.runners.ParentRunner$2.evaluate(ParentRunner.java:268)
	at org.junit.internal.runners.statements.RunBefores.evaluate(RunBefores.java:26)
	at org.junit.runners.ParentRunner.run(ParentRunner.java:363)
	at org.eclipse.jdt.internal.junit4.runner.JUnit4TestReference.run(JUnit4TestReference.java:86)
	at org.eclipse.jdt.internal.junit.runner.TestExecution.run(TestExecution.java:38)
	at org.eclipse.jdt.internal.junit.runner.RemoteTestRunner.runTests(RemoteTestRunner.java:459)
	at org.eclipse.jdt.internal.junit.runner.RemoteTestRunner.runTests(RemoteTestRunner.java:675)
	at org.eclipse.jdt.internal.junit.runner.RemoteTestRunner.run(RemoteTestRunner.java:382)
	at org.eclipse.jdt.internal.junit.runner.RemoteTestRunner.main(RemoteTestRunner.java:192)

</error>
    </testcase>
    <testcase name="redPlacesInitialButterflyInvalid" classname="hanto.teststudentthhughes.delta.JohnDeltaTest" time="0.001"/>
    <testcase name="moveWrongType" classname="hanto.teststudentthhughes.delta.JohnDeltaTest" time="0.0"/>
    <testcase name="redGoesFirstButterfly" classname="hanto.teststudentthhughes.delta.JohnDeltaTest" time="0.0"/>
    <testcase name="blueDidntPlaceButterfly" classname="hanto.teststudentthhughes.delta.JohnDeltaTest" time="0.0"/>
    <testcase name="redWins" classname="hanto.teststudentthhughes.delta.JohnDeltaTest" time="0.001">
      <error>hanto.common.HantoException: Invalid Piece Exception
	at hanto.studentthhughes.common.turnactionvalidator.moveandplacechecks.GeneralActionValidator.invalidError(GeneralActionValidator.java:288)
	at hanto.studentthhughes.common.turnactionvalidator.MasterActionValidator.isValidMove(MasterActionValidator.java:41)
	at hanto.studentthhughes.TemplateHantoGame.checkActionValidators(TemplateHantoGame.java:190)
	at hanto.studentthhughes.TemplateHantoGame.makeMove(TemplateHantoGame.java:84)
	at hanto.teststudentthhughes.delta.JohnDeltaTest.redWins(JohnDeltaTest.java:225)
	at sun.reflect.NativeMethodAccessorImpl.invoke0(Native Method)
	at sun.reflect.NativeMethodAccessorImpl.invoke(NativeMethodAccessorImpl.java:62)
	at sun.reflect.DelegatingMethodAccessorImpl.invoke(DelegatingMethodAccessorImpl.java:43)
	at java.lang.reflect.Method.invoke(Method.java:497)
	at org.junit.runners.model.FrameworkMethod$1.runReflectiveCall(FrameworkMethod.java:50)
	at org.junit.internal.runners.model.ReflectiveCallable.run(ReflectiveCallable.java:12)
	at org.junit.runners.model.FrameworkMethod.invokeExplosively(FrameworkMethod.java:47)
	at org.junit.internal.runners.statements.InvokeMethod.evaluate(InvokeMethod.java:17)
	at org.junit.internal.runners.statements.RunBefores.evaluate(RunBefores.java:26)
	at org.junit.runners.ParentRunner.runLeaf(ParentRunner.java:325)
	at org.junit.runners.BlockJUnit4ClassRunner.runChild(BlockJUnit4ClassRunner.java:78)
	at org.junit.runners.BlockJUnit4ClassRunner.runChild(BlockJUnit4ClassRunner.java:57)
	at org.junit.runners.ParentRunner$3.run(ParentRunner.java:290)
	at org.junit.runners.ParentRunner$1.schedule(ParentRunner.java:71)
	at org.junit.runners.ParentRunner.runChildren(ParentRunner.java:288)
	at org.junit.runners.ParentRunner.access$000(ParentRunner.java:58)
	at org.junit.runners.ParentRunner$2.evaluate(ParentRunner.java:268)
	at org.junit.internal.runners.statements.RunBefores.evaluate(RunBefores.java:26)
	at org.junit.runners.ParentRunner.run(ParentRunner.java:363)
	at org.eclipse.jdt.internal.junit4.runner.JUnit4TestReference.run(JUnit4TestReference.java:86)
	at org.eclipse.jdt.internal.junit.runner.TestExecution.run(TestExecution.java:38)
	at org.eclipse.jdt.internal.junit.runner.RemoteTestRunner.runTests(RemoteTestRunner.java:459)
	at org.eclipse.jdt.internal.junit.runner.RemoteTestRunner.runTests(RemoteTestRunner.java:675)
	at org.eclipse.jdt.internal.junit.runner.RemoteTestRunner.run(RemoteTestRunner.java:382)
	at org.eclipse.jdt.internal.junit.runner.RemoteTestRunner.main(RemoteTestRunner.java:192)

</error>
    </testcase>
    <testcase name="redPlacesNextToBlueAndRed" classname="hanto.teststudentthhughes.delta.JohnDeltaTest" time="0.0"/>
    <testcase name="blueMovesThrough" classname="hanto.teststudentthhughes.delta.JohnDeltaTest" time="0.001"/>
    <testcase name="redDidntPlaceButterfly" classname="hanto.teststudentthhughes.delta.JohnDeltaTest" time="0.0"/>
    <testcase name="redMovesBlue" classname="hanto.teststudentthhughes.delta.JohnDeltaTest" time="0.0"/>
    <testcase name="spaceAlreadyTaken" classname="hanto.teststudentthhughes.delta.JohnDeltaTest" time="0.001"/>
    <testcase name="tooManySparrowsBlue" classname="hanto.teststudentthhughes.delta.JohnDeltaTest" time="0.0"/>
    <testcase name="bluePlacesCrabSecond" classname="hanto.teststudentthhughes.delta.JohnDeltaTest" time="0.0"/>
    <testcase name="bluePlacesInitialButterflyOffOrigin" classname="hanto.teststudentthhughes.delta.JohnDeltaTest" time="0.0"/>
    <testcase name="blueResigns" classname="hanto.teststudentthhughes.delta.JohnDeltaTest" time="0.0"/>
    <testcase name="bluePlacesNextToRed" classname="hanto.teststudentthhughes.delta.JohnDeltaTest" time="0.001"/>
    <testcase name="bluePlacesInitialButterflyAtOrigin" classname="hanto.teststudentthhughes.delta.JohnDeltaTest" time="0.0"/>
    <testcase name="tooManySparrowsRed" classname="hanto.teststudentthhughes.delta.JohnDeltaTest" time="0.001"/>
  </testsuite>
  <testsuite name="hanto.teststudentthhughes.delta.DeltaHantoMasterTest" time="0.034">
    <testcase name="bluePlaysAfterRedResigns" classname="hanto.teststudentthhughes.delta.DeltaHantoMasterTest" time="0.002">
      <error>hanto.common.HantoException: Invalid Piece Exception
	at hanto.studentthhughes.common.turnactionvalidator.moveandplacechecks.GeneralActionValidator.invalidError(GeneralActionValidator.java:288)
	at hanto.studentthhughes.common.turnactionvalidator.MasterActionValidator.isValidMove(MasterActionValidator.java:41)
	at hanto.studentthhughes.TemplateHantoGame.checkActionValidators(TemplateHantoGame.java:190)
	at hanto.studentthhughes.TemplateHantoGame.makeMove(TemplateHantoGame.java:84)
	at hanto.teststudentthhughes.delta.DeltaHantoMasterTest.bluePlaysAfterRedResigns(DeltaHantoMasterTest.java:950)
	at sun.reflect.NativeMethodAccessorImpl.invoke0(Native Method)
	at sun.reflect.NativeMethodAccessorImpl.invoke(NativeMethodAccessorImpl.java:62)
	at sun.reflect.DelegatingMethodAccessorImpl.invoke(DelegatingMethodAccessorImpl.java:43)
	at java.lang.reflect.Method.invoke(Method.java:497)
	at org.junit.runners.model.FrameworkMethod$1.runReflectiveCall(FrameworkMethod.java:50)
	at org.junit.internal.runners.model.ReflectiveCallable.run(ReflectiveCallable.java:12)
	at org.junit.runners.model.FrameworkMethod.invokeExplosively(FrameworkMethod.java:47)
	at org.junit.internal.runners.statements.InvokeMethod.evaluate(InvokeMethod.java:17)
	at org.junit.internal.runners.statements.RunBefores.evaluate(RunBefores.java:26)
	at org.junit.runners.ParentRunner.runLeaf(ParentRunner.java:325)
	at org.junit.runners.BlockJUnit4ClassRunner.runChild(BlockJUnit4ClassRunner.java:78)
	at org.junit.runners.BlockJUnit4ClassRunner.runChild(BlockJUnit4ClassRunner.java:57)
	at org.junit.runners.ParentRunner$3.run(ParentRunner.java:290)
	at org.junit.runners.ParentRunner$1.schedule(ParentRunner.java:71)
	at org.junit.runners.ParentRunner.runChildren(ParentRunner.java:288)
	at org.junit.runners.ParentRunner.access$000(ParentRunner.java:58)
	at org.junit.runners.ParentRunner$2.evaluate(ParentRunner.java:268)
	at org.junit.internal.runners.statements.RunBefores.evaluate(RunBefores.java:26)
	at org.junit.runners.ParentRunner.run(ParentRunner.java:363)
	at org.eclipse.jdt.internal.junit4.runner.JUnit4TestReference.run(JUnit4TestReference.java:86)
	at org.eclipse.jdt.internal.junit.runner.TestExecution.run(TestExecution.java:38)
	at org.eclipse.jdt.internal.junit.runner.RemoteTestRunner.runTests(RemoteTestRunner.java:459)
	at org.eclipse.jdt.internal.junit.runner.RemoteTestRunner.runTests(RemoteTestRunner.java:675)
	at org.eclipse.jdt.internal.junit.runner.RemoteTestRunner.run(RemoteTestRunner.java:382)
	at org.eclipse.jdt.internal.junit.runner.RemoteTestRunner.main(RemoteTestRunner.java:192)

</error>
    </testcase>
    <testcase name="secondPlacementNextToBothPlaced" classname="hanto.teststudentthhughes.delta.DeltaHantoMasterTest" time="0.0"/>
    <testcase name="crabCantHaveDiscontinutiyWhileWalking" classname="hanto.teststudentthhughes.delta.DeltaHantoMasterTest" time="0.001"/>
    <testcase name="bluePlacesDovePieceOnOriginAtStart" classname="hanto.teststudentthhughes.delta.DeltaHantoMasterTest" time="0.0"/>
    <testcase name="redPlaysAfterBlueResigns" classname="hanto.teststudentthhughes.delta.DeltaHantoMasterTest" time="0.0">
      <error>hanto.common.HantoException: Invalid Piece Exception
	at hanto.studentthhughes.common.turnactionvalidator.moveandplacechecks.GeneralActionValidator.invalidError(GeneralActionValidator.java:288)
	at hanto.studentthhughes.common.turnactionvalidator.MasterActionValidator.isValidMove(MasterActionValidator.java:41)
	at hanto.studentthhughes.TemplateHantoGame.checkActionValidators(TemplateHantoGame.java:190)
	at hanto.studentthhughes.TemplateHantoGame.makeMove(TemplateHantoGame.java:84)
	at hanto.teststudentthhughes.delta.DeltaHantoMasterTest.redPlaysAfterBlueResigns(DeltaHantoMasterTest.java:973)
	at sun.reflect.NativeMethodAccessorImpl.invoke0(Native Method)
	at sun.reflect.NativeMethodAccessorImpl.invoke(NativeMethodAccessorImpl.java:62)
	at sun.reflect.DelegatingMethodAccessorImpl.invoke(DelegatingMethodAccessorImpl.java:43)
	at java.lang.reflect.Method.invoke(Method.java:497)
	at org.junit.runners.model.FrameworkMethod$1.runReflectiveCall(FrameworkMethod.java:50)
	at org.junit.internal.runners.model.ReflectiveCallable.run(ReflectiveCallable.java:12)
	at org.junit.runners.model.FrameworkMethod.invokeExplosively(FrameworkMethod.java:47)
	at org.junit.internal.runners.statements.InvokeMethod.evaluate(InvokeMethod.java:17)
	at org.junit.internal.runners.statements.RunBefores.evaluate(RunBefores.java:26)
	at org.junit.runners.ParentRunner.runLeaf(ParentRunner.java:325)
	at org.junit.runners.BlockJUnit4ClassRunner.runChild(BlockJUnit4ClassRunner.java:78)
	at org.junit.runners.BlockJUnit4ClassRunner.runChild(BlockJUnit4ClassRunner.java:57)
	at org.junit.runners.ParentRunner$3.run(ParentRunner.java:290)
	at org.junit.runners.ParentRunner$1.schedule(ParentRunner.java:71)
	at org.junit.runners.ParentRunner.runChildren(ParentRunner.java:288)
	at org.junit.runners.ParentRunner.access$000(ParentRunner.java:58)
	at org.junit.runners.ParentRunner$2.evaluate(ParentRunner.java:268)
	at org.junit.internal.runners.statements.RunBefores.evaluate(RunBefores.java:26)
	at org.junit.runners.ParentRunner.run(ParentRunner.java:363)
	at org.eclipse.jdt.internal.junit4.runner.JUnit4TestReference.run(JUnit4TestReference.java:86)
	at org.eclipse.jdt.internal.junit.runner.TestExecution.run(TestExecution.java:38)
	at org.eclipse.jdt.internal.junit.runner.RemoteTestRunner.runTests(RemoteTestRunner.java:459)
	at org.eclipse.jdt.internal.junit.runner.RemoteTestRunner.runTests(RemoteTestRunner.java:675)
	at org.eclipse.jdt.internal.junit.runner.RemoteTestRunner.run(RemoteTestRunner.java:382)
	at org.eclipse.jdt.internal.junit.runner.RemoteTestRunner.main(RemoteTestRunner.java:192)

</error>
    </testcase>
    <testcase name="redResignsRightAway" classname="hanto.teststudentthhughes.delta.DeltaHantoMasterTest" time="0.001"/>
    <testcase name="tryToMoveTwoSpaces" classname="hanto.teststudentthhughes.delta.DeltaHantoMasterTest" time="0.0">
      <error>hanto.common.HantoException: Invalid Piece Exception
	at hanto.studentthhughes.common.turnactionvalidator.moveandplacechecks.GeneralActionValidator.invalidError(GeneralActionValidator.java:288)
	at hanto.studentthhughes.common.turnactionvalidator.MasterActionValidator.isValidMove(MasterActionValidator.java:41)
	at hanto.studentthhughes.TemplateHantoGame.checkActionValidators(TemplateHantoGame.java:190)
	at hanto.studentthhughes.TemplateHantoGame.makeMove(TemplateHantoGame.java:84)
	at hanto.teststudentthhughes.delta.DeltaHantoMasterTest.tryToMoveTwoSpaces(DeltaHantoMasterTest.java:503)
	at sun.reflect.NativeMethodAccessorImpl.invoke0(Native Method)
	at sun.reflect.NativeMethodAccessorImpl.invoke(NativeMethodAccessorImpl.java:62)
	at sun.reflect.DelegatingMethodAccessorImpl.invoke(DelegatingMethodAccessorImpl.java:43)
	at java.lang.reflect.Method.invoke(Method.java:497)
	at org.junit.runners.model.FrameworkMethod$1.runReflectiveCall(FrameworkMethod.java:50)
	at org.junit.internal.runners.model.ReflectiveCallable.run(ReflectiveCallable.java:12)
	at org.junit.runners.model.FrameworkMethod.invokeExplosively(FrameworkMethod.java:47)
	at org.junit.internal.runners.statements.InvokeMethod.evaluate(InvokeMethod.java:17)
	at org.junit.internal.runners.statements.RunBefores.evaluate(RunBefores.java:26)
	at org.junit.runners.ParentRunner.runLeaf(ParentRunner.java:325)
	at org.junit.runners.BlockJUnit4ClassRunner.runChild(BlockJUnit4ClassRunner.java:78)
	at org.junit.runners.BlockJUnit4ClassRunner.runChild(BlockJUnit4ClassRunner.java:57)
	at org.junit.runners.ParentRunner$3.run(ParentRunner.java:290)
	at org.junit.runners.ParentRunner$1.schedule(ParentRunner.java:71)
	at org.junit.runners.ParentRunner.runChildren(ParentRunner.java:288)
	at org.junit.runners.ParentRunner.access$000(ParentRunner.java:58)
	at org.junit.runners.ParentRunner$2.evaluate(ParentRunner.java:268)
	at org.junit.internal.runners.statements.RunBefores.evaluate(RunBefores.java:26)
	at org.junit.runners.ParentRunner.run(ParentRunner.java:363)
	at org.eclipse.jdt.internal.junit4.runner.JUnit4TestReference.run(JUnit4TestReference.java:86)
	at org.eclipse.jdt.internal.junit.runner.TestExecution.run(TestExecution.java:38)
	at org.eclipse.jdt.internal.junit.runner.RemoteTestRunner.runTests(RemoteTestRunner.java:459)
	at org.eclipse.jdt.internal.junit.runner.RemoteTestRunner.runTests(RemoteTestRunner.java:675)
	at org.eclipse.jdt.internal.junit.runner.RemoteTestRunner.run(RemoteTestRunner.java:382)
	at org.eclipse.jdt.internal.junit.runner.RemoteTestRunner.main(RemoteTestRunner.java:192)

</error>
    </testcase>
    <testcase name="bluePlacesPieceCraneOnOriginAtStart" classname="hanto.teststudentthhughes.delta.DeltaHantoMasterTest" time="0.001"/>
    <testcase name="intermediteStepOfCrabWalkDoesNotHaveOpenPath" classname="hanto.teststudentthhughes.delta.DeltaHantoMasterTest" time="0.0"/>
    <testcase name="sparrowFliesBeforePlacingButterfly" classname="hanto.teststudentthhughes.delta.DeltaHantoMasterTest" time="0.001"/>
    <testcase name="tryToMoveWithDiscontinuousResult" classname="hanto.teststudentthhughes.delta.DeltaHantoMasterTest" time="0.0"/>
    <testcase name="openingLargeEnoughForWalk" classname="hanto.teststudentthhughes.delta.DeltaHantoMasterTest" time="0.001">
      <error>hanto.common.HantoException: Invalid Piece Exception
	at hanto.studentthhughes.common.turnactionvalidator.moveandplacechecks.GeneralActionValidator.invalidError(GeneralActionValidator.java:288)
	at hanto.studentthhughes.common.turnactionvalidator.MasterActionValidator.isValidMove(MasterActionValidator.java:41)
	at hanto.studentthhughes.TemplateHantoGame.checkActionValidators(TemplateHantoGame.java:190)
	at hanto.studentthhughes.TemplateHantoGame.makeMove(TemplateHantoGame.java:84)
	at hanto.teststudentthhughes.delta.DeltaHantoMasterTest.openingLargeEnoughForWalk(DeltaHantoMasterTest.java:441)
	at sun.reflect.NativeMethodAccessorImpl.invoke0(Native Method)
	at sun.reflect.NativeMethodAccessorImpl.invoke(NativeMethodAccessorImpl.java:62)
	at sun.reflect.DelegatingMethodAccessorImpl.invoke(DelegatingMethodAccessorImpl.java:43)
	at java.lang.reflect.Method.invoke(Method.java:497)
	at org.junit.runners.model.FrameworkMethod$1.runReflectiveCall(FrameworkMethod.java:50)
	at org.junit.internal.runners.model.ReflectiveCallable.run(ReflectiveCallable.java:12)
	at org.junit.runners.model.FrameworkMethod.invokeExplosively(FrameworkMethod.java:47)
	at org.junit.internal.runners.statements.InvokeMethod.evaluate(InvokeMethod.java:17)
	at org.junit.internal.runners.statements.RunBefores.evaluate(RunBefores.java:26)
	at org.junit.runners.ParentRunner.runLeaf(ParentRunner.java:325)
	at org.junit.runners.BlockJUnit4ClassRunner.runChild(BlockJUnit4ClassRunner.java:78)
	at org.junit.runners.BlockJUnit4ClassRunner.runChild(BlockJUnit4ClassRunner.java:57)
	at org.junit.runners.ParentRunner$3.run(ParentRunner.java:290)
	at org.junit.runners.ParentRunner$1.schedule(ParentRunner.java:71)
	at org.junit.runners.ParentRunner.runChildren(ParentRunner.java:288)
	at org.junit.runners.ParentRunner.access$000(ParentRunner.java:58)
	at org.junit.runners.ParentRunner$2.evaluate(ParentRunner.java:268)
	at org.junit.internal.runners.statements.RunBefores.evaluate(RunBefores.java:26)
	at org.junit.runners.ParentRunner.run(ParentRunner.java:363)
	at org.eclipse.jdt.internal.junit4.runner.JUnit4TestReference.run(JUnit4TestReference.java:86)
	at org.eclipse.jdt.internal.junit.runner.TestExecution.run(TestExecution.java:38)
	at org.eclipse.jdt.internal.junit.runner.RemoteTestRunner.runTests(RemoteTestRunner.java:459)
	at org.eclipse.jdt.internal.junit.runner.RemoteTestRunner.runTests(RemoteTestRunner.java:675)
	at org.eclipse.jdt.internal.junit.runner.RemoteTestRunner.run(RemoteTestRunner.java:382)
	at org.eclipse.jdt.internal.junit.runner.RemoteTestRunner.main(RemoteTestRunner.java:192)

</error>
    </testcase>
    <testcase name="noMoveLimit" classname="hanto.teststudentthhughes.delta.DeltaHantoMasterTest" time="0.0">
      <error>hanto.common.HantoException: Invalid Piece Exception
	at hanto.studentthhughes.common.turnactionvalidator.moveandplacechecks.GeneralActionValidator.invalidError(GeneralActionValidator.java:288)
	at hanto.studentthhughes.common.turnactionvalidator.MasterActionValidator.isValidMove(MasterActionValidator.java:41)
	at hanto.studentthhughes.TemplateHantoGame.checkActionValidators(TemplateHantoGame.java:190)
	at hanto.studentthhughes.TemplateHantoGame.makeMove(TemplateHantoGame.java:84)
	at hanto.teststudentthhughes.delta.DeltaHantoMasterTest.noMoveLimit(DeltaHantoMasterTest.java:865)
	at sun.reflect.NativeMethodAccessorImpl.invoke0(Native Method)
	at sun.reflect.NativeMethodAccessorImpl.invoke(NativeMethodAccessorImpl.java:62)
	at sun.reflect.DelegatingMethodAccessorImpl.invoke(DelegatingMethodAccessorImpl.java:43)
	at java.lang.reflect.Method.invoke(Method.java:497)
	at org.junit.runners.model.FrameworkMethod$1.runReflectiveCall(FrameworkMethod.java:50)
	at org.junit.internal.runners.model.ReflectiveCallable.run(ReflectiveCallable.java:12)
	at org.junit.runners.model.FrameworkMethod.invokeExplosively(FrameworkMethod.java:47)
	at org.junit.internal.runners.statements.InvokeMethod.evaluate(InvokeMethod.java:17)
	at org.junit.internal.runners.statements.RunBefores.evaluate(RunBefores.java:26)
	at org.junit.runners.ParentRunner.runLeaf(ParentRunner.java:325)
	at org.junit.runners.BlockJUnit4ClassRunner.runChild(BlockJUnit4ClassRunner.java:78)
	at org.junit.runners.BlockJUnit4ClassRunner.runChild(BlockJUnit4ClassRunner.java:57)
	at org.junit.runners.ParentRunner$3.run(ParentRunner.java:290)
	at org.junit.runners.ParentRunner$1.schedule(ParentRunner.java:71)
	at org.junit.runners.ParentRunner.runChildren(ParentRunner.java:288)
	at org.junit.runners.ParentRunner.access$000(ParentRunner.java:58)
	at org.junit.runners.ParentRunner$2.evaluate(ParentRunner.java:268)
	at org.junit.internal.runners.statements.RunBefores.evaluate(RunBefores.java:26)
	at org.junit.runners.ParentRunner.run(ParentRunner.java:363)
	at org.eclipse.jdt.internal.junit4.runner.JUnit4TestReference.run(JUnit4TestReference.java:86)
	at org.eclipse.jdt.internal.junit.runner.TestExecution.run(TestExecution.java:38)
	at org.eclipse.jdt.internal.junit.runner.RemoteTestRunner.runTests(RemoteTestRunner.java:459)
	at org.eclipse.jdt.internal.junit.runner.RemoteTestRunner.runTests(RemoteTestRunner.java:675)
	at org.eclipse.jdt.internal.junit.runner.RemoteTestRunner.run(RemoteTestRunner.java:382)
	at org.eclipse.jdt.internal.junit.runner.RemoteTestRunner.main(RemoteTestRunner.java:192)

</error>
    </testcase>
    <testcase name="bluePlacesHorsePieceOnOriginAtStart" classname="hanto.teststudentthhughes.delta.DeltaHantoMasterTest" time="0.001"/>
    <testcase name="redGoesFirstBlueWins" classname="hanto.teststudentthhughes.delta.DeltaHantoMasterTest" time="0.0">
      <error>hanto.common.HantoException: Invalid Piece Exception
	at hanto.studentthhughes.common.turnactionvalidator.moveandplacechecks.GeneralActionValidator.invalidError(GeneralActionValidator.java:288)
	at hanto.studentthhughes.common.turnactionvalidator.MasterActionValidator.isValidMove(MasterActionValidator.java:41)
	at hanto.studentthhughes.TemplateHantoGame.checkActionValidators(TemplateHantoGame.java:190)
	at hanto.studentthhughes.TemplateHantoGame.makeMove(TemplateHantoGame.java:84)
	at hanto.teststudentthhughes.delta.DeltaHantoMasterTest.redGoesFirstBlueWins(DeltaHantoMasterTest.java:640)
	at sun.reflect.NativeMethodAccessorImpl.invoke0(Native Method)
	at sun.reflect.NativeMethodAccessorImpl.invoke(NativeMethodAccessorImpl.java:62)
	at sun.reflect.DelegatingMethodAccessorImpl.invoke(DelegatingMethodAccessorImpl.java:43)
	at java.lang.reflect.Method.invoke(Method.java:497)
	at org.junit.runners.model.FrameworkMethod$1.runReflectiveCall(FrameworkMethod.java:50)
	at org.junit.internal.runners.model.ReflectiveCallable.run(ReflectiveCallable.java:12)
	at org.junit.runners.model.FrameworkMethod.invokeExplosively(FrameworkMethod.java:47)
	at org.junit.internal.runners.statements.InvokeMethod.evaluate(InvokeMethod.java:17)
	at org.junit.internal.runners.statements.RunBefores.evaluate(RunBefores.java:26)
	at org.junit.runners.ParentRunner.runLeaf(ParentRunner.java:325)
	at org.junit.runners.BlockJUnit4ClassRunner.runChild(BlockJUnit4ClassRunner.java:78)
	at org.junit.runners.BlockJUnit4ClassRunner.runChild(BlockJUnit4ClassRunner.java:57)
	at org.junit.runners.ParentRunner$3.run(ParentRunner.java:290)
	at org.junit.runners.ParentRunner$1.schedule(ParentRunner.java:71)
	at org.junit.runners.ParentRunner.runChildren(ParentRunner.java:288)
	at org.junit.runners.ParentRunner.access$000(ParentRunner.java:58)
	at org.junit.runners.ParentRunner$2.evaluate(ParentRunner.java:268)
	at org.junit.internal.runners.statements.RunBefores.evaluate(RunBefores.java:26)
	at org.junit.runners.ParentRunner.run(ParentRunner.java:363)
	at org.eclipse.jdt.internal.junit4.runner.JUnit4TestReference.run(JUnit4TestReference.java:86)
	at org.eclipse.jdt.internal.junit.runner.TestExecution.run(TestExecution.java:38)
	at org.eclipse.jdt.internal.junit.runner.RemoteTestRunner.runTests(RemoteTestRunner.java:459)
	at org.eclipse.jdt.internal.junit.runner.RemoteTestRunner.runTests(RemoteTestRunner.java:675)
	at org.eclipse.jdt.internal.junit.runner.RemoteTestRunner.run(RemoteTestRunner.java:382)
	at org.eclipse.jdt.internal.junit.runner.RemoteTestRunner.main(RemoteTestRunner.java:192)

</error>
    </testcase>
    <testcase name="crabWalksOne" classname="hanto.teststudentthhughes.delta.DeltaHantoMasterTest" time="0.001">
      <error>hanto.common.HantoException: Invalid Piece Exception
	at hanto.studentthhughes.common.turnactionvalidator.moveandplacechecks.GeneralActionValidator.invalidError(GeneralActionValidator.java:288)
	at hanto.studentthhughes.common.turnactionvalidator.MasterActionValidator.isValidMove(MasterActionValidator.java:41)
	at hanto.studentthhughes.TemplateHantoGame.checkActionValidators(TemplateHantoGame.java:190)
	at hanto.studentthhughes.TemplateHantoGame.makeMove(TemplateHantoGame.java:84)
	at hanto.teststudentthhughes.delta.DeltaHantoMasterTest.crabWalksOne(DeltaHantoMasterTest.java:722)
	at sun.reflect.NativeMethodAccessorImpl.invoke0(Native Method)
	at sun.reflect.NativeMethodAccessorImpl.invoke(NativeMethodAccessorImpl.java:62)
	at sun.reflect.DelegatingMethodAccessorImpl.invoke(DelegatingMethodAccessorImpl.java:43)
	at java.lang.reflect.Method.invoke(Method.java:497)
	at org.junit.runners.model.FrameworkMethod$1.runReflectiveCall(FrameworkMethod.java:50)
	at org.junit.internal.runners.model.ReflectiveCallable.run(ReflectiveCallable.java:12)
	at org.junit.runners.model.FrameworkMethod.invokeExplosively(FrameworkMethod.java:47)
	at org.junit.internal.runners.statements.InvokeMethod.evaluate(InvokeMethod.java:17)
	at org.junit.internal.runners.statements.RunBefores.evaluate(RunBefores.java:26)
	at org.junit.runners.ParentRunner.runLeaf(ParentRunner.java:325)
	at org.junit.runners.BlockJUnit4ClassRunner.runChild(BlockJUnit4ClassRunner.java:78)
	at org.junit.runners.BlockJUnit4ClassRunner.runChild(BlockJUnit4ClassRunner.java:57)
	at org.junit.runners.ParentRunner$3.run(ParentRunner.java:290)
	at org.junit.runners.ParentRunner$1.schedule(ParentRunner.java:71)
	at org.junit.runners.ParentRunner.runChildren(ParentRunner.java:288)
	at org.junit.runners.ParentRunner.access$000(ParentRunner.java:58)
	at org.junit.runners.ParentRunner$2.evaluate(ParentRunner.java:268)
	at org.junit.internal.runners.statements.RunBefores.evaluate(RunBefores.java:26)
	at org.junit.runners.ParentRunner.run(ParentRunner.java:363)
	at org.eclipse.jdt.internal.junit4.runner.JUnit4TestReference.run(JUnit4TestReference.java:86)
	at org.eclipse.jdt.internal.junit.runner.TestExecution.run(TestExecution.java:38)
	at org.eclipse.jdt.internal.junit.runner.RemoteTestRunner.runTests(RemoteTestRunner.java:459)
	at org.eclipse.jdt.internal.junit.runner.RemoteTestRunner.runTests(RemoteTestRunner.java:675)
	at org.eclipse.jdt.internal.junit.runner.RemoteTestRunner.run(RemoteTestRunner.java:382)
	at org.eclipse.jdt.internal.junit.runner.RemoteTestRunner.main(RemoteTestRunner.java:192)

</error>
    </testcase>
    <testcase name="crabWalksTwo" classname="hanto.teststudentthhughes.delta.DeltaHantoMasterTest" time="0.0">
      <error>hanto.common.HantoException: Invalid Piece Exception
	at hanto.studentthhughes.common.turnactionvalidator.moveandplacechecks.GeneralActionValidator.invalidError(GeneralActionValidator.java:288)
	at hanto.studentthhughes.common.turnactionvalidator.MasterActionValidator.isValidMove(MasterActionValidator.java:41)
	at hanto.studentthhughes.TemplateHantoGame.checkActionValidators(TemplateHantoGame.java:190)
	at hanto.studentthhughes.TemplateHantoGame.makeMove(TemplateHantoGame.java:84)
	at hanto.teststudentthhughes.delta.DeltaHantoMasterTest.crabWalksTwo(DeltaHantoMasterTest.java:735)
	at sun.reflect.NativeMethodAccessorImpl.invoke0(Native Method)
	at sun.reflect.NativeMethodAccessorImpl.invoke(NativeMethodAccessorImpl.java:62)
	at sun.reflect.DelegatingMethodAccessorImpl.invoke(DelegatingMethodAccessorImpl.java:43)
	at java.lang.reflect.Method.invoke(Method.java:497)
	at org.junit.runners.model.FrameworkMethod$1.runReflectiveCall(FrameworkMethod.java:50)
	at org.junit.internal.runners.model.ReflectiveCallable.run(ReflectiveCallable.java:12)
	at org.junit.runners.model.FrameworkMethod.invokeExplosively(FrameworkMethod.java:47)
	at org.junit.internal.runners.statements.InvokeMethod.evaluate(InvokeMethod.java:17)
	at org.junit.internal.runners.statements.RunBefores.evaluate(RunBefores.java:26)
	at org.junit.runners.ParentRunner.runLeaf(ParentRunner.java:325)
	at org.junit.runners.BlockJUnit4ClassRunner.runChild(BlockJUnit4ClassRunner.java:78)
	at org.junit.runners.BlockJUnit4ClassRunner.runChild(BlockJUnit4ClassRunner.java:57)
	at org.junit.runners.ParentRunner$3.run(ParentRunner.java:290)
	at org.junit.runners.ParentRunner$1.schedule(ParentRunner.java:71)
	at org.junit.runners.ParentRunner.runChildren(ParentRunner.java:288)
	at org.junit.runners.ParentRunner.access$000(ParentRunner.java:58)
	at org.junit.runners.ParentRunner$2.evaluate(ParentRunner.java:268)
	at org.junit.internal.runners.statements.RunBefores.evaluate(RunBefores.java:26)
	at org.junit.runners.ParentRunner.run(ParentRunner.java:363)
	at org.eclipse.jdt.internal.junit4.runner.JUnit4TestReference.run(JUnit4TestReference.java:86)
	at org.eclipse.jdt.internal.junit.runner.TestExecution.run(TestExecution.java:38)
	at org.eclipse.jdt.internal.junit.runner.RemoteTestRunner.runTests(RemoteTestRunner.java:459)
	at org.eclipse.jdt.internal.junit.runner.RemoteTestRunner.runTests(RemoteTestRunner.java:675)
	at org.eclipse.jdt.internal.junit.runner.RemoteTestRunner.run(RemoteTestRunner.java:382)
	at org.eclipse.jdt.internal.junit.runner.RemoteTestRunner.main(RemoteTestRunner.java:192)

</error>
    </testcase>
    <testcase name="redGoesFirstRedWins" classname="hanto.teststudentthhughes.delta.DeltaHantoMasterTest" time="0.001">
      <error>hanto.common.HantoException: Invalid Piece Exception
	at hanto.studentthhughes.common.turnactionvalidator.moveandplacechecks.GeneralActionValidator.invalidError(GeneralActionValidator.java:288)
	at hanto.studentthhughes.common.turnactionvalidator.MasterActionValidator.isValidMove(MasterActionValidator.java:41)
	at hanto.studentthhughes.TemplateHantoGame.checkActionValidators(TemplateHantoGame.java:190)
	at hanto.studentthhughes.TemplateHantoGame.makeMove(TemplateHantoGame.java:84)
	at hanto.teststudentthhughes.delta.DeltaHantoMasterTest.redGoesFirstRedWins(DeltaHantoMasterTest.java:659)
	at sun.reflect.NativeMethodAccessorImpl.invoke0(Native Method)
	at sun.reflect.NativeMethodAccessorImpl.invoke(NativeMethodAccessorImpl.java:62)
	at sun.reflect.DelegatingMethodAccessorImpl.invoke(DelegatingMethodAccessorImpl.java:43)
	at java.lang.reflect.Method.invoke(Method.java:497)
	at org.junit.runners.model.FrameworkMethod$1.runReflectiveCall(FrameworkMethod.java:50)
	at org.junit.internal.runners.model.ReflectiveCallable.run(ReflectiveCallable.java:12)
	at org.junit.runners.model.FrameworkMethod.invokeExplosively(FrameworkMethod.java:47)
	at org.junit.internal.runners.statements.InvokeMethod.evaluate(InvokeMethod.java:17)
	at org.junit.internal.runners.statements.RunBefores.evaluate(RunBefores.java:26)
	at org.junit.runners.ParentRunner.runLeaf(ParentRunner.java:325)
	at org.junit.runners.BlockJUnit4ClassRunner.runChild(BlockJUnit4ClassRunner.java:78)
	at org.junit.runners.BlockJUnit4ClassRunner.runChild(BlockJUnit4ClassRunner.java:57)
	at org.junit.runners.ParentRunner$3.run(ParentRunner.java:290)
	at org.junit.runners.ParentRunner$1.schedule(ParentRunner.java:71)
	at org.junit.runners.ParentRunner.runChildren(ParentRunner.java:288)
	at org.junit.runners.ParentRunner.access$000(ParentRunner.java:58)
	at org.junit.runners.ParentRunner$2.evaluate(ParentRunner.java:268)
	at org.junit.internal.runners.statements.RunBefores.evaluate(RunBefores.java:26)
	at org.junit.runners.ParentRunner.run(ParentRunner.java:363)
	at org.eclipse.jdt.internal.junit4.runner.JUnit4TestReference.run(JUnit4TestReference.java:86)
	at org.eclipse.jdt.internal.junit.runner.TestExecution.run(TestExecution.java:38)
	at org.eclipse.jdt.internal.junit.runner.RemoteTestRunner.runTests(RemoteTestRunner.java:459)
	at org.eclipse.jdt.internal.junit.runner.RemoteTestRunner.runTests(RemoteTestRunner.java:675)
	at org.eclipse.jdt.internal.junit.runner.RemoteTestRunner.run(RemoteTestRunner.java:382)
	at org.eclipse.jdt.internal.junit.runner.RemoteTestRunner.main(RemoteTestRunner.java:192)

</error>
    </testcase>
    <testcase name="crabCantWalkToDiscontinusousHex" classname="hanto.teststudentthhughes.delta.DeltaHantoMasterTest" time="0.0"/>
    <testcase name="makeValidMoveAfterButterfly" classname="hanto.teststudentthhughes.delta.DeltaHantoMasterTest" time="0.0">
      <error>hanto.common.HantoException: Invalid Piece Exception
	at hanto.studentthhughes.common.turnactionvalidator.moveandplacechecks.GeneralActionValidator.invalidError(GeneralActionValidator.java:288)
	at hanto.studentthhughes.common.turnactionvalidator.MasterActionValidator.isValidMove(MasterActionValidator.java:41)
	at hanto.studentthhughes.TemplateHantoGame.checkActionValidators(TemplateHantoGame.java:190)
	at hanto.studentthhughes.TemplateHantoGame.makeMove(TemplateHantoGame.java:84)
	at hanto.teststudentthhughes.delta.DeltaHantoMasterTest.makeValidMoveAfterButterfly(DeltaHantoMasterTest.java:395)
	at sun.reflect.NativeMethodAccessorImpl.invoke0(Native Method)
	at sun.reflect.NativeMethodAccessorImpl.invoke(NativeMethodAccessorImpl.java:62)
	at sun.reflect.DelegatingMethodAccessorImpl.invoke(DelegatingMethodAccessorImpl.java:43)
	at java.lang.reflect.Method.invoke(Method.java:497)
	at org.junit.runners.model.FrameworkMethod$1.runReflectiveCall(FrameworkMethod.java:50)
	at org.junit.internal.runners.model.ReflectiveCallable.run(ReflectiveCallable.java:12)
	at org.junit.runners.model.FrameworkMethod.invokeExplosively(FrameworkMethod.java:47)
	at org.junit.internal.runners.statements.InvokeMethod.evaluate(InvokeMethod.java:17)
	at org.junit.internal.runners.statements.RunBefores.evaluate(RunBefores.java:26)
	at org.junit.runners.ParentRunner.runLeaf(ParentRunner.java:325)
	at org.junit.runners.BlockJUnit4ClassRunner.runChild(BlockJUnit4ClassRunner.java:78)
	at org.junit.runners.BlockJUnit4ClassRunner.runChild(BlockJUnit4ClassRunner.java:57)
	at org.junit.runners.ParentRunner$3.run(ParentRunner.java:290)
	at org.junit.runners.ParentRunner$1.schedule(ParentRunner.java:71)
	at org.junit.runners.ParentRunner.runChildren(ParentRunner.java:288)
	at org.junit.runners.ParentRunner.access$000(ParentRunner.java:58)
	at org.junit.runners.ParentRunner$2.evaluate(ParentRunner.java:268)
	at org.junit.internal.runners.statements.RunBefores.evaluate(RunBefores.java:26)
	at org.junit.runners.ParentRunner.run(ParentRunner.java:363)
	at org.eclipse.jdt.internal.junit4.runner.JUnit4TestReference.run(JUnit4TestReference.java:86)
	at org.eclipse.jdt.internal.junit.runner.TestExecution.run(TestExecution.java:38)
	at org.eclipse.jdt.internal.junit.runner.RemoteTestRunner.runTests(RemoteTestRunner.java:459)
	at org.eclipse.jdt.internal.junit.runner.RemoteTestRunner.runTests(RemoteTestRunner.java:675)
	at org.eclipse.jdt.internal.junit.runner.RemoteTestRunner.run(RemoteTestRunner.java:382)
	at org.eclipse.jdt.internal.junit.runner.RemoteTestRunner.main(RemoteTestRunner.java:192)

</error>
    </testcase>
    <testcase name="onlyFiveCrabsBlue" classname="hanto.teststudentthhughes.delta.DeltaHantoMasterTest" time="0.001"/>
    <testcase name="sparrowLeavesDiscontinuity" classname="hanto.teststudentthhughes.delta.DeltaHantoMasterTest" time="0.002"/>
    <testcase name="exceptionAfterRedWins" classname="hanto.teststudentthhughes.delta.DeltaHantoMasterTest" time="0.001">
      <error>hanto.common.HantoException: Invalid Piece Exception
	at hanto.studentthhughes.common.turnactionvalidator.moveandplacechecks.GeneralActionValidator.invalidError(GeneralActionValidator.java:288)
	at hanto.studentthhughes.common.turnactionvalidator.MasterActionValidator.isValidMove(MasterActionValidator.java:41)
	at hanto.studentthhughes.TemplateHantoGame.checkActionValidators(TemplateHantoGame.java:190)
	at hanto.studentthhughes.TemplateHantoGame.makeMove(TemplateHantoGame.java:84)
	at hanto.teststudentthhughes.delta.DeltaHantoMasterTest.exceptionAfterRedWins(DeltaHantoMasterTest.java:678)
	at sun.reflect.NativeMethodAccessorImpl.invoke0(Native Method)
	at sun.reflect.NativeMethodAccessorImpl.invoke(NativeMethodAccessorImpl.java:62)
	at sun.reflect.DelegatingMethodAccessorImpl.invoke(DelegatingMethodAccessorImpl.java:43)
	at java.lang.reflect.Method.invoke(Method.java:497)
	at org.junit.runners.model.FrameworkMethod$1.runReflectiveCall(FrameworkMethod.java:50)
	at org.junit.internal.runners.model.ReflectiveCallable.run(ReflectiveCallable.java:12)
	at org.junit.runners.model.FrameworkMethod.invokeExplosively(FrameworkMethod.java:47)
	at org.junit.internal.runners.statements.InvokeMethod.evaluate(InvokeMethod.java:17)
	at org.junit.internal.runners.statements.RunBefores.evaluate(RunBefores.java:26)
	at org.junit.runners.ParentRunner.runLeaf(ParentRunner.java:325)
	at org.junit.runners.BlockJUnit4ClassRunner.runChild(BlockJUnit4ClassRunner.java:78)
	at org.junit.runners.BlockJUnit4ClassRunner.runChild(BlockJUnit4ClassRunner.java:57)
	at org.junit.runners.ParentRunner$3.run(ParentRunner.java:290)
	at org.junit.runners.ParentRunner$1.schedule(ParentRunner.java:71)
	at org.junit.runners.ParentRunner.runChildren(ParentRunner.java:288)
	at org.junit.runners.ParentRunner.access$000(ParentRunner.java:58)
	at org.junit.runners.ParentRunner$2.evaluate(ParentRunner.java:268)
	at org.junit.internal.runners.statements.RunBefores.evaluate(RunBefores.java:26)
	at org.junit.runners.ParentRunner.run(ParentRunner.java:363)
	at org.eclipse.jdt.internal.junit4.runner.JUnit4TestReference.run(JUnit4TestReference.java:86)
	at org.eclipse.jdt.internal.junit.runner.TestExecution.run(TestExecution.java:38)
	at org.eclipse.jdt.internal.junit.runner.RemoteTestRunner.runTests(RemoteTestRunner.java:459)
	at org.eclipse.jdt.internal.junit.runner.RemoteTestRunner.runTests(RemoteTestRunner.java:675)
	at org.eclipse.jdt.internal.junit.runner.RemoteTestRunner.run(RemoteTestRunner.java:382)
	at org.eclipse.jdt.internal.junit.runner.RemoteTestRunner.main(RemoteTestRunner.java:192)

</error>
    </testcase>
    <testcase name="openingLargeEnoughForWalkSecondTry" classname="hanto.teststudentthhughes.delta.DeltaHantoMasterTest" time="0.001">
      <error>hanto.common.HantoException: Invalid Piece Exception
	at hanto.studentthhughes.common.turnactionvalidator.moveandplacechecks.GeneralActionValidator.invalidError(GeneralActionValidator.java:288)
	at hanto.studentthhughes.common.turnactionvalidator.MasterActionValidator.isValidMove(MasterActionValidator.java:41)
	at hanto.studentthhughes.TemplateHantoGame.checkActionValidators(TemplateHantoGame.java:190)
	at hanto.studentthhughes.TemplateHantoGame.makeMove(TemplateHantoGame.java:84)
	at hanto.teststudentthhughes.delta.DeltaHantoMasterTest.openingLargeEnoughForWalkSecondTry(DeltaHantoMasterTest.java:458)
	at sun.reflect.NativeMethodAccessorImpl.invoke0(Native Method)
	at sun.reflect.NativeMethodAccessorImpl.invoke(NativeMethodAccessorImpl.java:62)
	at sun.reflect.DelegatingMethodAccessorImpl.invoke(DelegatingMethodAccessorImpl.java:43)
	at java.lang.reflect.Method.invoke(Method.java:497)
	at org.junit.runners.model.FrameworkMethod$1.runReflectiveCall(FrameworkMethod.java:50)
	at org.junit.internal.runners.model.ReflectiveCallable.run(ReflectiveCallable.java:12)
	at org.junit.runners.model.FrameworkMethod.invokeExplosively(FrameworkMethod.java:47)
	at org.junit.internal.runners.statements.InvokeMethod.evaluate(InvokeMethod.java:17)
	at org.junit.internal.runners.statements.RunBefores.evaluate(RunBefores.java:26)
	at org.junit.runners.ParentRunner.runLeaf(ParentRunner.java:325)
	at org.junit.runners.BlockJUnit4ClassRunner.runChild(BlockJUnit4ClassRunner.java:78)
	at org.junit.runners.BlockJUnit4ClassRunner.runChild(BlockJUnit4ClassRunner.java:57)
	at org.junit.runners.ParentRunner$3.run(ParentRunner.java:290)
	at org.junit.runners.ParentRunner$1.schedule(ParentRunner.java:71)
	at org.junit.runners.ParentRunner.runChildren(ParentRunner.java:288)
	at org.junit.runners.ParentRunner.access$000(ParentRunner.java:58)
	at org.junit.runners.ParentRunner$2.evaluate(ParentRunner.java:268)
	at org.junit.internal.runners.statements.RunBefores.evaluate(RunBefores.java:26)
	at org.junit.runners.ParentRunner.run(ParentRunner.java:363)
	at org.eclipse.jdt.internal.junit4.runner.JUnit4TestReference.run(JUnit4TestReference.java:86)
	at org.eclipse.jdt.internal.junit.runner.TestExecution.run(TestExecution.java:38)
	at org.eclipse.jdt.internal.junit.runner.RemoteTestRunner.runTests(RemoteTestRunner.java:459)
	at org.eclipse.jdt.internal.junit.runner.RemoteTestRunner.runTests(RemoteTestRunner.java:675)
	at org.eclipse.jdt.internal.junit.runner.RemoteTestRunner.run(RemoteTestRunner.java:382)
	at org.eclipse.jdt.internal.junit.runner.RemoteTestRunner.main(RemoteTestRunner.java:192)

</error>
    </testcase>
    <testcase name="blueResignsAfterSomeTurns" classname="hanto.teststudentthhughes.delta.DeltaHantoMasterTest" time="0.001">
      <error>hanto.common.HantoException: Invalid Piece Exception
	at hanto.studentthhughes.common.turnactionvalidator.moveandplacechecks.GeneralActionValidator.invalidError(GeneralActionValidator.java:288)
	at hanto.studentthhughes.common.turnactionvalidator.MasterActionValidator.isValidMove(MasterActionValidator.java:41)
	at hanto.studentthhughes.TemplateHantoGame.checkActionValidators(TemplateHantoGame.java:190)
	at hanto.studentthhughes.TemplateHantoGame.makeMove(TemplateHantoGame.java:84)
	at hanto.teststudentthhughes.delta.DeltaHantoMasterTest.blueResignsAfterSomeTurns(DeltaHantoMasterTest.java:905)
	at sun.reflect.NativeMethodAccessorImpl.invoke0(Native Method)
	at sun.reflect.NativeMethodAccessorImpl.invoke(NativeMethodAccessorImpl.java:62)
	at sun.reflect.DelegatingMethodAccessorImpl.invoke(DelegatingMethodAccessorImpl.java:43)
	at java.lang.reflect.Method.invoke(Method.java:497)
	at org.junit.runners.model.FrameworkMethod$1.runReflectiveCall(FrameworkMethod.java:50)
	at org.junit.internal.runners.model.ReflectiveCallable.run(ReflectiveCallable.java:12)
	at org.junit.runners.model.FrameworkMethod.invokeExplosively(FrameworkMethod.java:47)
	at org.junit.internal.runners.statements.InvokeMethod.evaluate(InvokeMethod.java:17)
	at org.junit.internal.runners.statements.RunBefores.evaluate(RunBefores.java:26)
	at org.junit.runners.ParentRunner.runLeaf(ParentRunner.java:325)
	at org.junit.runners.BlockJUnit4ClassRunner.runChild(BlockJUnit4ClassRunner.java:78)
	at org.junit.runners.BlockJUnit4ClassRunner.runChild(BlockJUnit4ClassRunner.java:57)
	at org.junit.runners.ParentRunner$3.run(ParentRunner.java:290)
	at org.junit.runners.ParentRunner$1.schedule(ParentRunner.java:71)
	at org.junit.runners.ParentRunner.runChildren(ParentRunner.java:288)
	at org.junit.runners.ParentRunner.access$000(ParentRunner.java:58)
	at org.junit.runners.ParentRunner$2.evaluate(ParentRunner.java:268)
	at org.junit.internal.runners.statements.RunBefores.evaluate(RunBefores.java:26)
	at org.junit.runners.ParentRunner.run(ParentRunner.java:363)
	at org.eclipse.jdt.internal.junit4.runner.JUnit4TestReference.run(JUnit4TestReference.java:86)
	at org.eclipse.jdt.internal.junit.runner.TestExecution.run(TestExecution.java:38)
	at org.eclipse.jdt.internal.junit.runner.RemoteTestRunner.runTests(RemoteTestRunner.java:459)
	at org.eclipse.jdt.internal.junit.runner.RemoteTestRunner.runTests(RemoteTestRunner.java:675)
	at org.eclipse.jdt.internal.junit.runner.RemoteTestRunner.run(RemoteTestRunner.java:382)
	at org.eclipse.jdt.internal.junit.runner.RemoteTestRunner.main(RemoteTestRunner.java:192)

</error>
    </testcase>
    <testcase name="tryToNotPlayButterflyByFourthTurn" classname="hanto.teststudentthhughes.delta.DeltaHantoMasterTest" time="0.0"/>
    <testcase name="secondPlayerTryToNotPlayButterflyByFourthTurn" classname="hanto.teststudentthhughes.delta.DeltaHantoMasterTest" time="0.0"/>
    <testcase name="tryToMoveSparrowBeforeButterflyPlayed" classname="hanto.teststudentthhughes.delta.DeltaHantoMasterTest" time="0.0"/>
    <testcase name="tryToResignAfterGameOver" classname="hanto.teststudentthhughes.delta.DeltaHantoMasterTest" time="0.001">
      <error>hanto.common.HantoException: Invalid Piece Exception
	at hanto.studentthhughes.common.turnactionvalidator.moveandplacechecks.GeneralActionValidator.invalidError(GeneralActionValidator.java:288)
	at hanto.studentthhughes.common.turnactionvalidator.MasterActionValidator.isValidMove(MasterActionValidator.java:41)
	at hanto.studentthhughes.TemplateHantoGame.checkActionValidators(TemplateHantoGame.java:190)
	at hanto.studentthhughes.TemplateHantoGame.makeMove(TemplateHantoGame.java:84)
	at hanto.teststudentthhughes.delta.DeltaHantoMasterTest.tryToResignAfterGameOver(DeltaHantoMasterTest.java:1114)
	at sun.reflect.NativeMethodAccessorImpl.invoke0(Native Method)
	at sun.reflect.NativeMethodAccessorImpl.invoke(NativeMethodAccessorImpl.java:62)
	at sun.reflect.DelegatingMethodAccessorImpl.invoke(DelegatingMethodAccessorImpl.java:43)
	at java.lang.reflect.Method.invoke(Method.java:497)
	at org.junit.runners.model.FrameworkMethod$1.runReflectiveCall(FrameworkMethod.java:50)
	at org.junit.internal.runners.model.ReflectiveCallable.run(ReflectiveCallable.java:12)
	at org.junit.runners.model.FrameworkMethod.invokeExplosively(FrameworkMethod.java:47)
	at org.junit.internal.runners.statements.InvokeMethod.evaluate(InvokeMethod.java:17)
	at org.junit.internal.runners.statements.RunBefores.evaluate(RunBefores.java:26)
	at org.junit.runners.ParentRunner.runLeaf(ParentRunner.java:325)
	at org.junit.runners.BlockJUnit4ClassRunner.runChild(BlockJUnit4ClassRunner.java:78)
	at org.junit.runners.BlockJUnit4ClassRunner.runChild(BlockJUnit4ClassRunner.java:57)
	at org.junit.runners.ParentRunner$3.run(ParentRunner.java:290)
	at org.junit.runners.ParentRunner$1.schedule(ParentRunner.java:71)
	at org.junit.runners.ParentRunner.runChildren(ParentRunner.java:288)
	at org.junit.runners.ParentRunner.access$000(ParentRunner.java:58)
	at org.junit.runners.ParentRunner$2.evaluate(ParentRunner.java:268)
	at org.junit.internal.runners.statements.RunBefores.evaluate(RunBefores.java:26)
	at org.junit.runners.ParentRunner.run(ParentRunner.java:363)
	at org.eclipse.jdt.internal.junit4.runner.JUnit4TestReference.run(JUnit4TestReference.java:86)
	at org.eclipse.jdt.internal.junit.runner.TestExecution.run(TestExecution.java:38)
	at org.eclipse.jdt.internal.junit.runner.RemoteTestRunner.runTests(RemoteTestRunner.java:459)
	at org.eclipse.jdt.internal.junit.runner.RemoteTestRunner.runTests(RemoteTestRunner.java:675)
	at org.eclipse.jdt.internal.junit.runner.RemoteTestRunner.run(RemoteTestRunner.java:382)
	at org.eclipse.jdt.internal.junit.runner.RemoteTestRunner.main(RemoteTestRunner.java:192)

</error>
    </testcase>
    <testcase name="tryToRemovePiece" classname="hanto.teststudentthhughes.delta.DeltaHantoMasterTest" time="0.0"/>
    <testcase name="redFirstTryToNotPlayButterflyByFourthTurn" classname="hanto.teststudentthhughes.delta.DeltaHantoMasterTest" time="0.0"/>
    <testcase name="redResignsAfterSomeTurns" classname="hanto.teststudentthhughes.delta.DeltaHantoMasterTest" time="0.001">
      <error>hanto.common.HantoException: Invalid Piece Exception
	at hanto.studentthhughes.common.turnactionvalidator.moveandplacechecks.GeneralActionValidator.invalidError(GeneralActionValidator.java:288)
	at hanto.studentthhughes.common.turnactionvalidator.MasterActionValidator.isValidMove(MasterActionValidator.java:41)
	at hanto.studentthhughes.TemplateHantoGame.checkActionValidators(TemplateHantoGame.java:190)
	at hanto.studentthhughes.TemplateHantoGame.makeMove(TemplateHantoGame.java:84)
	at hanto.teststudentthhughes.delta.DeltaHantoMasterTest.redResignsAfterSomeTurns(DeltaHantoMasterTest.java:930)
	at sun.reflect.NativeMethodAccessorImpl.invoke0(Native Method)
	at sun.reflect.NativeMethodAccessorImpl.invoke(NativeMethodAccessorImpl.java:62)
	at sun.reflect.DelegatingMethodAccessorImpl.invoke(DelegatingMethodAccessorImpl.java:43)
	at java.lang.reflect.Method.invoke(Method.java:497)
	at org.junit.runners.model.FrameworkMethod$1.runReflectiveCall(FrameworkMethod.java:50)
	at org.junit.internal.runners.model.ReflectiveCallable.run(ReflectiveCallable.java:12)
	at org.junit.runners.model.FrameworkMethod.invokeExplosively(FrameworkMethod.java:47)
	at org.junit.internal.runners.statements.InvokeMethod.evaluate(InvokeMethod.java:17)
	at org.junit.internal.runners.statements.RunBefores.evaluate(RunBefores.java:26)
	at org.junit.runners.ParentRunner.runLeaf(ParentRunner.java:325)
	at org.junit.runners.BlockJUnit4ClassRunner.runChild(BlockJUnit4ClassRunner.java:78)
	at org.junit.runners.BlockJUnit4ClassRunner.runChild(BlockJUnit4ClassRunner.java:57)
	at org.junit.runners.ParentRunner$3.run(ParentRunner.java:290)
	at org.junit.runners.ParentRunner$1.schedule(ParentRunner.java:71)
	at org.junit.runners.ParentRunner.runChildren(ParentRunner.java:288)
	at org.junit.runners.ParentRunner.access$000(ParentRunner.java:58)
	at org.junit.runners.ParentRunner$2.evaluate(ParentRunner.java:268)
	at org.junit.internal.runners.statements.RunBefores.evaluate(RunBefores.java:26)
	at org.junit.runners.ParentRunner.run(ParentRunner.java:363)
	at org.eclipse.jdt.internal.junit4.runner.JUnit4TestReference.run(JUnit4TestReference.java:86)
	at org.eclipse.jdt.internal.junit.runner.TestExecution.run(TestExecution.java:38)
	at org.eclipse.jdt.internal.junit.runner.RemoteTestRunner.runTests(RemoteTestRunner.java:459)
	at org.eclipse.jdt.internal.junit.runner.RemoteTestRunner.runTests(RemoteTestRunner.java:675)
	at org.eclipse.jdt.internal.junit.runner.RemoteTestRunner.run(RemoteTestRunner.java:382)
	at org.eclipse.jdt.internal.junit.runner.RemoteTestRunner.main(RemoteTestRunner.java:192)

</error>
    </testcase>
    <testcase name="playNotAtOrigin" classname="hanto.teststudentthhughes.delta.DeltaHantoMasterTest" time="0.0"/>
    <testcase name="redTriesToMoveOnTopOfBlue" classname="hanto.teststudentthhughes.delta.DeltaHantoMasterTest" time="0.0"/>
    <testcase name="blueResignsRightAway" classname="hanto.teststudentthhughes.delta.DeltaHantoMasterTest" time="0.0"/>
    <testcase name="sparrowFliesAwayFromEverything" classname="hanto.teststudentthhughes.delta.DeltaHantoMasterTest" time="0.001"/>
    <testcase name="secondRoundPlacementNotAdjacent" classname="hanto.teststudentthhughes.delta.DeltaHantoMasterTest" time="0.0"/>
    <testcase name="bluePlacesPieceWhereRedWent" classname="hanto.teststudentthhughes.delta.DeltaHantoMasterTest" time="0.0"/>
    <testcase name="secondPlacementNotNextToOtherColor" classname="hanto.teststudentthhughes.delta.DeltaHantoMasterTest" time="0.001"/>
    <testcase name="secondPlacementNextToOnlyOtherColor" classname="hanto.teststudentthhughes.delta.DeltaHantoMasterTest" time="0.001"/>
    <testcase name="moveRedToNotConnectedWithOtherReds" classname="hanto.teststudentthhughes.delta.DeltaHantoMasterTest" time="0.0">
      <error>hanto.common.HantoException: Invalid Piece Exception
	at hanto.studentthhughes.common.turnactionvalidator.moveandplacechecks.GeneralActionValidator.invalidError(GeneralActionValidator.java:288)
	at hanto.studentthhughes.common.turnactionvalidator.MasterActionValidator.isValidMove(MasterActionValidator.java:41)
	at hanto.studentthhughes.TemplateHantoGame.checkActionValidators(TemplateHantoGame.java:190)
	at hanto.studentthhughes.TemplateHantoGame.makeMove(TemplateHantoGame.java:84)
	at hanto.teststudentthhughes.delta.DeltaHantoMasterTest.moveRedToNotConnectedWithOtherReds(DeltaHantoMasterTest.java:488)
	at sun.reflect.NativeMethodAccessorImpl.invoke0(Native Method)
	at sun.reflect.NativeMethodAccessorImpl.invoke(NativeMethodAccessorImpl.java:62)
	at sun.reflect.DelegatingMethodAccessorImpl.invoke(DelegatingMethodAccessorImpl.java:43)
	at java.lang.reflect.Method.invoke(Method.java:497)
	at org.junit.runners.model.FrameworkMethod$1.runReflectiveCall(FrameworkMethod.java:50)
	at org.junit.internal.runners.model.ReflectiveCallable.run(ReflectiveCallable.java:12)
	at org.junit.runners.model.FrameworkMethod.invokeExplosively(FrameworkMethod.java:47)
	at org.junit.internal.runners.statements.InvokeMethod.evaluate(InvokeMethod.java:17)
	at org.junit.internal.runners.statements.RunBefores.evaluate(RunBefores.java:26)
	at org.junit.runners.ParentRunner.runLeaf(ParentRunner.java:325)
	at org.junit.runners.BlockJUnit4ClassRunner.runChild(BlockJUnit4ClassRunner.java:78)
	at org.junit.runners.BlockJUnit4ClassRunner.runChild(BlockJUnit4ClassRunner.java:57)
	at org.junit.runners.ParentRunner$3.run(ParentRunner.java:290)
	at org.junit.runners.ParentRunner$1.schedule(ParentRunner.java:71)
	at org.junit.runners.ParentRunner.runChildren(ParentRunner.java:288)
	at org.junit.runners.ParentRunner.access$000(ParentRunner.java:58)
	at org.junit.runners.ParentRunner$2.evaluate(ParentRunner.java:268)
	at org.junit.internal.runners.statements.RunBefores.evaluate(RunBefores.java:26)
	at org.junit.runners.ParentRunner.run(ParentRunner.java:363)
	at org.eclipse.jdt.internal.junit4.runner.JUnit4TestReference.run(JUnit4TestReference.java:86)
	at org.eclipse.jdt.internal.junit.runner.TestExecution.run(TestExecution.java:38)
	at org.eclipse.jdt.internal.junit.runner.RemoteTestRunner.runTests(RemoteTestRunner.java:459)
	at org.eclipse.jdt.internal.junit.runner.RemoteTestRunner.runTests(RemoteTestRunner.java:675)
	at org.eclipse.jdt.internal.junit.runner.RemoteTestRunner.run(RemoteTestRunner.java:382)
	at org.eclipse.jdt.internal.junit.runner.RemoteTestRunner.main(RemoteTestRunner.java:192)

</error>
    </testcase>
    <testcase name="onlyFiveCrabsRed" classname="hanto.teststudentthhughes.delta.DeltaHantoMasterTest" time="0.001"/>
    <testcase name="blueButterflySurrounded" classname="hanto.teststudentthhughes.delta.DeltaHantoMasterTest" time="0.0">
      <error>hanto.common.HantoException: Invalid Piece Exception
	at hanto.studentthhughes.common.turnactionvalidator.moveandplacechecks.GeneralActionValidator.invalidError(GeneralActionValidator.java:288)
	at hanto.studentthhughes.common.turnactionvalidator.MasterActionValidator.isValidMove(MasterActionValidator.java:41)
	at hanto.studentthhughes.TemplateHantoGame.checkActionValidators(TemplateHantoGame.java:190)
	at hanto.studentthhughes.TemplateHantoGame.makeMove(TemplateHantoGame.java:84)
	at hanto.teststudentthhughes.delta.DeltaHantoMasterTest.blueButterflySurrounded(DeltaHantoMasterTest.java:602)
	at sun.reflect.NativeMethodAccessorImpl.invoke0(Native Method)
	at sun.reflect.NativeMethodAccessorImpl.invoke(NativeMethodAccessorImpl.java:62)
	at sun.reflect.DelegatingMethodAccessorImpl.invoke(DelegatingMethodAccessorImpl.java:43)
	at java.lang.reflect.Method.invoke(Method.java:497)
	at org.junit.runners.model.FrameworkMethod$1.runReflectiveCall(FrameworkMethod.java:50)
	at org.junit.internal.runners.model.ReflectiveCallable.run(ReflectiveCallable.java:12)
	at org.junit.runners.model.FrameworkMethod.invokeExplosively(FrameworkMethod.java:47)
	at org.junit.internal.runners.statements.InvokeMethod.evaluate(InvokeMethod.java:17)
	at org.junit.internal.runners.statements.RunBefores.evaluate(RunBefores.java:26)
	at org.junit.runners.ParentRunner.runLeaf(ParentRunner.java:325)
	at org.junit.runners.BlockJUnit4ClassRunner.runChild(BlockJUnit4ClassRunner.java:78)
	at org.junit.runners.BlockJUnit4ClassRunner.runChild(BlockJUnit4ClassRunner.java:57)
	at org.junit.runners.ParentRunner$3.run(ParentRunner.java:290)
	at org.junit.runners.ParentRunner$1.schedule(ParentRunner.java:71)
	at org.junit.runners.ParentRunner.runChildren(ParentRunner.java:288)
	at org.junit.runners.ParentRunner.access$000(ParentRunner.java:58)
	at org.junit.runners.ParentRunner$2.evaluate(ParentRunner.java:268)
	at org.junit.internal.runners.statements.RunBefores.evaluate(RunBefores.java:26)
	at org.junit.runners.ParentRunner.run(ParentRunner.java:363)
	at org.eclipse.jdt.internal.junit4.runner.JUnit4TestReference.run(JUnit4TestReference.java:86)
	at org.eclipse.jdt.internal.junit.runner.TestExecution.run(TestExecution.java:38)
	at org.eclipse.jdt.internal.junit.runner.RemoteTestRunner.runTests(RemoteTestRunner.java:459)
	at org.eclipse.jdt.internal.junit.runner.RemoteTestRunner.runTests(RemoteTestRunner.java:675)
	at org.eclipse.jdt.internal.junit.runner.RemoteTestRunner.run(RemoteTestRunner.java:382)
	at org.eclipse.jdt.internal.junit.runner.RemoteTestRunner.main(RemoteTestRunner.java:192)

</error>
    </testcase>
    <testcase name="playMoreSparrowsThanHavePlayerOne" classname="hanto.teststudentthhughes.delta.DeltaHantoMasterTest" time="0.001"/>
    <testcase name="playMoreSparrowsThanHavePlayerTwo" classname="hanto.teststudentthhughes.delta.DeltaHantoMasterTest" time="0.001">
      <error>hanto.common.HantoException: Invalid Piece Exception
	at hanto.studentthhughes.common.turnactionvalidator.moveandplacechecks.GeneralActionValidator.invalidError(GeneralActionValidator.java:288)
	at hanto.studentthhughes.common.turnactionvalidator.MasterActionValidator.isValidMove(MasterActionValidator.java:41)
	at hanto.studentthhughes.TemplateHantoGame.checkActionValidators(TemplateHantoGame.java:190)
	at hanto.studentthhughes.TemplateHantoGame.makeMove(TemplateHantoGame.java:84)
	at hanto.teststudentthhughes.delta.DeltaHantoMasterTest.playMoreSparrowsThanHavePlayerTwo(DeltaHantoMasterTest.java:559)
	at sun.reflect.NativeMethodAccessorImpl.invoke0(Native Method)
	at sun.reflect.NativeMethodAccessorImpl.invoke(NativeMethodAccessorImpl.java:62)
	at sun.reflect.DelegatingMethodAccessorImpl.invoke(DelegatingMethodAccessorImpl.java:43)
	at java.lang.reflect.Method.invoke(Method.java:497)
	at org.junit.runners.model.FrameworkMethod$1.runReflectiveCall(FrameworkMethod.java:50)
	at org.junit.internal.runners.model.ReflectiveCallable.run(ReflectiveCallable.java:12)
	at org.junit.runners.model.FrameworkMethod.invokeExplosively(FrameworkMethod.java:47)
	at org.junit.internal.runners.statements.InvokeMethod.evaluate(InvokeMethod.java:17)
	at org.junit.internal.runners.statements.RunBefores.evaluate(RunBefores.java:26)
	at org.junit.runners.ParentRunner.runLeaf(ParentRunner.java:325)
	at org.junit.runners.BlockJUnit4ClassRunner.runChild(BlockJUnit4ClassRunner.java:78)
	at org.junit.runners.BlockJUnit4ClassRunner.runChild(BlockJUnit4ClassRunner.java:57)
	at org.junit.runners.ParentRunner$3.run(ParentRunner.java:290)
	at org.junit.runners.ParentRunner$1.schedule(ParentRunner.java:71)
	at org.junit.runners.ParentRunner.runChildren(ParentRunner.java:288)
	at org.junit.runners.ParentRunner.access$000(ParentRunner.java:58)
	at org.junit.runners.ParentRunner$2.evaluate(ParentRunner.java:268)
	at org.junit.internal.runners.statements.RunBefores.evaluate(RunBefores.java:26)
	at org.junit.runners.ParentRunner.run(ParentRunner.java:363)
	at org.eclipse.jdt.internal.junit4.runner.JUnit4TestReference.run(JUnit4TestReference.java:86)
	at org.eclipse.jdt.internal.junit.runner.TestExecution.run(TestExecution.java:38)
	at org.eclipse.jdt.internal.junit.runner.RemoteTestRunner.runTests(RemoteTestRunner.java:459)
	at org.eclipse.jdt.internal.junit.runner.RemoteTestRunner.runTests(RemoteTestRunner.java:675)
	at org.eclipse.jdt.internal.junit.runner.RemoteTestRunner.run(RemoteTestRunner.java:382)
	at org.eclipse.jdt.internal.junit.runner.RemoteTestRunner.main(RemoteTestRunner.java:192)

</error>
    </testcase>
    <testcase name="bluePlaysButterflyTwice" classname="hanto.teststudentthhughes.delta.DeltaHantoMasterTest" time="0.0"/>
    <testcase name="redTriesToMoveWhenNoPiecesPlaced" classname="hanto.teststudentthhughes.delta.DeltaHantoMasterTest" time="0.0"/>
    <testcase name="exceptionAfterBlueWins" classname="hanto.teststudentthhughes.delta.DeltaHantoMasterTest" time="0.001">
      <error>hanto.common.HantoException: Invalid Piece Exception
	at hanto.studentthhughes.common.turnactionvalidator.moveandplacechecks.GeneralActionValidator.invalidError(GeneralActionValidator.java:288)
	at hanto.studentthhughes.common.turnactionvalidator.MasterActionValidator.isValidMove(MasterActionValidator.java:41)
	at hanto.studentthhughes.TemplateHantoGame.checkActionValidators(TemplateHantoGame.java:190)
	at hanto.studentthhughes.TemplateHantoGame.makeMove(TemplateHantoGame.java:84)
	at hanto.teststudentthhughes.delta.DeltaHantoMasterTest.exceptionAfterBlueWins(DeltaHantoMasterTest.java:703)
	at sun.reflect.NativeMethodAccessorImpl.invoke0(Native Method)
	at sun.reflect.NativeMethodAccessorImpl.invoke(NativeMethodAccessorImpl.java:62)
	at sun.reflect.DelegatingMethodAccessorImpl.invoke(DelegatingMethodAccessorImpl.java:43)
	at java.lang.reflect.Method.invoke(Method.java:497)
	at org.junit.runners.model.FrameworkMethod$1.runReflectiveCall(FrameworkMethod.java:50)
	at org.junit.internal.runners.model.ReflectiveCallable.run(ReflectiveCallable.java:12)
	at org.junit.runners.model.FrameworkMethod.invokeExplosively(FrameworkMethod.java:47)
	at org.junit.internal.runners.statements.InvokeMethod.evaluate(InvokeMethod.java:17)
	at org.junit.internal.runners.statements.RunBefores.evaluate(RunBefores.java:26)
	at org.junit.runners.ParentRunner.runLeaf(ParentRunner.java:325)
	at org.junit.runners.BlockJUnit4ClassRunner.runChild(BlockJUnit4ClassRunner.java:78)
	at org.junit.runners.BlockJUnit4ClassRunner.runChild(BlockJUnit4ClassRunner.java:57)
	at org.junit.runners.ParentRunner$3.run(ParentRunner.java:290)
	at org.junit.runners.ParentRunner$1.schedule(ParentRunner.java:71)
	at org.junit.runners.ParentRunner.runChildren(ParentRunner.java:288)
	at org.junit.runners.ParentRunner.access$000(ParentRunner.java:58)
	at org.junit.runners.ParentRunner$2.evaluate(ParentRunner.java:268)
	at org.junit.internal.runners.statements.RunBefores.evaluate(RunBefores.java:26)
	at org.junit.runners.ParentRunner.run(ParentRunner.java:363)
	at org.eclipse.jdt.internal.junit4.runner.JUnit4TestReference.run(JUnit4TestReference.java:86)
	at org.eclipse.jdt.internal.junit.runner.TestExecution.run(TestExecution.java:38)
	at org.eclipse.jdt.internal.junit.runner.RemoteTestRunner.runTests(RemoteTestRunner.java:459)
	at org.eclipse.jdt.internal.junit.runner.RemoteTestRunner.runTests(RemoteTestRunner.java:675)
	at org.eclipse.jdt.internal.junit.runner.RemoteTestRunner.run(RemoteTestRunner.java:382)
	at org.eclipse.jdt.internal.junit.runner.RemoteTestRunner.main(RemoteTestRunner.java:192)

</error>
    </testcase>
    <testcase name="redMakesInvalidSecondMove" classname="hanto.teststudentthhughes.delta.DeltaHantoMasterTest" time="0.0"/>
    <testcase name="playSparrowOnStart" classname="hanto.teststudentthhughes.delta.DeltaHantoMasterTest" time="0.0"/>
    <testcase name="redButterflySurrounded" classname="hanto.teststudentthhughes.delta.DeltaHantoMasterTest" time="0.001">
      <error>hanto.common.HantoException: Invalid Piece Exception
	at hanto.studentthhughes.common.turnactionvalidator.moveandplacechecks.GeneralActionValidator.invalidError(GeneralActionValidator.java:288)
	at hanto.studentthhughes.common.turnactionvalidator.MasterActionValidator.isValidMove(MasterActionValidator.java:41)
	at hanto.studentthhughes.TemplateHantoGame.checkActionValidators(TemplateHantoGame.java:190)
	at hanto.studentthhughes.TemplateHantoGame.makeMove(TemplateHantoGame.java:84)
	at hanto.teststudentthhughes.delta.DeltaHantoMasterTest.redButterflySurrounded(DeltaHantoMasterTest.java:621)
	at sun.reflect.NativeMethodAccessorImpl.invoke0(Native Method)
	at sun.reflect.NativeMethodAccessorImpl.invoke(NativeMethodAccessorImpl.java:62)
	at sun.reflect.DelegatingMethodAccessorImpl.invoke(DelegatingMethodAccessorImpl.java:43)
	at java.lang.reflect.Method.invoke(Method.java:497)
	at org.junit.runners.model.FrameworkMethod$1.runReflectiveCall(FrameworkMethod.java:50)
	at org.junit.internal.runners.model.ReflectiveCallable.run(ReflectiveCallable.java:12)
	at org.junit.runners.model.FrameworkMethod.invokeExplosively(FrameworkMethod.java:47)
	at org.junit.internal.runners.statements.InvokeMethod.evaluate(InvokeMethod.java:17)
	at org.junit.internal.runners.statements.RunBefores.evaluate(RunBefores.java:26)
	at org.junit.runners.ParentRunner.runLeaf(ParentRunner.java:325)
	at org.junit.runners.BlockJUnit4ClassRunner.runChild(BlockJUnit4ClassRunner.java:78)
	at org.junit.runners.BlockJUnit4ClassRunner.runChild(BlockJUnit4ClassRunner.java:57)
	at org.junit.runners.ParentRunner$3.run(ParentRunner.java:290)
	at org.junit.runners.ParentRunner$1.schedule(ParentRunner.java:71)
	at org.junit.runners.ParentRunner.runChildren(ParentRunner.java:288)
	at org.junit.runners.ParentRunner.access$000(ParentRunner.java:58)
	at org.junit.runners.ParentRunner$2.evaluate(ParentRunner.java:268)
	at org.junit.internal.runners.statements.RunBefores.evaluate(RunBefores.java:26)
	at org.junit.runners.ParentRunner.run(ParentRunner.java:363)
	at org.eclipse.jdt.internal.junit4.runner.JUnit4TestReference.run(JUnit4TestReference.java:86)
	at org.eclipse.jdt.internal.junit.runner.TestExecution.run(TestExecution.java:38)
	at org.eclipse.jdt.internal.junit.runner.RemoteTestRunner.runTests(RemoteTestRunner.java:459)
	at org.eclipse.jdt.internal.junit.runner.RemoteTestRunner.runTests(RemoteTestRunner.java:675)
	at org.eclipse.jdt.internal.junit.runner.RemoteTestRunner.run(RemoteTestRunner.java:382)
	at org.eclipse.jdt.internal.junit.runner.RemoteTestRunner.main(RemoteTestRunner.java:192)

</error>
    </testcase>
    <testcase name="noPlaceToMove" classname="hanto.teststudentthhughes.delta.DeltaHantoMasterTest" time="0.0">
      <error>hanto.common.HantoException: Invalid Piece Exception
	at hanto.studentthhughes.common.turnactionvalidator.moveandplacechecks.GeneralActionValidator.invalidError(GeneralActionValidator.java:288)
	at hanto.studentthhughes.common.turnactionvalidator.MasterActionValidator.isValidMove(MasterActionValidator.java:41)
	at hanto.studentthhughes.TemplateHantoGame.checkActionValidators(TemplateHantoGame.java:190)
	at hanto.studentthhughes.TemplateHantoGame.makeMove(TemplateHantoGame.java:84)
	at hanto.teststudentthhughes.delta.DeltaHantoMasterTest.noPlaceToMove(DeltaHantoMasterTest.java:472)
	at sun.reflect.NativeMethodAccessorImpl.invoke0(Native Method)
	at sun.reflect.NativeMethodAccessorImpl.invoke(NativeMethodAccessorImpl.java:62)
	at sun.reflect.DelegatingMethodAccessorImpl.invoke(DelegatingMethodAccessorImpl.java:43)
	at java.lang.reflect.Method.invoke(Method.java:497)
	at org.junit.runners.model.FrameworkMethod$1.runReflectiveCall(FrameworkMethod.java:50)
	at org.junit.internal.runners.model.ReflectiveCallable.run(ReflectiveCallable.java:12)
	at org.junit.runners.model.FrameworkMethod.invokeExplosively(FrameworkMethod.java:47)
	at org.junit.internal.runners.statements.InvokeMethod.evaluate(InvokeMethod.java:17)
	at org.junit.internal.runners.statements.RunBefores.evaluate(RunBefores.java:26)
	at org.junit.runners.ParentRunner.runLeaf(ParentRunner.java:325)
	at org.junit.runners.BlockJUnit4ClassRunner.runChild(BlockJUnit4ClassRunner.java:78)
	at org.junit.runners.BlockJUnit4ClassRunner.runChild(BlockJUnit4ClassRunner.java:57)
	at org.junit.runners.ParentRunner$3.run(ParentRunner.java:290)
	at org.junit.runners.ParentRunner$1.schedule(ParentRunner.java:71)
	at org.junit.runners.ParentRunner.runChildren(ParentRunner.java:288)
	at org.junit.runners.ParentRunner.access$000(ParentRunner.java:58)
	at org.junit.runners.ParentRunner$2.evaluate(ParentRunner.java:268)
	at org.junit.internal.runners.statements.RunBefores.evaluate(RunBefores.java:26)
	at org.junit.runners.ParentRunner.run(ParentRunner.java:363)
	at org.eclipse.jdt.internal.junit4.runner.JUnit4TestReference.run(JUnit4TestReference.java:86)
	at org.eclipse.jdt.internal.junit.runner.TestExecution.run(TestExecution.java:38)
	at org.eclipse.jdt.internal.junit.runner.RemoteTestRunner.runTests(RemoteTestRunner.java:459)
	at org.eclipse.jdt.internal.junit.runner.RemoteTestRunner.runTests(RemoteTestRunner.java:675)
	at org.eclipse.jdt.internal.junit.runner.RemoteTestRunner.run(RemoteTestRunner.java:382)
	at org.eclipse.jdt.internal.junit.runner.RemoteTestRunner.main(RemoteTestRunner.java:192)

</error>
    </testcase>
    <testcase name="redMakesValidSecondMove" classname="hanto.teststudentthhughes.delta.DeltaHantoMasterTest" time="0.0"/>
    <testcase name="crabWalksTriesToWalkFour" classname="hanto.teststudentthhughes.delta.DeltaHantoMasterTest" time="0.001"/>
    <testcase name="redFirstSecondPlayerTryToNotPlayButterflyByFourthTurn" classname="hanto.teststudentthhughes.delta.DeltaHantoMasterTest" time="0.0"/>
    <testcase name="butterfliesSurroundedSimultaneously" classname="hanto.teststudentthhughes.delta.DeltaHantoMasterTest" time="0.001">
      <error>hanto.common.HantoException: Invalid Piece Exception
	at hanto.studentthhughes.common.turnactionvalidator.moveandplacechecks.GeneralActionValidator.invalidError(GeneralActionValidator.java:288)
	at hanto.studentthhughes.common.turnactionvalidator.MasterActionValidator.isValidMove(MasterActionValidator.java:41)
	at hanto.studentthhughes.TemplateHantoGame.checkActionValidators(TemplateHantoGame.java:190)
	at hanto.studentthhughes.TemplateHantoGame.makeMove(TemplateHantoGame.java:84)
	at hanto.teststudentthhughes.delta.DeltaHantoMasterTest.butterfliesSurroundedSimultaneously(DeltaHantoMasterTest.java:583)
	at sun.reflect.NativeMethodAccessorImpl.invoke0(Native Method)
	at sun.reflect.NativeMethodAccessorImpl.invoke(NativeMethodAccessorImpl.java:62)
	at sun.reflect.DelegatingMethodAccessorImpl.invoke(DelegatingMethodAccessorImpl.java:43)
	at java.lang.reflect.Method.invoke(Method.java:497)
	at org.junit.runners.model.FrameworkMethod$1.runReflectiveCall(FrameworkMethod.java:50)
	at org.junit.internal.runners.model.ReflectiveCallable.run(ReflectiveCallable.java:12)
	at org.junit.runners.model.FrameworkMethod.invokeExplosively(FrameworkMethod.java:47)
	at org.junit.internal.runners.statements.InvokeMethod.evaluate(InvokeMethod.java:17)
	at org.junit.internal.runners.statements.RunBefores.evaluate(RunBefores.java:26)
	at org.junit.runners.ParentRunner.runLeaf(ParentRunner.java:325)
	at org.junit.runners.BlockJUnit4ClassRunner.runChild(BlockJUnit4ClassRunner.java:78)
	at org.junit.runners.BlockJUnit4ClassRunner.runChild(BlockJUnit4ClassRunner.java:57)
	at org.junit.runners.ParentRunner$3.run(ParentRunner.java:290)
	at org.junit.runners.ParentRunner$1.schedule(ParentRunner.java:71)
	at org.junit.runners.ParentRunner.runChildren(ParentRunner.java:288)
	at org.junit.runners.ParentRunner.access$000(ParentRunner.java:58)
	at org.junit.runners.ParentRunner$2.evaluate(ParentRunner.java:268)
	at org.junit.internal.runners.statements.RunBefores.evaluate(RunBefores.java:26)
	at org.junit.runners.ParentRunner.run(ParentRunner.java:363)
	at org.eclipse.jdt.internal.junit4.runner.JUnit4TestReference.run(JUnit4TestReference.java:86)
	at org.eclipse.jdt.internal.junit.runner.TestExecution.run(TestExecution.java:38)
	at org.eclipse.jdt.internal.junit.runner.RemoteTestRunner.runTests(RemoteTestRunner.java:459)
	at org.eclipse.jdt.internal.junit.runner.RemoteTestRunner.runTests(RemoteTestRunner.java:675)
	at org.eclipse.jdt.internal.junit.runner.RemoteTestRunner.run(RemoteTestRunner.java:382)
	at org.eclipse.jdt.internal.junit.runner.RemoteTestRunner.main(RemoteTestRunner.java:192)

</error>
    </testcase>
    <testcase name="correctPlacementOnStart" classname="hanto.teststudentthhughes.delta.DeltaHantoMasterTest" time="0.0"/>
    <testcase name="playCrabOnStart" classname="hanto.teststudentthhughes.delta.DeltaHantoMasterTest" time="0.0"/>
    <testcase name="crabWalksThree" classname="hanto.teststudentthhughes.delta.DeltaHantoMasterTest" time="0.001">
      <error>hanto.common.HantoException: Invalid Piece Exception
	at hanto.studentthhughes.common.turnactionvalidator.moveandplacechecks.GeneralActionValidator.invalidError(GeneralActionValidator.java:288)
	at hanto.studentthhughes.common.turnactionvalidator.MasterActionValidator.isValidMove(MasterActionValidator.java:41)
	at hanto.studentthhughes.TemplateHantoGame.checkActionValidators(TemplateHantoGame.java:190)
	at hanto.studentthhughes.TemplateHantoGame.makeMove(TemplateHantoGame.java:84)
	at hanto.teststudentthhughes.delta.DeltaHantoMasterTest.crabWalksThree(DeltaHantoMasterTest.java:748)
	at sun.reflect.NativeMethodAccessorImpl.invoke0(Native Method)
	at sun.reflect.NativeMethodAccessorImpl.invoke(NativeMethodAccessorImpl.java:62)
	at sun.reflect.DelegatingMethodAccessorImpl.invoke(DelegatingMethodAccessorImpl.java:43)
	at java.lang.reflect.Method.invoke(Method.java:497)
	at org.junit.runners.model.FrameworkMethod$1.runReflectiveCall(FrameworkMethod.java:50)
	at org.junit.internal.runners.model.ReflectiveCallable.run(ReflectiveCallable.java:12)
	at org.junit.runners.model.FrameworkMethod.invokeExplosively(FrameworkMethod.java:47)
	at org.junit.internal.runners.statements.InvokeMethod.evaluate(InvokeMethod.java:17)
	at org.junit.internal.runners.statements.RunBefores.evaluate(RunBefores.java:26)
	at org.junit.runners.ParentRunner.runLeaf(ParentRunner.java:325)
	at org.junit.runners.BlockJUnit4ClassRunner.runChild(BlockJUnit4ClassRunner.java:78)
	at org.junit.runners.BlockJUnit4ClassRunner.runChild(BlockJUnit4ClassRunner.java:57)
	at org.junit.runners.ParentRunner$3.run(ParentRunner.java:290)
	at org.junit.runners.ParentRunner$1.schedule(ParentRunner.java:71)
	at org.junit.runners.ParentRunner.runChildren(ParentRunner.java:288)
	at org.junit.runners.ParentRunner.access$000(ParentRunner.java:58)
	at org.junit.runners.ParentRunner$2.evaluate(ParentRunner.java:268)
	at org.junit.internal.runners.statements.RunBefores.evaluate(RunBefores.java:26)
	at org.junit.runners.ParentRunner.run(ParentRunner.java:363)
	at org.eclipse.jdt.internal.junit4.runner.JUnit4TestReference.run(JUnit4TestReference.java:86)
	at org.eclipse.jdt.internal.junit.runner.TestExecution.run(TestExecution.java:38)
	at org.eclipse.jdt.internal.junit.runner.RemoteTestRunner.runTests(RemoteTestRunner.java:459)
	at org.eclipse.jdt.internal.junit.runner.RemoteTestRunner.runTests(RemoteTestRunner.java:675)
	at org.eclipse.jdt.internal.junit.runner.RemoteTestRunner.run(RemoteTestRunner.java:382)
	at org.eclipse.jdt.internal.junit.runner.RemoteTestRunner.main(RemoteTestRunner.java:192)

</error>
    </testcase>
    <testcase name="crabWalksBeforePlacingButterfly" classname="hanto.teststudentthhughes.delta.DeltaHantoMasterTest" time="0.0"/>
    <testcase name="movePieceToSameSpot" classname="hanto.teststudentthhughes.delta.DeltaHantoMasterTest" time="0.0"/>
    <testcase name="sparrowCanLeaveHole" classname="hanto.teststudentthhughes.delta.DeltaHantoMasterTest" time="0.001">
      <error>hanto.common.HantoException: Invalid Piece Exception
	at hanto.studentthhughes.common.turnactionvalidator.moveandplacechecks.GeneralActionValidator.invalidError(GeneralActionValidator.java:288)
	at hanto.studentthhughes.common.turnactionvalidator.MasterActionValidator.isValidMove(MasterActionValidator.java:41)
	at hanto.studentthhughes.TemplateHantoGame.checkActionValidators(TemplateHantoGame.java:190)
	at hanto.studentthhughes.TemplateHantoGame.makeMove(TemplateHantoGame.java:84)
	at hanto.teststudentthhughes.delta.DeltaHantoMasterTest.sparrowCanLeaveHole(DeltaHantoMasterTest.java:1009)
	at sun.reflect.NativeMethodAccessorImpl.invoke0(Native Method)
	at sun.reflect.NativeMethodAccessorImpl.invoke(NativeMethodAccessorImpl.java:62)
	at sun.reflect.DelegatingMethodAccessorImpl.invoke(DelegatingMethodAccessorImpl.java:43)
	at java.lang.reflect.Method.invoke(Method.java:497)
	at org.junit.runners.model.FrameworkMethod$1.runReflectiveCall(FrameworkMethod.java:50)
	at org.junit.internal.runners.model.ReflectiveCallable.run(ReflectiveCallable.java:12)
	at org.junit.runners.model.FrameworkMethod.invokeExplosively(FrameworkMethod.java:47)
	at org.junit.internal.runners.statements.InvokeMethod.evaluate(InvokeMethod.java:17)
	at org.junit.internal.runners.statements.RunBefores.evaluate(RunBefores.java:26)
	at org.junit.runners.ParentRunner.runLeaf(ParentRunner.java:325)
	at org.junit.runners.BlockJUnit4ClassRunner.runChild(BlockJUnit4ClassRunner.java:78)
	at org.junit.runners.BlockJUnit4ClassRunner.runChild(BlockJUnit4ClassRunner.java:57)
	at org.junit.runners.ParentRunner$3.run(ParentRunner.java:290)
	at org.junit.runners.ParentRunner$1.schedule(ParentRunner.java:71)
	at org.junit.runners.ParentRunner.runChildren(ParentRunner.java:288)
	at org.junit.runners.ParentRunner.access$000(ParentRunner.java:58)
	at org.junit.runners.ParentRunner$2.evaluate(ParentRunner.java:268)
	at org.junit.internal.runners.statements.RunBefores.evaluate(RunBefores.java:26)
	at org.junit.runners.ParentRunner.run(ParentRunner.java:363)
	at org.eclipse.jdt.internal.junit4.runner.JUnit4TestReference.run(JUnit4TestReference.java:86)
	at org.eclipse.jdt.internal.junit.runner.TestExecution.run(TestExecution.java:38)
	at org.eclipse.jdt.internal.junit.runner.RemoteTestRunner.runTests(RemoteTestRunner.java:459)
	at org.eclipse.jdt.internal.junit.runner.RemoteTestRunner.runTests(RemoteTestRunner.java:675)
	at org.eclipse.jdt.internal.junit.runner.RemoteTestRunner.run(RemoteTestRunner.java:382)
	at org.eclipse.jdt.internal.junit.runner.RemoteTestRunner.main(RemoteTestRunner.java:192)

</error>
    </testcase>
    <testcase name="redPlacesSecondButterfly" classname="hanto.teststudentthhughes.delta.DeltaHantoMasterTest" time="0.0"/>
    <testcase name="fromNotNullOnStart" classname="hanto.teststudentthhughes.delta.DeltaHantoMasterTest" time="0.0"/>
    <testcase name="sparrowFliesFromSidesOfLine" classname="hanto.teststudentthhughes.delta.DeltaHantoMasterTest" time="0.003">
      <error>hanto.common.HantoException: Invalid Piece Exception
	at hanto.studentthhughes.common.turnactionvalidator.moveandplacechecks.GeneralActionValidator.invalidError(GeneralActionValidator.java:288)
	at hanto.studentthhughes.common.turnactionvalidator.MasterActionValidator.isValidMove(MasterActionValidator.java:41)
	at hanto.studentthhughes.TemplateHantoGame.checkActionValidators(TemplateHantoGame.java:190)
	at hanto.studentthhughes.TemplateHantoGame.makeMove(TemplateHantoGame.java:84)
	at hanto.teststudentthhughes.delta.DeltaHantoMasterTest.sparrowFliesFromSidesOfLine(DeltaHantoMasterTest.java:817)
	at sun.reflect.NativeMethodAccessorImpl.invoke0(Native Method)
	at sun.reflect.NativeMethodAccessorImpl.invoke(NativeMethodAccessorImpl.java:62)
	at sun.reflect.DelegatingMethodAccessorImpl.invoke(DelegatingMethodAccessorImpl.java:43)
	at java.lang.reflect.Method.invoke(Method.java:497)
	at org.junit.runners.model.FrameworkMethod$1.runReflectiveCall(FrameworkMethod.java:50)
	at org.junit.internal.runners.model.ReflectiveCallable.run(ReflectiveCallable.java:12)
	at org.junit.runners.model.FrameworkMethod.invokeExplosively(FrameworkMethod.java:47)
	at org.junit.internal.runners.statements.InvokeMethod.evaluate(InvokeMethod.java:17)
	at org.junit.internal.runners.statements.RunBefores.evaluate(RunBefores.java:26)
	at org.junit.runners.ParentRunner.runLeaf(ParentRunner.java:325)
	at org.junit.runners.BlockJUnit4ClassRunner.runChild(BlockJUnit4ClassRunner.java:78)
	at org.junit.runners.BlockJUnit4ClassRunner.runChild(BlockJUnit4ClassRunner.java:57)
	at org.junit.runners.ParentRunner$3.run(ParentRunner.java:290)
	at org.junit.runners.ParentRunner$1.schedule(ParentRunner.java:71)
	at org.junit.runners.ParentRunner.runChildren(ParentRunner.java:288)
	at org.junit.runners.ParentRunner.access$000(ParentRunner.java:58)
	at org.junit.runners.ParentRunner$2.evaluate(ParentRunner.java:268)
	at org.junit.internal.runners.statements.RunBefores.evaluate(RunBefores.java:26)
	at org.junit.runners.ParentRunner.run(ParentRunner.java:363)
	at org.eclipse.jdt.internal.junit4.runner.JUnit4TestReference.run(JUnit4TestReference.java:86)
	at org.eclipse.jdt.internal.junit.runner.TestExecution.run(TestExecution.java:38)
	at org.eclipse.jdt.internal.junit.runner.RemoteTestRunner.runTests(RemoteTestRunner.java:459)
	at org.eclipse.jdt.internal.junit.runner.RemoteTestRunner.runTests(RemoteTestRunner.java:675)
	at org.eclipse.jdt.internal.junit.runner.RemoteTestRunner.run(RemoteTestRunner.java:382)
	at org.eclipse.jdt.internal.junit.runner.RemoteTestRunner.main(RemoteTestRunner.java:192)

</error>
    </testcase>
  </testsuite>
  <testsuite name="hanto.teststudentthhughes.delta.GammaTestsFromPolliceOnDelta" time="0.008">
    <testcase name="bluePlacesButterflyFirst" classname="hanto.teststudentthhughes.delta.GammaTestsFromPolliceOnDelta" time="0.001"/>
    <testcase name="redSelfLoses" classname="hanto.teststudentthhughes.delta.GammaTestsFromPolliceOnDelta" time="0.001">
      <error>hanto.common.HantoException: Invalid Piece Exception
	at hanto.studentthhughes.common.turnactionvalidator.moveandplacechecks.GeneralActionValidator.invalidError(GeneralActionValidator.java:288)
	at hanto.studentthhughes.common.turnactionvalidator.MasterActionValidator.isValidMove(MasterActionValidator.java:41)
	at hanto.studentthhughes.TemplateHantoGame.checkActionValidators(TemplateHantoGame.java:190)
	at hanto.studentthhughes.TemplateHantoGame.makeMove(TemplateHantoGame.java:84)
	at hanto.teststudentthhughes.delta.GammaTestsFromPolliceOnDelta.makeMoves(GammaTestsFromPolliceOnDelta.java:295)
	at hanto.teststudentthhughes.delta.GammaTestsFromPolliceOnDelta.redSelfLoses(GammaTestsFromPolliceOnDelta.java:194)
	at sun.reflect.NativeMethodAccessorImpl.invoke0(Native Method)
	at sun.reflect.NativeMethodAccessorImpl.invoke(NativeMethodAccessorImpl.java:62)
	at sun.reflect.DelegatingMethodAccessorImpl.invoke(DelegatingMethodAccessorImpl.java:43)
	at java.lang.reflect.Method.invoke(Method.java:497)
	at org.junit.runners.model.FrameworkMethod$1.runReflectiveCall(FrameworkMethod.java:50)
	at org.junit.internal.runners.model.ReflectiveCallable.run(ReflectiveCallable.java:12)
	at org.junit.runners.model.FrameworkMethod.invokeExplosively(FrameworkMethod.java:47)
	at org.junit.internal.runners.statements.InvokeMethod.evaluate(InvokeMethod.java:17)
	at org.junit.internal.runners.statements.RunBefores.evaluate(RunBefores.java:26)
	at org.junit.runners.ParentRunner.runLeaf(ParentRunner.java:325)
	at org.junit.runners.BlockJUnit4ClassRunner.runChild(BlockJUnit4ClassRunner.java:78)
	at org.junit.runners.BlockJUnit4ClassRunner.runChild(BlockJUnit4ClassRunner.java:57)
	at org.junit.runners.ParentRunner$3.run(ParentRunner.java:290)
	at org.junit.runners.ParentRunner$1.schedule(ParentRunner.java:71)
	at org.junit.runners.ParentRunner.runChildren(ParentRunner.java:288)
	at org.junit.runners.ParentRunner.access$000(ParentRunner.java:58)
	at org.junit.runners.ParentRunner$2.evaluate(ParentRunner.java:268)
	at org.junit.internal.runners.statements.RunBefores.evaluate(RunBefores.java:26)
	at org.junit.runners.ParentRunner.run(ParentRunner.java:363)
	at org.eclipse.jdt.internal.junit4.runner.JUnit4TestReference.run(JUnit4TestReference.java:86)
	at org.eclipse.jdt.internal.junit.runner.TestExecution.run(TestExecution.java:38)
	at org.eclipse.jdt.internal.junit.runner.RemoteTestRunner.runTests(RemoteTestRunner.java:459)
	at org.eclipse.jdt.internal.junit.runner.RemoteTestRunner.runTests(RemoteTestRunner.java:675)
	at org.eclipse.jdt.internal.junit.runner.RemoteTestRunner.run(RemoteTestRunner.java:382)
	at org.eclipse.jdt.internal.junit.runner.RemoteTestRunner.main(RemoteTestRunner.java:192)

</error>
    </testcase>
    <testcase name="tryToMoveWhenNotEnoughSpace" classname="hanto.teststudentthhughes.delta.GammaTestsFromPolliceOnDelta" time="0.0"/>
    <testcase name="tryToUseTooManyButterflies" classname="hanto.teststudentthhughes.delta.GammaTestsFromPolliceOnDelta" time="0.0"/>
    <testcase name="blueWins" classname="hanto.teststudentthhughes.delta.GammaTestsFromPolliceOnDelta" time="0.001">
      <error>hanto.common.HantoException: Invalid Piece Exception
	at hanto.studentthhughes.common.turnactionvalidator.moveandplacechecks.GeneralActionValidator.invalidError(GeneralActionValidator.java:288)
	at hanto.studentthhughes.common.turnactionvalidator.MasterActionValidator.isValidMove(MasterActionValidator.java:41)
	at hanto.studentthhughes.TemplateHantoGame.checkActionValidators(TemplateHantoGame.java:190)
	at hanto.studentthhughes.TemplateHantoGame.makeMove(TemplateHantoGame.java:84)
	at hanto.teststudentthhughes.delta.GammaTestsFromPolliceOnDelta.makeMoves(GammaTestsFromPolliceOnDelta.java:295)
	at hanto.teststudentthhughes.delta.GammaTestsFromPolliceOnDelta.blueWins(GammaTestsFromPolliceOnDelta.java:183)
	at sun.reflect.NativeMethodAccessorImpl.invoke0(Native Method)
	at sun.reflect.NativeMethodAccessorImpl.invoke(NativeMethodAccessorImpl.java:62)
	at sun.reflect.DelegatingMethodAccessorImpl.invoke(DelegatingMethodAccessorImpl.java:43)
	at java.lang.reflect.Method.invoke(Method.java:497)
	at org.junit.runners.model.FrameworkMethod$1.runReflectiveCall(FrameworkMethod.java:50)
	at org.junit.internal.runners.model.ReflectiveCallable.run(ReflectiveCallable.java:12)
	at org.junit.runners.model.FrameworkMethod.invokeExplosively(FrameworkMethod.java:47)
	at org.junit.internal.runners.statements.InvokeMethod.evaluate(InvokeMethod.java:17)
	at org.junit.internal.runners.statements.RunBefores.evaluate(RunBefores.java:26)
	at org.junit.runners.ParentRunner.runLeaf(ParentRunner.java:325)
	at org.junit.runners.BlockJUnit4ClassRunner.runChild(BlockJUnit4ClassRunner.java:78)
	at org.junit.runners.BlockJUnit4ClassRunner.runChild(BlockJUnit4ClassRunner.java:57)
	at org.junit.runners.ParentRunner$3.run(ParentRunner.java:290)
	at org.junit.runners.ParentRunner$1.schedule(ParentRunner.java:71)
	at org.junit.runners.ParentRunner.runChildren(ParentRunner.java:288)
	at org.junit.runners.ParentRunner.access$000(ParentRunner.java:58)
	at org.junit.runners.ParentRunner$2.evaluate(ParentRunner.java:268)
	at org.junit.internal.runners.statements.RunBefores.evaluate(RunBefores.java:26)
	at org.junit.runners.ParentRunner.run(ParentRunner.java:363)
	at org.eclipse.jdt.internal.junit4.runner.JUnit4TestReference.run(JUnit4TestReference.java:86)
	at org.eclipse.jdt.internal.junit.runner.TestExecution.run(TestExecution.java:38)
	at org.eclipse.jdt.internal.junit.runner.RemoteTestRunner.runTests(RemoteTestRunner.java:459)
	at org.eclipse.jdt.internal.junit.runner.RemoteTestRunner.runTests(RemoteTestRunner.java:675)
	at org.eclipse.jdt.internal.junit.runner.RemoteTestRunner.run(RemoteTestRunner.java:382)
	at org.eclipse.jdt.internal.junit.runner.RemoteTestRunner.main(RemoteTestRunner.java:192)

</error>
    </testcase>
    <testcase name="butterflyNotPlacedByFourthMoveByFirstPlayer" classname="hanto.teststudentthhughes.delta.GammaTestsFromPolliceOnDelta" time="0.0"/>
    <testcase name="moveToDisconnectConfiguration" classname="hanto.teststudentthhughes.delta.GammaTestsFromPolliceOnDelta" time="0.0"/>
    <testcase name="moveFromEmptyHex" classname="hanto.teststudentthhughes.delta.GammaTestsFromPolliceOnDelta" time="0.0"/>
    <testcase name="moveSparrowToOccupiedHex" classname="hanto.teststudentthhughes.delta.GammaTestsFromPolliceOnDelta" time="0.001"/>
    <testcase name="tryToPlacePieceNextToOpponent" classname="hanto.teststudentthhughes.delta.GammaTestsFromPolliceOnDelta" time="0.0"/>
    <testcase name="blueMovesSparrow" classname="hanto.teststudentthhughes.delta.GammaTestsFromPolliceOnDelta" time="0.0">
      <error>hanto.common.HantoException: Invalid Piece Exception
	at hanto.studentthhughes.common.turnactionvalidator.moveandplacechecks.GeneralActionValidator.invalidError(GeneralActionValidator.java:288)
	at hanto.studentthhughes.common.turnactionvalidator.MasterActionValidator.isValidMove(MasterActionValidator.java:41)
	at hanto.studentthhughes.TemplateHantoGame.checkActionValidators(TemplateHantoGame.java:190)
	at hanto.studentthhughes.TemplateHantoGame.makeMove(TemplateHantoGame.java:84)
	at hanto.teststudentthhughes.delta.GammaTestsFromPolliceOnDelta.makeMoves(GammaTestsFromPolliceOnDelta.java:295)
	at hanto.teststudentthhughes.delta.GammaTestsFromPolliceOnDelta.blueMovesSparrow(GammaTestsFromPolliceOnDelta.java:95)
	at sun.reflect.NativeMethodAccessorImpl.invoke0(Native Method)
	at sun.reflect.NativeMethodAccessorImpl.invoke(NativeMethodAccessorImpl.java:62)
	at sun.reflect.DelegatingMethodAccessorImpl.invoke(DelegatingMethodAccessorImpl.java:43)
	at java.lang.reflect.Method.invoke(Method.java:497)
	at org.junit.runners.model.FrameworkMethod$1.runReflectiveCall(FrameworkMethod.java:50)
	at org.junit.internal.runners.model.ReflectiveCallable.run(ReflectiveCallable.java:12)
	at org.junit.runners.model.FrameworkMethod.invokeExplosively(FrameworkMethod.java:47)
	at org.junit.internal.runners.statements.InvokeMethod.evaluate(InvokeMethod.java:17)
	at org.junit.internal.runners.statements.RunBefores.evaluate(RunBefores.java:26)
	at org.junit.runners.ParentRunner.runLeaf(ParentRunner.java:325)
	at org.junit.runners.BlockJUnit4ClassRunner.runChild(BlockJUnit4ClassRunner.java:78)
	at org.junit.runners.BlockJUnit4ClassRunner.runChild(BlockJUnit4ClassRunner.java:57)
	at org.junit.runners.ParentRunner$3.run(ParentRunner.java:290)
	at org.junit.runners.ParentRunner$1.schedule(ParentRunner.java:71)
	at org.junit.runners.ParentRunner.runChildren(ParentRunner.java:288)
	at org.junit.runners.ParentRunner.access$000(ParentRunner.java:58)
	at org.junit.runners.ParentRunner$2.evaluate(ParentRunner.java:268)
	at org.junit.internal.runners.statements.RunBefores.evaluate(RunBefores.java:26)
	at org.junit.runners.ParentRunner.run(ParentRunner.java:363)
	at org.eclipse.jdt.internal.junit4.runner.JUnit4TestReference.run(JUnit4TestReference.java:86)
	at org.eclipse.jdt.internal.junit.runner.TestExecution.run(TestExecution.java:38)
	at org.eclipse.jdt.internal.junit.runner.RemoteTestRunner.runTests(RemoteTestRunner.java:459)
	at org.eclipse.jdt.internal.junit.runner.RemoteTestRunner.runTests(RemoteTestRunner.java:675)
	at org.eclipse.jdt.internal.junit.runner.RemoteTestRunner.run(RemoteTestRunner.java:382)
	at org.eclipse.jdt.internal.junit.runner.RemoteTestRunner.main(RemoteTestRunner.java:192)

</error>
    </testcase>
    <testcase name="tryToMoveWrongColorPiece" classname="hanto.teststudentthhughes.delta.GammaTestsFromPolliceOnDelta" time="0.001"/>
    <testcase name="butterflyNotPlacedByFourthMoveBySecondPlayer" classname="hanto.teststudentthhughes.delta.GammaTestsFromPolliceOnDelta" time="0.0"/>
    <testcase name="tryToMoveTooFar" classname="hanto.teststudentthhughes.delta.GammaTestsFromPolliceOnDelta" time="0.0"/>
    <testcase name="tryToMoveWrongPieceType" classname="hanto.teststudentthhughes.delta.GammaTestsFromPolliceOnDelta" time="0.001"/>
    <testcase name="tryToUseTooManySparrows" classname="hanto.teststudentthhughes.delta.GammaTestsFromPolliceOnDelta" time="0.0"/>
    <testcase name="moveButterflyToSameHex" classname="hanto.teststudentthhughes.delta.GammaTestsFromPolliceOnDelta" time="0.0"/>
    <testcase name="tryToMoveAfterGameIsOver" classname="hanto.teststudentthhughes.delta.GammaTestsFromPolliceOnDelta" time="0.001"/>
    <testcase name="tryToUsePieceNotInGame" classname="hanto.teststudentthhughes.delta.GammaTestsFromPolliceOnDelta" time="0.0"/>
    <testcase name="redPlacesSparrowFirst" classname="hanto.teststudentthhughes.delta.GammaTestsFromPolliceOnDelta" time="0.001"/>
  </testsuite>
</testrun>
