<?xml version="1.0" encoding="UTF-8"?><testrun name="test" project="Hanto2016thhughes" tests="79" started="79" failures="0" errors="20" ignored="0">
  <testsuite name="hanto.Test.studentThhughes.alpha.AlphaHantoTest" time="0.0">
    <testcase name="redTriesToPlaceCrab" classname="hanto.Test.studentThhughes.alpha.AlphaHantoTest" time="0.0"/>
    <testcase name="blueMovesToNonOrigin" classname="hanto.Test.studentThhughes.alpha.AlphaHantoTest" time="0.0"/>
    <testcase name="redPlacesButterflyAtOrigin" classname="hanto.Test.studentThhughes.alpha.AlphaHantoTest" time="0.0"/>
    <testcase name="blueButterflyIsAtOrginAfterMove" classname="hanto.Test.studentThhughes.alpha.AlphaHantoTest" time="0.0"/>
    <testcase name="blueMakesValidFirstMove" classname="hanto.Test.studentThhughes.alpha.AlphaHantoTest" time="0.0"/>
    <testcase name="attemptToMoveAfterGameEnds" classname="hanto.Test.studentThhughes.alpha.AlphaHantoTest" time="0.0"/>
    <testcase name="redMakesValidMove" classname="hanto.Test.studentThhughes.alpha.AlphaHantoTest" time="0.0"/>
    <testcase name="blueTriesToPlaceSparrow" classname="hanto.Test.studentThhughes.alpha.AlphaHantoTest" time="0.0"/>
    <testcase name="redPlacesButterflyAtInvalidLocation" classname="hanto.Test.studentThhughes.alpha.AlphaHantoTest" time="0.0"/>
    <testcase name="redButterflyIsAtCorrectPlaceAfterRedMoves" classname="hanto.Test.studentThhughes.alpha.AlphaHantoTest" time="0.0"/>
  </testsuite>
  <testsuite name="hanto.Test.studentThhughes.common.coordinate.HantoCoordinateImplTest" time="0.0">
    <testcase name="testCopyConstructor" classname="hanto.Test.studentThhughes.common.coordinate.HantoCoordinateImplTest" time="0.0"/>
    <testcase name="testGetters" classname="hanto.Test.studentThhughes.common.coordinate.HantoCoordinateImplTest" time="0.0"/>
    <testcase name="testGetNeighbors" classname="hanto.Test.studentThhughes.common.coordinate.HantoCoordinateImplTest" time="0.0"/>
    <testcase name="testConstructor" classname="hanto.Test.studentThhughes.common.coordinate.HantoCoordinateImplTest" time="0.0"/>
    <testcase name="testCopyConstructorSetters" classname="hanto.Test.studentThhughes.common.coordinate.HantoCoordinateImplTest" time="0.0"/>
  </testsuite>
  <testsuite name="hanto.Test.studentThhughes.common.colorManager.ColorManagerTest" time="0.0">
    <testcase name="testToggleOnce" classname="hanto.Test.studentThhughes.common.colorManager.ColorManagerTest" time="0.0"/>
    <testcase name="testToggleTwice" classname="hanto.Test.studentThhughes.common.colorManager.ColorManagerTest" time="0.0"/>
    <testcase name="testGetter" classname="hanto.Test.studentThhughes.common.colorManager.ColorManagerTest" time="0.0"/>
    <testcase name="testConstructor" classname="hanto.Test.studentThhughes.common.colorManager.ColorManagerTest" time="0.0"/>
  </testsuite>
  <testsuite name="hanto.Test.studentThhughes.common.moveValidator.LocationValidatorTest" time="0.0">
    <testcase name="testValidatorWithNoArgs" classname="hanto.Test.studentThhughes.common.moveValidator.LocationValidatorTest" time="0.0"/>
    <testcase name="testCheckingEmptySpotWithAFrontierOfOneThing" classname="hanto.Test.studentThhughes.common.moveValidator.LocationValidatorTest" time="0.0"/>
    <testcase name="testInvalidError" classname="hanto.Test.studentThhughes.common.moveValidator.LocationValidatorTest" time="0.0"/>
    <testcase name="testCheckingStarterFrontierAvailabilityOfOffFrontierPlace" classname="hanto.Test.studentThhughes.common.moveValidator.LocationValidatorTest" time="0.0"/>
    <testcase name="testCheckingStarterFrontierAvailability" classname="hanto.Test.studentThhughes.common.moveValidator.LocationValidatorTest" time="0.0"/>
  </testsuite>
  <testsuite name="hanto.Test.studentThhughes.common.board.BoardImplTest" time="0.0">
    <testcase name="testRemovingFromEmptyBoardWithNullAsLocation" classname="hanto.Test.studentThhughes.common.board.BoardImplTest" time="0.0"/>
    <testcase name="boardIsEmptyAndLocationsFree" classname="hanto.Test.studentThhughes.common.board.BoardImplTest" time="0.0"/>
    <testcase name="removePieceThatsNotOnBoard" classname="hanto.Test.studentThhughes.common.board.BoardImplTest" time="0.0"/>
    <testcase name="canGetSomethingFromBoard" classname="hanto.Test.studentThhughes.common.board.BoardImplTest" time="0.0"/>
    <testcase name="testCorrectlyAddingSomethingToBoard" classname="hanto.Test.studentThhughes.common.board.BoardImplTest" time="0.0"/>
    <testcase name="canGetSomethingFromEmptyBoard" classname="hanto.Test.studentThhughes.common.board.BoardImplTest" time="0.0"/>
    <testcase name="removePieceFromBoard" classname="hanto.Test.studentThhughes.common.board.BoardImplTest" time="0.0"/>
    <testcase name="testValidDestinationNullPiece" classname="hanto.Test.studentThhughes.common.board.BoardImplTest" time="0.0"/>
    <testcase name="testRemovingFromEmptyBoard" classname="hanto.Test.studentThhughes.common.board.BoardImplTest" time="0.0"/>
    <testcase name="boardIsNotEmptyAndEmptyLocationIsQueried" classname="hanto.Test.studentThhughes.common.board.BoardImplTest" time="0.0"/>
    <testcase name="canAddSomethingToFilledSPot" classname="hanto.Test.studentThhughes.common.board.BoardImplTest" time="0.0"/>
    <testcase name="boardIsNotEmptyAndOccupiedLocationIsQueried" classname="hanto.Test.studentThhughes.common.board.BoardImplTest" time="0.0"/>
    <testcase name="testNullPlaceDestination" classname="hanto.Test.studentThhughes.common.board.BoardImplTest" time="0.0"/>
    <testcase name="testConstructor" classname="hanto.Test.studentThhughes.common.board.BoardImplTest" time="0.0"/>
  </testsuite>
  <testsuite name="hanto.Test.studentThhughes.beta.BetaHantoMasterTest" time="0.001">
    <testcase name="redAndBlueWinResultingInDraw" classname="hanto.Test.studentThhughes.beta.BetaHantoMasterTest" time="0.0">
      <error>java.lang.NullPointerException
	at hanto.studentThhughes.common.moveValidator.ButterflyPlacedInTimeValidator.isValidMove(ButterflyPlacedInTimeValidator.java:31)
	at hanto.studentThhughes.common.moveValidator.AggrigateValidator.isValidMove(AggrigateValidator.java:26)
	at hanto.studentThhughes.beta.BetaHantoGameRefactored.makeMove(BetaHantoGameRefactored.java:92)
	at hanto.Test.studentThhughes.beta.BetaHantoMasterTest.redAndBlueWinResultingInDraw(BetaHantoMasterTest.java:372)
	at sun.reflect.NativeMethodAccessorImpl.invoke0(Native Method)
	at sun.reflect.NativeMethodAccessorImpl.invoke(NativeMethodAccessorImpl.java:62)
	at sun.reflect.DelegatingMethodAccessorImpl.invoke(DelegatingMethodAccessorImpl.java:43)
	at java.lang.reflect.Method.invoke(Method.java:497)
	at org.junit.runners.model.FrameworkMethod$1.runReflectiveCall(FrameworkMethod.java:50)
	at org.junit.internal.runners.model.ReflectiveCallable.run(ReflectiveCallable.java:12)
	at org.junit.runners.model.FrameworkMethod.invokeExplosively(FrameworkMethod.java:47)
	at org.junit.internal.runners.statements.InvokeMethod.evaluate(InvokeMethod.java:17)
	at org.junit.internal.runners.statements.RunBefores.evaluate(RunBefores.java:26)
	at org.junit.runners.ParentRunner.runLeaf(ParentRunner.java:325)
	at org.junit.runners.BlockJUnit4ClassRunner.runChild(BlockJUnit4ClassRunner.java:78)
	at org.junit.runners.BlockJUnit4ClassRunner.runChild(BlockJUnit4ClassRunner.java:57)
	at org.junit.runners.ParentRunner$3.run(ParentRunner.java:290)
	at org.junit.runners.ParentRunner$1.schedule(ParentRunner.java:71)
	at org.junit.runners.ParentRunner.runChildren(ParentRunner.java:288)
	at org.junit.runners.ParentRunner.access$000(ParentRunner.java:58)
	at org.junit.runners.ParentRunner$2.evaluate(ParentRunner.java:268)
	at org.junit.internal.runners.statements.RunBefores.evaluate(RunBefores.java:26)
	at org.junit.runners.ParentRunner.run(ParentRunner.java:363)
	at org.eclipse.jdt.internal.junit4.runner.JUnit4TestReference.run(JUnit4TestReference.java:86)
	at org.eclipse.jdt.internal.junit.runner.TestExecution.run(TestExecution.java:38)
	at org.eclipse.jdt.internal.junit.runner.RemoteTestRunner.runTests(RemoteTestRunner.java:459)
	at org.eclipse.jdt.internal.junit.runner.RemoteTestRunner.runTests(RemoteTestRunner.java:675)
	at org.eclipse.jdt.internal.junit.runner.RemoteTestRunner.run(RemoteTestRunner.java:382)
	at org.eclipse.jdt.internal.junit.runner.RemoteTestRunner.main(RemoteTestRunner.java:192)

</error>
    </testcase>
    <testcase name="tryingToMakeAMoveAfterADraw" classname="hanto.Test.studentThhughes.beta.BetaHantoMasterTest" time="0.0">
      <error>java.lang.Exception: Unexpected exception, expected&lt;hanto.common.HantoException&gt; but was&lt;java.lang.NullPointerException&gt;
	at org.junit.internal.runners.statements.ExpectException.evaluate(ExpectException.java:28)
	at org.junit.internal.runners.statements.RunBefores.evaluate(RunBefores.java:26)
	at org.junit.runners.ParentRunner.runLeaf(ParentRunner.java:325)
	at org.junit.runners.BlockJUnit4ClassRunner.runChild(BlockJUnit4ClassRunner.java:78)
	at org.junit.runners.BlockJUnit4ClassRunner.runChild(BlockJUnit4ClassRunner.java:57)
	at org.junit.runners.ParentRunner$3.run(ParentRunner.java:290)
	at org.junit.runners.ParentRunner$1.schedule(ParentRunner.java:71)
	at org.junit.runners.ParentRunner.runChildren(ParentRunner.java:288)
	at org.junit.runners.ParentRunner.access$000(ParentRunner.java:58)
	at org.junit.runners.ParentRunner$2.evaluate(ParentRunner.java:268)
	at org.junit.internal.runners.statements.RunBefores.evaluate(RunBefores.java:26)
	at org.junit.runners.ParentRunner.run(ParentRunner.java:363)
	at org.eclipse.jdt.internal.junit4.runner.JUnit4TestReference.run(JUnit4TestReference.java:86)
	at org.eclipse.jdt.internal.junit.runner.TestExecution.run(TestExecution.java:38)
	at org.eclipse.jdt.internal.junit.runner.RemoteTestRunner.runTests(RemoteTestRunner.java:459)
	at org.eclipse.jdt.internal.junit.runner.RemoteTestRunner.runTests(RemoteTestRunner.java:675)
	at org.eclipse.jdt.internal.junit.runner.RemoteTestRunner.run(RemoteTestRunner.java:382)
	at org.eclipse.jdt.internal.junit.runner.RemoteTestRunner.main(RemoteTestRunner.java:192)
Caused by: java.lang.NullPointerException
	at hanto.studentThhughes.common.moveValidator.ButterflyPlacedInTimeValidator.isValidMove(ButterflyPlacedInTimeValidator.java:31)
	at hanto.studentThhughes.common.moveValidator.AggrigateValidator.isValidMove(AggrigateValidator.java:26)
	at hanto.studentThhughes.beta.BetaHantoGameRefactored.makeMove(BetaHantoGameRefactored.java:92)
	at hanto.Test.studentThhughes.beta.BetaHantoMasterTest.tryingToMakeAMoveAfterADraw(BetaHantoMasterTest.java:421)
	at sun.reflect.NativeMethodAccessorImpl.invoke0(Native Method)
	at sun.reflect.NativeMethodAccessorImpl.invoke(NativeMethodAccessorImpl.java:62)
	at sun.reflect.DelegatingMethodAccessorImpl.invoke(DelegatingMethodAccessorImpl.java:43)
	at java.lang.reflect.Method.invoke(Method.java:497)
	at org.junit.runners.model.FrameworkMethod$1.runReflectiveCall(FrameworkMethod.java:50)
	at org.junit.internal.runners.model.ReflectiveCallable.run(ReflectiveCallable.java:12)
	at org.junit.runners.model.FrameworkMethod.invokeExplosively(FrameworkMethod.java:47)
	at org.junit.internal.runners.statements.InvokeMethod.evaluate(InvokeMethod.java:17)
	at org.junit.internal.runners.statements.ExpectException.evaluate(ExpectException.java:19)
	... 17 more

</error>
    </testcase>
    <testcase name="redTriesToPlaceDove" classname="hanto.Test.studentThhughes.beta.BetaHantoMasterTest" time="0.0">
      <error>java.lang.Exception: Unexpected exception, expected&lt;hanto.common.HantoException&gt; but was&lt;java.lang.NullPointerException&gt;
	at org.junit.internal.runners.statements.ExpectException.evaluate(ExpectException.java:28)
	at org.junit.internal.runners.statements.RunBefores.evaluate(RunBefores.java:26)
	at org.junit.runners.ParentRunner.runLeaf(ParentRunner.java:325)
	at org.junit.runners.BlockJUnit4ClassRunner.runChild(BlockJUnit4ClassRunner.java:78)
	at org.junit.runners.BlockJUnit4ClassRunner.runChild(BlockJUnit4ClassRunner.java:57)
	at org.junit.runners.ParentRunner$3.run(ParentRunner.java:290)
	at org.junit.runners.ParentRunner$1.schedule(ParentRunner.java:71)
	at org.junit.runners.ParentRunner.runChildren(ParentRunner.java:288)
	at org.junit.runners.ParentRunner.access$000(ParentRunner.java:58)
	at org.junit.runners.ParentRunner$2.evaluate(ParentRunner.java:268)
	at org.junit.internal.runners.statements.RunBefores.evaluate(RunBefores.java:26)
	at org.junit.runners.ParentRunner.run(ParentRunner.java:363)
	at org.eclipse.jdt.internal.junit4.runner.JUnit4TestReference.run(JUnit4TestReference.java:86)
	at org.eclipse.jdt.internal.junit.runner.TestExecution.run(TestExecution.java:38)
	at org.eclipse.jdt.internal.junit.runner.RemoteTestRunner.runTests(RemoteTestRunner.java:459)
	at org.eclipse.jdt.internal.junit.runner.RemoteTestRunner.runTests(RemoteTestRunner.java:675)
	at org.eclipse.jdt.internal.junit.runner.RemoteTestRunner.run(RemoteTestRunner.java:382)
	at org.eclipse.jdt.internal.junit.runner.RemoteTestRunner.main(RemoteTestRunner.java:192)
Caused by: java.lang.NullPointerException
	at hanto.studentThhughes.common.moveValidator.ButterflyPlacedInTimeValidator.isValidMove(ButterflyPlacedInTimeValidator.java:31)
	at hanto.studentThhughes.common.moveValidator.AggrigateValidator.isValidMove(AggrigateValidator.java:26)
	at hanto.studentThhughes.beta.BetaHantoGameRefactored.makeMove(BetaHantoGameRefactored.java:92)
	at hanto.Test.studentThhughes.beta.BetaHantoMasterTest.redTriesToPlaceDove(BetaHantoMasterTest.java:213)
	at sun.reflect.NativeMethodAccessorImpl.invoke0(Native Method)
	at sun.reflect.NativeMethodAccessorImpl.invoke(NativeMethodAccessorImpl.java:62)
	at sun.reflect.DelegatingMethodAccessorImpl.invoke(DelegatingMethodAccessorImpl.java:43)
	at java.lang.reflect.Method.invoke(Method.java:497)
	at org.junit.runners.model.FrameworkMethod$1.runReflectiveCall(FrameworkMethod.java:50)
	at org.junit.internal.runners.model.ReflectiveCallable.run(ReflectiveCallable.java:12)
	at org.junit.runners.model.FrameworkMethod.invokeExplosively(FrameworkMethod.java:47)
	at org.junit.internal.runners.statements.InvokeMethod.evaluate(InvokeMethod.java:17)
	at org.junit.internal.runners.statements.ExpectException.evaluate(ExpectException.java:19)
	... 17 more

</error>
    </testcase>
    <testcase name="blueWinsGameOnTwelfthMove" classname="hanto.Test.studentThhughes.beta.BetaHantoMasterTest" time="0.001">
      <error>java.lang.NullPointerException
	at hanto.studentThhughes.common.moveValidator.ButterflyPlacedInTimeValidator.isValidMove(ButterflyPlacedInTimeValidator.java:31)
	at hanto.studentThhughes.common.moveValidator.AggrigateValidator.isValidMove(AggrigateValidator.java:26)
	at hanto.studentThhughes.beta.BetaHantoGameRefactored.makeMove(BetaHantoGameRefactored.java:92)
	at hanto.Test.studentThhughes.beta.BetaHantoMasterTest.blueWinsGameOnTwelfthMove(BetaHantoMasterTest.java:315)
	at sun.reflect.NativeMethodAccessorImpl.invoke0(Native Method)
	at sun.reflect.NativeMethodAccessorImpl.invoke(NativeMethodAccessorImpl.java:62)
	at sun.reflect.DelegatingMethodAccessorImpl.invoke(DelegatingMethodAccessorImpl.java:43)
	at java.lang.reflect.Method.invoke(Method.java:497)
	at org.junit.runners.model.FrameworkMethod$1.runReflectiveCall(FrameworkMethod.java:50)
	at org.junit.internal.runners.model.ReflectiveCallable.run(ReflectiveCallable.java:12)
	at org.junit.runners.model.FrameworkMethod.invokeExplosively(FrameworkMethod.java:47)
	at org.junit.internal.runners.statements.InvokeMethod.evaluate(InvokeMethod.java:17)
	at org.junit.internal.runners.statements.RunBefores.evaluate(RunBefores.java:26)
	at org.junit.runners.ParentRunner.runLeaf(ParentRunner.java:325)
	at org.junit.runners.BlockJUnit4ClassRunner.runChild(BlockJUnit4ClassRunner.java:78)
	at org.junit.runners.BlockJUnit4ClassRunner.runChild(BlockJUnit4ClassRunner.java:57)
	at org.junit.runners.ParentRunner$3.run(ParentRunner.java:290)
	at org.junit.runners.ParentRunner$1.schedule(ParentRunner.java:71)
	at org.junit.runners.ParentRunner.runChildren(ParentRunner.java:288)
	at org.junit.runners.ParentRunner.access$000(ParentRunner.java:58)
	at org.junit.runners.ParentRunner$2.evaluate(ParentRunner.java:268)
	at org.junit.internal.runners.statements.RunBefores.evaluate(RunBefores.java:26)
	at org.junit.runners.ParentRunner.run(ParentRunner.java:363)
	at org.eclipse.jdt.internal.junit4.runner.JUnit4TestReference.run(JUnit4TestReference.java:86)
	at org.eclipse.jdt.internal.junit.runner.TestExecution.run(TestExecution.java:38)
	at org.eclipse.jdt.internal.junit.runner.RemoteTestRunner.runTests(RemoteTestRunner.java:459)
	at org.eclipse.jdt.internal.junit.runner.RemoteTestRunner.runTests(RemoteTestRunner.java:675)
	at org.eclipse.jdt.internal.junit.runner.RemoteTestRunner.run(RemoteTestRunner.java:382)
	at org.eclipse.jdt.internal.junit.runner.RemoteTestRunner.main(RemoteTestRunner.java:192)

</error>
    </testcase>
    <testcase name="blueTriesToPlacePieceWithNullLocation" classname="hanto.Test.studentThhughes.beta.BetaHantoMasterTest" time="0.0"/>
    <testcase name="bluePlacesInitialSparrowAtOrigin" classname="hanto.Test.studentThhughes.beta.BetaHantoMasterTest" time="0.0">
      <error>java.lang.NullPointerException
	at hanto.studentThhughes.common.moveValidator.ButterflyPlacedInTimeValidator.isValidMove(ButterflyPlacedInTimeValidator.java:31)
	at hanto.studentThhughes.common.moveValidator.AggrigateValidator.isValidMove(AggrigateValidator.java:26)
	at hanto.studentThhughes.beta.BetaHantoGameRefactored.makeMove(BetaHantoGameRefactored.java:92)
	at hanto.Test.studentThhughes.beta.BetaHantoMasterTest.bluePlacesInitialSparrowAtOrigin(BetaHantoMasterTest.java:96)
	at sun.reflect.NativeMethodAccessorImpl.invoke0(Native Method)
	at sun.reflect.NativeMethodAccessorImpl.invoke(NativeMethodAccessorImpl.java:62)
	at sun.reflect.DelegatingMethodAccessorImpl.invoke(DelegatingMethodAccessorImpl.java:43)
	at java.lang.reflect.Method.invoke(Method.java:497)
	at org.junit.runners.model.FrameworkMethod$1.runReflectiveCall(FrameworkMethod.java:50)
	at org.junit.internal.runners.model.ReflectiveCallable.run(ReflectiveCallable.java:12)
	at org.junit.runners.model.FrameworkMethod.invokeExplosively(FrameworkMethod.java:47)
	at org.junit.internal.runners.statements.InvokeMethod.evaluate(InvokeMethod.java:17)
	at org.junit.internal.runners.statements.RunBefores.evaluate(RunBefores.java:26)
	at org.junit.runners.ParentRunner.runLeaf(ParentRunner.java:325)
	at org.junit.runners.BlockJUnit4ClassRunner.runChild(BlockJUnit4ClassRunner.java:78)
	at org.junit.runners.BlockJUnit4ClassRunner.runChild(BlockJUnit4ClassRunner.java:57)
	at org.junit.runners.ParentRunner$3.run(ParentRunner.java:290)
	at org.junit.runners.ParentRunner$1.schedule(ParentRunner.java:71)
	at org.junit.runners.ParentRunner.runChildren(ParentRunner.java:288)
	at org.junit.runners.ParentRunner.access$000(ParentRunner.java:58)
	at org.junit.runners.ParentRunner$2.evaluate(ParentRunner.java:268)
	at org.junit.internal.runners.statements.RunBefores.evaluate(RunBefores.java:26)
	at org.junit.runners.ParentRunner.run(ParentRunner.java:363)
	at org.eclipse.jdt.internal.junit4.runner.JUnit4TestReference.run(JUnit4TestReference.java:86)
	at org.eclipse.jdt.internal.junit.runner.TestExecution.run(TestExecution.java:38)
	at org.eclipse.jdt.internal.junit.runner.RemoteTestRunner.runTests(RemoteTestRunner.java:459)
	at org.eclipse.jdt.internal.junit.runner.RemoteTestRunner.runTests(RemoteTestRunner.java:675)
	at org.eclipse.jdt.internal.junit.runner.RemoteTestRunner.run(RemoteTestRunner.java:382)
	at org.eclipse.jdt.internal.junit.runner.RemoteTestRunner.main(RemoteTestRunner.java:192)

</error>
    </testcase>
    <testcase name="redWinsGameOnTwelfthMove" classname="hanto.Test.studentThhughes.beta.BetaHantoMasterTest" time="0.0">
      <error>java.lang.NullPointerException
	at hanto.studentThhughes.common.moveValidator.ButterflyPlacedInTimeValidator.isValidMove(ButterflyPlacedInTimeValidator.java:31)
	at hanto.studentThhughes.common.moveValidator.AggrigateValidator.isValidMove(AggrigateValidator.java:26)
	at hanto.studentThhughes.beta.BetaHantoGameRefactored.makeMove(BetaHantoGameRefactored.java:92)
	at hanto.Test.studentThhughes.beta.BetaHantoMasterTest.redWinsGameOnTwelfthMove(BetaHantoMasterTest.java:343)
	at sun.reflect.NativeMethodAccessorImpl.invoke0(Native Method)
	at sun.reflect.NativeMethodAccessorImpl.invoke(NativeMethodAccessorImpl.java:62)
	at sun.reflect.DelegatingMethodAccessorImpl.invoke(DelegatingMethodAccessorImpl.java:43)
	at java.lang.reflect.Method.invoke(Method.java:497)
	at org.junit.runners.model.FrameworkMethod$1.runReflectiveCall(FrameworkMethod.java:50)
	at org.junit.internal.runners.model.ReflectiveCallable.run(ReflectiveCallable.java:12)
	at org.junit.runners.model.FrameworkMethod.invokeExplosively(FrameworkMethod.java:47)
	at org.junit.internal.runners.statements.InvokeMethod.evaluate(InvokeMethod.java:17)
	at org.junit.internal.runners.statements.RunBefores.evaluate(RunBefores.java:26)
	at org.junit.runners.ParentRunner.runLeaf(ParentRunner.java:325)
	at org.junit.runners.BlockJUnit4ClassRunner.runChild(BlockJUnit4ClassRunner.java:78)
	at org.junit.runners.BlockJUnit4ClassRunner.runChild(BlockJUnit4ClassRunner.java:57)
	at org.junit.runners.ParentRunner$3.run(ParentRunner.java:290)
	at org.junit.runners.ParentRunner$1.schedule(ParentRunner.java:71)
	at org.junit.runners.ParentRunner.runChildren(ParentRunner.java:288)
	at org.junit.runners.ParentRunner.access$000(ParentRunner.java:58)
	at org.junit.runners.ParentRunner$2.evaluate(ParentRunner.java:268)
	at org.junit.internal.runners.statements.RunBefores.evaluate(RunBefores.java:26)
	at org.junit.runners.ParentRunner.run(ParentRunner.java:363)
	at org.eclipse.jdt.internal.junit4.runner.JUnit4TestReference.run(JUnit4TestReference.java:86)
	at org.eclipse.jdt.internal.junit.runner.TestExecution.run(TestExecution.java:38)
	at org.eclipse.jdt.internal.junit.runner.RemoteTestRunner.runTests(RemoteTestRunner.java:459)
	at org.eclipse.jdt.internal.junit.runner.RemoteTestRunner.runTests(RemoteTestRunner.java:675)
	at org.eclipse.jdt.internal.junit.runner.RemoteTestRunner.run(RemoteTestRunner.java:382)
	at org.eclipse.jdt.internal.junit.runner.RemoteTestRunner.main(RemoteTestRunner.java:192)

</error>
    </testcase>
    <testcase name="gameEndsInDrawAfterTwelveMoves" classname="hanto.Test.studentThhughes.beta.BetaHantoMasterTest" time="0.0">
      <error>java.lang.NullPointerException
	at hanto.studentThhughes.common.moveValidator.ButterflyPlacedInTimeValidator.isValidMove(ButterflyPlacedInTimeValidator.java:31)
	at hanto.studentThhughes.common.moveValidator.AggrigateValidator.isValidMove(AggrigateValidator.java:26)
	at hanto.studentThhughes.beta.BetaHantoGameRefactored.makeMove(BetaHantoGameRefactored.java:92)
	at hanto.Test.studentThhughes.beta.BetaHantoMasterTest.gameEndsInDrawAfterTwelveMoves(BetaHantoMasterTest.java:248)
	at sun.reflect.NativeMethodAccessorImpl.invoke0(Native Method)
	at sun.reflect.NativeMethodAccessorImpl.invoke(NativeMethodAccessorImpl.java:62)
	at sun.reflect.DelegatingMethodAccessorImpl.invoke(DelegatingMethodAccessorImpl.java:43)
	at java.lang.reflect.Method.invoke(Method.java:497)
	at org.junit.runners.model.FrameworkMethod$1.runReflectiveCall(FrameworkMethod.java:50)
	at org.junit.internal.runners.model.ReflectiveCallable.run(ReflectiveCallable.java:12)
	at org.junit.runners.model.FrameworkMethod.invokeExplosively(FrameworkMethod.java:47)
	at org.junit.internal.runners.statements.InvokeMethod.evaluate(InvokeMethod.java:17)
	at org.junit.internal.runners.statements.RunBefores.evaluate(RunBefores.java:26)
	at org.junit.runners.ParentRunner.runLeaf(ParentRunner.java:325)
	at org.junit.runners.BlockJUnit4ClassRunner.runChild(BlockJUnit4ClassRunner.java:78)
	at org.junit.runners.BlockJUnit4ClassRunner.runChild(BlockJUnit4ClassRunner.java:57)
	at org.junit.runners.ParentRunner$3.run(ParentRunner.java:290)
	at org.junit.runners.ParentRunner$1.schedule(ParentRunner.java:71)
	at org.junit.runners.ParentRunner.runChildren(ParentRunner.java:288)
	at org.junit.runners.ParentRunner.access$000(ParentRunner.java:58)
	at org.junit.runners.ParentRunner$2.evaluate(ParentRunner.java:268)
	at org.junit.internal.runners.statements.RunBefores.evaluate(RunBefores.java:26)
	at org.junit.runners.ParentRunner.run(ParentRunner.java:363)
	at org.eclipse.jdt.internal.junit4.runner.JUnit4TestReference.run(JUnit4TestReference.java:86)
	at org.eclipse.jdt.internal.junit.runner.TestExecution.run(TestExecution.java:38)
	at org.eclipse.jdt.internal.junit.runner.RemoteTestRunner.runTests(RemoteTestRunner.java:459)
	at org.eclipse.jdt.internal.junit.runner.RemoteTestRunner.runTests(RemoteTestRunner.java:675)
	at org.eclipse.jdt.internal.junit.runner.RemoteTestRunner.run(RemoteTestRunner.java:382)
	at org.eclipse.jdt.internal.junit.runner.RemoteTestRunner.main(RemoteTestRunner.java:192)

</error>
    </testcase>
    <testcase name="redTriesToPlaceDoveOnFourthTurn" classname="hanto.Test.studentThhughes.beta.BetaHantoMasterTest" time="0.0">
      <error>java.lang.Exception: Unexpected exception, expected&lt;hanto.common.HantoException&gt; but was&lt;java.lang.NullPointerException&gt;
	at org.junit.internal.runners.statements.ExpectException.evaluate(ExpectException.java:28)
	at org.junit.internal.runners.statements.RunBefores.evaluate(RunBefores.java:26)
	at org.junit.runners.ParentRunner.runLeaf(ParentRunner.java:325)
	at org.junit.runners.BlockJUnit4ClassRunner.runChild(BlockJUnit4ClassRunner.java:78)
	at org.junit.runners.BlockJUnit4ClassRunner.runChild(BlockJUnit4ClassRunner.java:57)
	at org.junit.runners.ParentRunner$3.run(ParentRunner.java:290)
	at org.junit.runners.ParentRunner$1.schedule(ParentRunner.java:71)
	at org.junit.runners.ParentRunner.runChildren(ParentRunner.java:288)
	at org.junit.runners.ParentRunner.access$000(ParentRunner.java:58)
	at org.junit.runners.ParentRunner$2.evaluate(ParentRunner.java:268)
	at org.junit.internal.runners.statements.RunBefores.evaluate(RunBefores.java:26)
	at org.junit.runners.ParentRunner.run(ParentRunner.java:363)
	at org.eclipse.jdt.internal.junit4.runner.JUnit4TestReference.run(JUnit4TestReference.java:86)
	at org.eclipse.jdt.internal.junit.runner.TestExecution.run(TestExecution.java:38)
	at org.eclipse.jdt.internal.junit.runner.RemoteTestRunner.runTests(RemoteTestRunner.java:459)
	at org.eclipse.jdt.internal.junit.runner.RemoteTestRunner.runTests(RemoteTestRunner.java:675)
	at org.eclipse.jdt.internal.junit.runner.RemoteTestRunner.run(RemoteTestRunner.java:382)
	at org.eclipse.jdt.internal.junit.runner.RemoteTestRunner.main(RemoteTestRunner.java:192)
Caused by: java.lang.NullPointerException
	at hanto.studentThhughes.common.moveValidator.ButterflyPlacedInTimeValidator.isValidMove(ButterflyPlacedInTimeValidator.java:31)
	at hanto.studentThhughes.common.moveValidator.AggrigateValidator.isValidMove(AggrigateValidator.java:26)
	at hanto.studentThhughes.beta.BetaHantoGameRefactored.makeMove(BetaHantoGameRefactored.java:92)
	at hanto.Test.studentThhughes.beta.BetaHantoMasterTest.redTriesToPlaceDoveOnFourthTurn(BetaHantoMasterTest.java:228)
	at sun.reflect.NativeMethodAccessorImpl.invoke0(Native Method)
	at sun.reflect.NativeMethodAccessorImpl.invoke(NativeMethodAccessorImpl.java:62)
	at sun.reflect.DelegatingMethodAccessorImpl.invoke(DelegatingMethodAccessorImpl.java:43)
	at java.lang.reflect.Method.invoke(Method.java:497)
	at org.junit.runners.model.FrameworkMethod$1.runReflectiveCall(FrameworkMethod.java:50)
	at org.junit.internal.runners.model.ReflectiveCallable.run(ReflectiveCallable.java:12)
	at org.junit.runners.model.FrameworkMethod.invokeExplosively(FrameworkMethod.java:47)
	at org.junit.internal.runners.statements.InvokeMethod.evaluate(InvokeMethod.java:17)
	at org.junit.internal.runners.statements.ExpectException.evaluate(ExpectException.java:19)
	... 17 more

</error>
    </testcase>
    <testcase name="blueLosesInSevenTurns" classname="hanto.Test.studentThhughes.beta.BetaHantoMasterTest" time="0.0">
      <error>java.lang.NullPointerException
	at hanto.studentThhughes.common.moveValidator.ButterflyPlacedInTimeValidator.isValidMove(ButterflyPlacedInTimeValidator.java:31)
	at hanto.studentThhughes.common.moveValidator.AggrigateValidator.isValidMove(AggrigateValidator.java:26)
	at hanto.studentThhughes.beta.BetaHantoGameRefactored.makeMove(BetaHantoGameRefactored.java:92)
	at hanto.Test.studentThhughes.beta.BetaHantoMasterTest.blueLosesInSevenTurns(BetaHantoMasterTest.java:277)
	at sun.reflect.NativeMethodAccessorImpl.invoke0(Native Method)
	at sun.reflect.NativeMethodAccessorImpl.invoke(NativeMethodAccessorImpl.java:62)
	at sun.reflect.DelegatingMethodAccessorImpl.invoke(DelegatingMethodAccessorImpl.java:43)
	at java.lang.reflect.Method.invoke(Method.java:497)
	at org.junit.runners.model.FrameworkMethod$1.runReflectiveCall(FrameworkMethod.java:50)
	at org.junit.internal.runners.model.ReflectiveCallable.run(ReflectiveCallable.java:12)
	at org.junit.runners.model.FrameworkMethod.invokeExplosively(FrameworkMethod.java:47)
	at org.junit.internal.runners.statements.InvokeMethod.evaluate(InvokeMethod.java:17)
	at org.junit.internal.runners.statements.RunBefores.evaluate(RunBefores.java:26)
	at org.junit.runners.ParentRunner.runLeaf(ParentRunner.java:325)
	at org.junit.runners.BlockJUnit4ClassRunner.runChild(BlockJUnit4ClassRunner.java:78)
	at org.junit.runners.BlockJUnit4ClassRunner.runChild(BlockJUnit4ClassRunner.java:57)
	at org.junit.runners.ParentRunner$3.run(ParentRunner.java:290)
	at org.junit.runners.ParentRunner$1.schedule(ParentRunner.java:71)
	at org.junit.runners.ParentRunner.runChildren(ParentRunner.java:288)
	at org.junit.runners.ParentRunner.access$000(ParentRunner.java:58)
	at org.junit.runners.ParentRunner$2.evaluate(ParentRunner.java:268)
	at org.junit.internal.runners.statements.RunBefores.evaluate(RunBefores.java:26)
	at org.junit.runners.ParentRunner.run(ParentRunner.java:363)
	at org.eclipse.jdt.internal.junit4.runner.JUnit4TestReference.run(JUnit4TestReference.java:86)
	at org.eclipse.jdt.internal.junit.runner.TestExecution.run(TestExecution.java:38)
	at org.eclipse.jdt.internal.junit.runner.RemoteTestRunner.runTests(RemoteTestRunner.java:459)
	at org.eclipse.jdt.internal.junit.runner.RemoteTestRunner.runTests(RemoteTestRunner.java:675)
	at org.eclipse.jdt.internal.junit.runner.RemoteTestRunner.run(RemoteTestRunner.java:382)
	at org.eclipse.jdt.internal.junit.runner.RemoteTestRunner.main(RemoteTestRunner.java:192)

</error>
    </testcase>
    <testcase name="redMakesinValidMoveAfterBluePlacesButterfly" classname="hanto.Test.studentThhughes.beta.BetaHantoMasterTest" time="0.0">
      <error>java.lang.Exception: Unexpected exception, expected&lt;hanto.common.HantoException&gt; but was&lt;java.lang.NullPointerException&gt;
	at org.junit.internal.runners.statements.ExpectException.evaluate(ExpectException.java:28)
	at org.junit.internal.runners.statements.RunBefores.evaluate(RunBefores.java:26)
	at org.junit.runners.ParentRunner.runLeaf(ParentRunner.java:325)
	at org.junit.runners.BlockJUnit4ClassRunner.runChild(BlockJUnit4ClassRunner.java:78)
	at org.junit.runners.BlockJUnit4ClassRunner.runChild(BlockJUnit4ClassRunner.java:57)
	at org.junit.runners.ParentRunner$3.run(ParentRunner.java:290)
	at org.junit.runners.ParentRunner$1.schedule(ParentRunner.java:71)
	at org.junit.runners.ParentRunner.runChildren(ParentRunner.java:288)
	at org.junit.runners.ParentRunner.access$000(ParentRunner.java:58)
	at org.junit.runners.ParentRunner$2.evaluate(ParentRunner.java:268)
	at org.junit.internal.runners.statements.RunBefores.evaluate(RunBefores.java:26)
	at org.junit.runners.ParentRunner.run(ParentRunner.java:363)
	at org.eclipse.jdt.internal.junit4.runner.JUnit4TestReference.run(JUnit4TestReference.java:86)
	at org.eclipse.jdt.internal.junit.runner.TestExecution.run(TestExecution.java:38)
	at org.eclipse.jdt.internal.junit.runner.RemoteTestRunner.runTests(RemoteTestRunner.java:459)
	at org.eclipse.jdt.internal.junit.runner.RemoteTestRunner.runTests(RemoteTestRunner.java:675)
	at org.eclipse.jdt.internal.junit.runner.RemoteTestRunner.run(RemoteTestRunner.java:382)
	at org.eclipse.jdt.internal.junit.runner.RemoteTestRunner.main(RemoteTestRunner.java:192)
Caused by: java.lang.NullPointerException
	at hanto.studentThhughes.common.moveValidator.ButterflyPlacedInTimeValidator.isValidMove(ButterflyPlacedInTimeValidator.java:31)
	at hanto.studentThhughes.common.moveValidator.AggrigateValidator.isValidMove(AggrigateValidator.java:26)
	at hanto.studentThhughes.beta.BetaHantoGameRefactored.makeMove(BetaHantoGameRefactored.java:92)
	at hanto.Test.studentThhughes.beta.BetaHantoMasterTest.redMakesinValidMoveAfterBluePlacesButterfly(BetaHantoMasterTest.java:123)
	at sun.reflect.NativeMethodAccessorImpl.invoke0(Native Method)
	at sun.reflect.NativeMethodAccessorImpl.invoke(NativeMethodAccessorImpl.java:62)
	at sun.reflect.DelegatingMethodAccessorImpl.invoke(DelegatingMethodAccessorImpl.java:43)
	at java.lang.reflect.Method.invoke(Method.java:497)
	at org.junit.runners.model.FrameworkMethod$1.runReflectiveCall(FrameworkMethod.java:50)
	at org.junit.internal.runners.model.ReflectiveCallable.run(ReflectiveCallable.java:12)
	at org.junit.runners.model.FrameworkMethod.invokeExplosively(FrameworkMethod.java:47)
	at org.junit.internal.runners.statements.InvokeMethod.evaluate(InvokeMethod.java:17)
	at org.junit.internal.runners.statements.ExpectException.evaluate(ExpectException.java:19)
	... 17 more

</error>
    </testcase>
    <testcase name="redTriesToPlaceSparrowOnFourthTurn" classname="hanto.Test.studentThhughes.beta.BetaHantoMasterTest" time="0.0">
      <error>java.lang.Exception: Unexpected exception, expected&lt;hanto.common.HantoException&gt; but was&lt;java.lang.NullPointerException&gt;
	at org.junit.internal.runners.statements.ExpectException.evaluate(ExpectException.java:28)
	at org.junit.internal.runners.statements.RunBefores.evaluate(RunBefores.java:26)
	at org.junit.runners.ParentRunner.runLeaf(ParentRunner.java:325)
	at org.junit.runners.BlockJUnit4ClassRunner.runChild(BlockJUnit4ClassRunner.java:78)
	at org.junit.runners.BlockJUnit4ClassRunner.runChild(BlockJUnit4ClassRunner.java:57)
	at org.junit.runners.ParentRunner$3.run(ParentRunner.java:290)
	at org.junit.runners.ParentRunner$1.schedule(ParentRunner.java:71)
	at org.junit.runners.ParentRunner.runChildren(ParentRunner.java:288)
	at org.junit.runners.ParentRunner.access$000(ParentRunner.java:58)
	at org.junit.runners.ParentRunner$2.evaluate(ParentRunner.java:268)
	at org.junit.internal.runners.statements.RunBefores.evaluate(RunBefores.java:26)
	at org.junit.runners.ParentRunner.run(ParentRunner.java:363)
	at org.eclipse.jdt.internal.junit4.runner.JUnit4TestReference.run(JUnit4TestReference.java:86)
	at org.eclipse.jdt.internal.junit.runner.TestExecution.run(TestExecution.java:38)
	at org.eclipse.jdt.internal.junit.runner.RemoteTestRunner.runTests(RemoteTestRunner.java:459)
	at org.eclipse.jdt.internal.junit.runner.RemoteTestRunner.runTests(RemoteTestRunner.java:675)
	at org.eclipse.jdt.internal.junit.runner.RemoteTestRunner.run(RemoteTestRunner.java:382)
	at org.eclipse.jdt.internal.junit.runner.RemoteTestRunner.main(RemoteTestRunner.java:192)
Caused by: java.lang.NullPointerException
	at hanto.studentThhughes.common.moveValidator.ButterflyPlacedInTimeValidator.isValidMove(ButterflyPlacedInTimeValidator.java:31)
	at hanto.studentThhughes.common.moveValidator.AggrigateValidator.isValidMove(AggrigateValidator.java:26)
	at hanto.studentThhughes.beta.BetaHantoGameRefactored.makeMove(BetaHantoGameRefactored.java:92)
	at hanto.Test.studentThhughes.beta.BetaHantoMasterTest.redTriesToPlaceSparrowOnFourthTurn(BetaHantoMasterTest.java:193)
	at sun.reflect.NativeMethodAccessorImpl.invoke0(Native Method)
	at sun.reflect.NativeMethodAccessorImpl.invoke(NativeMethodAccessorImpl.java:62)
	at sun.reflect.DelegatingMethodAccessorImpl.invoke(DelegatingMethodAccessorImpl.java:43)
	at java.lang.reflect.Method.invoke(Method.java:497)
	at org.junit.runners.model.FrameworkMethod$1.runReflectiveCall(FrameworkMethod.java:50)
	at org.junit.internal.runners.model.ReflectiveCallable.run(ReflectiveCallable.java:12)
	at org.junit.runners.model.FrameworkMethod.invokeExplosively(FrameworkMethod.java:47)
	at org.junit.internal.runners.statements.InvokeMethod.evaluate(InvokeMethod.java:17)
	at org.junit.internal.runners.statements.ExpectException.evaluate(ExpectException.java:19)
	... 17 more

</error>
    </testcase>
    <testcase name="blueTriesToPlayTwoButterflies" classname="hanto.Test.studentThhughes.beta.BetaHantoMasterTest" time="0.0">
      <error>java.lang.Exception: Unexpected exception, expected&lt;hanto.common.HantoException&gt; but was&lt;java.lang.NullPointerException&gt;
	at org.junit.internal.runners.statements.ExpectException.evaluate(ExpectException.java:28)
	at org.junit.internal.runners.statements.RunBefores.evaluate(RunBefores.java:26)
	at org.junit.runners.ParentRunner.runLeaf(ParentRunner.java:325)
	at org.junit.runners.BlockJUnit4ClassRunner.runChild(BlockJUnit4ClassRunner.java:78)
	at org.junit.runners.BlockJUnit4ClassRunner.runChild(BlockJUnit4ClassRunner.java:57)
	at org.junit.runners.ParentRunner$3.run(ParentRunner.java:290)
	at org.junit.runners.ParentRunner$1.schedule(ParentRunner.java:71)
	at org.junit.runners.ParentRunner.runChildren(ParentRunner.java:288)
	at org.junit.runners.ParentRunner.access$000(ParentRunner.java:58)
	at org.junit.runners.ParentRunner$2.evaluate(ParentRunner.java:268)
	at org.junit.internal.runners.statements.RunBefores.evaluate(RunBefores.java:26)
	at org.junit.runners.ParentRunner.run(ParentRunner.java:363)
	at org.eclipse.jdt.internal.junit4.runner.JUnit4TestReference.run(JUnit4TestReference.java:86)
	at org.eclipse.jdt.internal.junit.runner.TestExecution.run(TestExecution.java:38)
	at org.eclipse.jdt.internal.junit.runner.RemoteTestRunner.runTests(RemoteTestRunner.java:459)
	at org.eclipse.jdt.internal.junit.runner.RemoteTestRunner.runTests(RemoteTestRunner.java:675)
	at org.eclipse.jdt.internal.junit.runner.RemoteTestRunner.run(RemoteTestRunner.java:382)
	at org.eclipse.jdt.internal.junit.runner.RemoteTestRunner.main(RemoteTestRunner.java:192)
Caused by: java.lang.NullPointerException
	at hanto.studentThhughes.common.moveValidator.ButterflyPlacedInTimeValidator.isValidMove(ButterflyPlacedInTimeValidator.java:31)
	at hanto.studentThhughes.common.moveValidator.AggrigateValidator.isValidMove(AggrigateValidator.java:26)
	at hanto.studentThhughes.beta.BetaHantoGameRefactored.makeMove(BetaHantoGameRefactored.java:92)
	at hanto.Test.studentThhughes.beta.BetaHantoMasterTest.blueTriesToPlayTwoButterflies(BetaHantoMasterTest.java:397)
	at sun.reflect.NativeMethodAccessorImpl.invoke0(Native Method)
	at sun.reflect.NativeMethodAccessorImpl.invoke(NativeMethodAccessorImpl.java:62)
	at sun.reflect.DelegatingMethodAccessorImpl.invoke(DelegatingMethodAccessorImpl.java:43)
	at java.lang.reflect.Method.invoke(Method.java:497)
	at org.junit.runners.model.FrameworkMethod$1.runReflectiveCall(FrameworkMethod.java:50)
	at org.junit.internal.runners.model.ReflectiveCallable.run(ReflectiveCallable.java:12)
	at org.junit.runners.model.FrameworkMethod.invokeExplosively(FrameworkMethod.java:47)
	at org.junit.internal.runners.statements.InvokeMethod.evaluate(InvokeMethod.java:17)
	at org.junit.internal.runners.statements.ExpectException.evaluate(ExpectException.java:19)
	... 17 more

</error>
    </testcase>
    <testcase name="bluePlacesInitialSparrowAtIllegalLocation" classname="hanto.Test.studentThhughes.beta.BetaHantoMasterTest" time="0.0"/>
    <testcase name="usingGameFactoryToMakeAGameOfSpecificIDAndNoColorPref" classname="hanto.Test.studentThhughes.beta.BetaHantoMasterTest" time="0.0"/>
    <testcase name="redTriesToPlayTwoButterflies" classname="hanto.Test.studentThhughes.beta.BetaHantoMasterTest" time="0.0">
      <error>java.lang.Exception: Unexpected exception, expected&lt;hanto.common.HantoException&gt; but was&lt;java.lang.NullPointerException&gt;
	at org.junit.internal.runners.statements.ExpectException.evaluate(ExpectException.java:28)
	at org.junit.internal.runners.statements.RunBefores.evaluate(RunBefores.java:26)
	at org.junit.runners.ParentRunner.runLeaf(ParentRunner.java:325)
	at org.junit.runners.BlockJUnit4ClassRunner.runChild(BlockJUnit4ClassRunner.java:78)
	at org.junit.runners.BlockJUnit4ClassRunner.runChild(BlockJUnit4ClassRunner.java:57)
	at org.junit.runners.ParentRunner$3.run(ParentRunner.java:290)
	at org.junit.runners.ParentRunner$1.schedule(ParentRunner.java:71)
	at org.junit.runners.ParentRunner.runChildren(ParentRunner.java:288)
	at org.junit.runners.ParentRunner.access$000(ParentRunner.java:58)
	at org.junit.runners.ParentRunner$2.evaluate(ParentRunner.java:268)
	at org.junit.internal.runners.statements.RunBefores.evaluate(RunBefores.java:26)
	at org.junit.runners.ParentRunner.run(ParentRunner.java:363)
	at org.eclipse.jdt.internal.junit4.runner.JUnit4TestReference.run(JUnit4TestReference.java:86)
	at org.eclipse.jdt.internal.junit.runner.TestExecution.run(TestExecution.java:38)
	at org.eclipse.jdt.internal.junit.runner.RemoteTestRunner.runTests(RemoteTestRunner.java:459)
	at org.eclipse.jdt.internal.junit.runner.RemoteTestRunner.runTests(RemoteTestRunner.java:675)
	at org.eclipse.jdt.internal.junit.runner.RemoteTestRunner.run(RemoteTestRunner.java:382)
	at org.eclipse.jdt.internal.junit.runner.RemoteTestRunner.main(RemoteTestRunner.java:192)
Caused by: java.lang.NullPointerException
	at hanto.studentThhughes.common.moveValidator.ButterflyPlacedInTimeValidator.isValidMove(ButterflyPlacedInTimeValidator.java:31)
	at hanto.studentThhughes.common.moveValidator.AggrigateValidator.isValidMove(AggrigateValidator.java:26)
	at hanto.studentThhughes.beta.BetaHantoGameRefactored.makeMove(BetaHantoGameRefactored.java:92)
	at hanto.Test.studentThhughes.beta.BetaHantoMasterTest.redTriesToPlayTwoButterflies(BetaHantoMasterTest.java:408)
	at sun.reflect.NativeMethodAccessorImpl.invoke0(Native Method)
	at sun.reflect.NativeMethodAccessorImpl.invoke(NativeMethodAccessorImpl.java:62)
	at sun.reflect.DelegatingMethodAccessorImpl.invoke(DelegatingMethodAccessorImpl.java:43)
	at java.lang.reflect.Method.invoke(Method.java:497)
	at org.junit.runners.model.FrameworkMethod$1.runReflectiveCall(FrameworkMethod.java:50)
	at org.junit.internal.runners.model.ReflectiveCallable.run(ReflectiveCallable.java:12)
	at org.junit.runners.model.FrameworkMethod.invokeExplosively(FrameworkMethod.java:47)
	at org.junit.internal.runners.statements.InvokeMethod.evaluate(InvokeMethod.java:17)
	at org.junit.internal.runners.statements.ExpectException.evaluate(ExpectException.java:19)
	... 17 more

</error>
    </testcase>
    <testcase name="blueMakesValidSecondMovePlacesSparrowSparrow" classname="hanto.Test.studentThhughes.beta.BetaHantoMasterTest" time="0.0">
      <error>java.lang.NullPointerException
	at hanto.studentThhughes.common.moveValidator.ButterflyPlacedInTimeValidator.isValidMove(ButterflyPlacedInTimeValidator.java:31)
	at hanto.studentThhughes.common.moveValidator.AggrigateValidator.isValidMove(AggrigateValidator.java:26)
	at hanto.studentThhughes.beta.BetaHantoGameRefactored.makeMove(BetaHantoGameRefactored.java:92)
	at hanto.Test.studentThhughes.beta.BetaHantoMasterTest.blueMakesValidSecondMovePlacesSparrowSparrow(BetaHantoMasterTest.java:134)
	at sun.reflect.NativeMethodAccessorImpl.invoke0(Native Method)
	at sun.reflect.NativeMethodAccessorImpl.invoke(NativeMethodAccessorImpl.java:62)
	at sun.reflect.DelegatingMethodAccessorImpl.invoke(DelegatingMethodAccessorImpl.java:43)
	at java.lang.reflect.Method.invoke(Method.java:497)
	at org.junit.runners.model.FrameworkMethod$1.runReflectiveCall(FrameworkMethod.java:50)
	at org.junit.internal.runners.model.ReflectiveCallable.run(ReflectiveCallable.java:12)
	at org.junit.runners.model.FrameworkMethod.invokeExplosively(FrameworkMethod.java:47)
	at org.junit.internal.runners.statements.InvokeMethod.evaluate(InvokeMethod.java:17)
	at org.junit.internal.runners.statements.RunBefores.evaluate(RunBefores.java:26)
	at org.junit.runners.ParentRunner.runLeaf(ParentRunner.java:325)
	at org.junit.runners.BlockJUnit4ClassRunner.runChild(BlockJUnit4ClassRunner.java:78)
	at org.junit.runners.BlockJUnit4ClassRunner.runChild(BlockJUnit4ClassRunner.java:57)
	at org.junit.runners.ParentRunner$3.run(ParentRunner.java:290)
	at org.junit.runners.ParentRunner$1.schedule(ParentRunner.java:71)
	at org.junit.runners.ParentRunner.runChildren(ParentRunner.java:288)
	at org.junit.runners.ParentRunner.access$000(ParentRunner.java:58)
	at org.junit.runners.ParentRunner$2.evaluate(ParentRunner.java:268)
	at org.junit.internal.runners.statements.RunBefores.evaluate(RunBefores.java:26)
	at org.junit.runners.ParentRunner.run(ParentRunner.java:363)
	at org.eclipse.jdt.internal.junit4.runner.JUnit4TestReference.run(JUnit4TestReference.java:86)
	at org.eclipse.jdt.internal.junit.runner.TestExecution.run(TestExecution.java:38)
	at org.eclipse.jdt.internal.junit.runner.RemoteTestRunner.runTests(RemoteTestRunner.java:459)
	at org.eclipse.jdt.internal.junit.runner.RemoteTestRunner.runTests(RemoteTestRunner.java:675)
	at org.eclipse.jdt.internal.junit.runner.RemoteTestRunner.run(RemoteTestRunner.java:382)
	at org.eclipse.jdt.internal.junit.runner.RemoteTestRunner.main(RemoteTestRunner.java:192)

</error>
    </testcase>
    <testcase name="makingSureBoardPrintoutReturnsEvenThoughNotUsed" classname="hanto.Test.studentThhughes.beta.BetaHantoMasterTest" time="0.0"/>
    <testcase name="blueTriesToMoveSparrow" classname="hanto.Test.studentThhughes.beta.BetaHantoMasterTest" time="0.0">
      <error>java.lang.Exception: Unexpected exception, expected&lt;hanto.common.HantoException&gt; but was&lt;java.lang.NullPointerException&gt;
	at org.junit.internal.runners.statements.ExpectException.evaluate(ExpectException.java:28)
	at org.junit.internal.runners.statements.RunBefores.evaluate(RunBefores.java:26)
	at org.junit.runners.ParentRunner.runLeaf(ParentRunner.java:325)
	at org.junit.runners.BlockJUnit4ClassRunner.runChild(BlockJUnit4ClassRunner.java:78)
	at org.junit.runners.BlockJUnit4ClassRunner.runChild(BlockJUnit4ClassRunner.java:57)
	at org.junit.runners.ParentRunner$3.run(ParentRunner.java:290)
	at org.junit.runners.ParentRunner$1.schedule(ParentRunner.java:71)
	at org.junit.runners.ParentRunner.runChildren(ParentRunner.java:288)
	at org.junit.runners.ParentRunner.access$000(ParentRunner.java:58)
	at org.junit.runners.ParentRunner$2.evaluate(ParentRunner.java:268)
	at org.junit.internal.runners.statements.RunBefores.evaluate(RunBefores.java:26)
	at org.junit.runners.ParentRunner.run(ParentRunner.java:363)
	at org.eclipse.jdt.internal.junit4.runner.JUnit4TestReference.run(JUnit4TestReference.java:86)
	at org.eclipse.jdt.internal.junit.runner.TestExecution.run(TestExecution.java:38)
	at org.eclipse.jdt.internal.junit.runner.RemoteTestRunner.runTests(RemoteTestRunner.java:459)
	at org.eclipse.jdt.internal.junit.runner.RemoteTestRunner.runTests(RemoteTestRunner.java:675)
	at org.eclipse.jdt.internal.junit.runner.RemoteTestRunner.run(RemoteTestRunner.java:382)
	at org.eclipse.jdt.internal.junit.runner.RemoteTestRunner.main(RemoteTestRunner.java:192)
Caused by: java.lang.NullPointerException
	at hanto.studentThhughes.common.moveValidator.ButterflyPlacedInTimeValidator.isValidMove(ButterflyPlacedInTimeValidator.java:31)
	at hanto.studentThhughes.common.moveValidator.AggrigateValidator.isValidMove(AggrigateValidator.java:26)
	at hanto.studentThhughes.beta.BetaHantoGameRefactored.makeMove(BetaHantoGameRefactored.java:92)
	at hanto.Test.studentThhughes.beta.BetaHantoMasterTest.blueTriesToMoveSparrow(BetaHantoMasterTest.java:146)
	at sun.reflect.NativeMethodAccessorImpl.invoke0(Native Method)
	at sun.reflect.NativeMethodAccessorImpl.invoke(NativeMethodAccessorImpl.java:62)
	at sun.reflect.DelegatingMethodAccessorImpl.invoke(DelegatingMethodAccessorImpl.java:43)
	at java.lang.reflect.Method.invoke(Method.java:497)
	at org.junit.runners.model.FrameworkMethod$1.runReflectiveCall(FrameworkMethod.java:50)
	at org.junit.internal.runners.model.ReflectiveCallable.run(ReflectiveCallable.java:12)
	at org.junit.runners.model.FrameworkMethod.invokeExplosively(FrameworkMethod.java:47)
	at org.junit.internal.runners.statements.InvokeMethod.evaluate(InvokeMethod.java:17)
	at org.junit.internal.runners.statements.ExpectException.evaluate(ExpectException.java:19)
	... 17 more

</error>
    </testcase>
    <testcase name="blueTriesToPlaceButterflyOnFourthTurn" classname="hanto.Test.studentThhughes.beta.BetaHantoMasterTest" time="0.0">
      <error>java.lang.NullPointerException
	at hanto.studentThhughes.common.moveValidator.ButterflyPlacedInTimeValidator.isValidMove(ButterflyPlacedInTimeValidator.java:31)
	at hanto.studentThhughes.common.moveValidator.AggrigateValidator.isValidMove(AggrigateValidator.java:26)
	at hanto.studentThhughes.beta.BetaHantoGameRefactored.makeMove(BetaHantoGameRefactored.java:92)
	at hanto.Test.studentThhughes.beta.BetaHantoMasterTest.blueTriesToPlaceButterflyOnFourthTurn(BetaHantoMasterTest.java:174)
	at sun.reflect.NativeMethodAccessorImpl.invoke0(Native Method)
	at sun.reflect.NativeMethodAccessorImpl.invoke(NativeMethodAccessorImpl.java:62)
	at sun.reflect.DelegatingMethodAccessorImpl.invoke(DelegatingMethodAccessorImpl.java:43)
	at java.lang.reflect.Method.invoke(Method.java:497)
	at org.junit.runners.model.FrameworkMethod$1.runReflectiveCall(FrameworkMethod.java:50)
	at org.junit.internal.runners.model.ReflectiveCallable.run(ReflectiveCallable.java:12)
	at org.junit.runners.model.FrameworkMethod.invokeExplosively(FrameworkMethod.java:47)
	at org.junit.internal.runners.statements.InvokeMethod.evaluate(InvokeMethod.java:17)
	at org.junit.internal.runners.statements.RunBefores.evaluate(RunBefores.java:26)
	at org.junit.runners.ParentRunner.runLeaf(ParentRunner.java:325)
	at org.junit.runners.BlockJUnit4ClassRunner.runChild(BlockJUnit4ClassRunner.java:78)
	at org.junit.runners.BlockJUnit4ClassRunner.runChild(BlockJUnit4ClassRunner.java:57)
	at org.junit.runners.ParentRunner$3.run(ParentRunner.java:290)
	at org.junit.runners.ParentRunner$1.schedule(ParentRunner.java:71)
	at org.junit.runners.ParentRunner.runChildren(ParentRunner.java:288)
	at org.junit.runners.ParentRunner.access$000(ParentRunner.java:58)
	at org.junit.runners.ParentRunner$2.evaluate(ParentRunner.java:268)
	at org.junit.internal.runners.statements.RunBefores.evaluate(RunBefores.java:26)
	at org.junit.runners.ParentRunner.run(ParentRunner.java:363)
	at org.eclipse.jdt.internal.junit4.runner.JUnit4TestReference.run(JUnit4TestReference.java:86)
	at org.eclipse.jdt.internal.junit.runner.TestExecution.run(TestExecution.java:38)
	at org.eclipse.jdt.internal.junit.runner.RemoteTestRunner.runTests(RemoteTestRunner.java:459)
	at org.eclipse.jdt.internal.junit.runner.RemoteTestRunner.runTests(RemoteTestRunner.java:675)
	at org.eclipse.jdt.internal.junit.runner.RemoteTestRunner.run(RemoteTestRunner.java:382)
	at org.eclipse.jdt.internal.junit.runner.RemoteTestRunner.main(RemoteTestRunner.java:192)

</error>
    </testcase>
    <testcase name="blueTriesToPlaceSparrowOnFourthTurn" classname="hanto.Test.studentThhughes.beta.BetaHantoMasterTest" time="0.0">
      <error>java.lang.Exception: Unexpected exception, expected&lt;hanto.common.HantoException&gt; but was&lt;java.lang.NullPointerException&gt;
	at org.junit.internal.runners.statements.ExpectException.evaluate(ExpectException.java:28)
	at org.junit.internal.runners.statements.RunBefores.evaluate(RunBefores.java:26)
	at org.junit.runners.ParentRunner.runLeaf(ParentRunner.java:325)
	at org.junit.runners.BlockJUnit4ClassRunner.runChild(BlockJUnit4ClassRunner.java:78)
	at org.junit.runners.BlockJUnit4ClassRunner.runChild(BlockJUnit4ClassRunner.java:57)
	at org.junit.runners.ParentRunner$3.run(ParentRunner.java:290)
	at org.junit.runners.ParentRunner$1.schedule(ParentRunner.java:71)
	at org.junit.runners.ParentRunner.runChildren(ParentRunner.java:288)
	at org.junit.runners.ParentRunner.access$000(ParentRunner.java:58)
	at org.junit.runners.ParentRunner$2.evaluate(ParentRunner.java:268)
	at org.junit.internal.runners.statements.RunBefores.evaluate(RunBefores.java:26)
	at org.junit.runners.ParentRunner.run(ParentRunner.java:363)
	at org.eclipse.jdt.internal.junit4.runner.JUnit4TestReference.run(JUnit4TestReference.java:86)
	at org.eclipse.jdt.internal.junit.runner.TestExecution.run(TestExecution.java:38)
	at org.eclipse.jdt.internal.junit.runner.RemoteTestRunner.runTests(RemoteTestRunner.java:459)
	at org.eclipse.jdt.internal.junit.runner.RemoteTestRunner.runTests(RemoteTestRunner.java:675)
	at org.eclipse.jdt.internal.junit.runner.RemoteTestRunner.run(RemoteTestRunner.java:382)
	at org.eclipse.jdt.internal.junit.runner.RemoteTestRunner.main(RemoteTestRunner.java:192)
Caused by: java.lang.NullPointerException
	at hanto.studentThhughes.common.moveValidator.ButterflyPlacedInTimeValidator.isValidMove(ButterflyPlacedInTimeValidator.java:31)
	at hanto.studentThhughes.common.moveValidator.AggrigateValidator.isValidMove(AggrigateValidator.java:26)
	at hanto.studentThhughes.beta.BetaHantoGameRefactored.makeMove(BetaHantoGameRefactored.java:92)
	at hanto.Test.studentThhughes.beta.BetaHantoMasterTest.blueTriesToPlaceSparrowOnFourthTurn(BetaHantoMasterTest.java:156)
	at sun.reflect.NativeMethodAccessorImpl.invoke0(Native Method)
	at sun.reflect.NativeMethodAccessorImpl.invoke(NativeMethodAccessorImpl.java:62)
	at sun.reflect.DelegatingMethodAccessorImpl.invoke(DelegatingMethodAccessorImpl.java:43)
	at java.lang.reflect.Method.invoke(Method.java:497)
	at org.junit.runners.model.FrameworkMethod$1.runReflectiveCall(FrameworkMethod.java:50)
	at org.junit.internal.runners.model.ReflectiveCallable.run(ReflectiveCallable.java:12)
	at org.junit.runners.model.FrameworkMethod.invokeExplosively(FrameworkMethod.java:47)
	at org.junit.internal.runners.statements.InvokeMethod.evaluate(InvokeMethod.java:17)
	at org.junit.internal.runners.statements.ExpectException.evaluate(ExpectException.java:19)
	... 17 more

</error>
    </testcase>
    <testcase name="redMakesValidMoveAfterBluePlacesButterfly" classname="hanto.Test.studentThhughes.beta.BetaHantoMasterTest" time="0.0">
      <error>java.lang.NullPointerException
	at hanto.studentThhughes.common.moveValidator.ButterflyPlacedInTimeValidator.isValidMove(ButterflyPlacedInTimeValidator.java:31)
	at hanto.studentThhughes.common.moveValidator.AggrigateValidator.isValidMove(AggrigateValidator.java:26)
	at hanto.studentThhughes.beta.BetaHantoGameRefactored.makeMove(BetaHantoGameRefactored.java:92)
	at hanto.Test.studentThhughes.beta.BetaHantoMasterTest.redMakesValidMoveAfterBluePlacesButterfly(BetaHantoMasterTest.java:112)
	at sun.reflect.NativeMethodAccessorImpl.invoke0(Native Method)
	at sun.reflect.NativeMethodAccessorImpl.invoke(NativeMethodAccessorImpl.java:62)
	at sun.reflect.DelegatingMethodAccessorImpl.invoke(DelegatingMethodAccessorImpl.java:43)
	at java.lang.reflect.Method.invoke(Method.java:497)
	at org.junit.runners.model.FrameworkMethod$1.runReflectiveCall(FrameworkMethod.java:50)
	at org.junit.internal.runners.model.ReflectiveCallable.run(ReflectiveCallable.java:12)
	at org.junit.runners.model.FrameworkMethod.invokeExplosively(FrameworkMethod.java:47)
	at org.junit.internal.runners.statements.InvokeMethod.evaluate(InvokeMethod.java:17)
	at org.junit.internal.runners.statements.RunBefores.evaluate(RunBefores.java:26)
	at org.junit.runners.ParentRunner.runLeaf(ParentRunner.java:325)
	at org.junit.runners.BlockJUnit4ClassRunner.runChild(BlockJUnit4ClassRunner.java:78)
	at org.junit.runners.BlockJUnit4ClassRunner.runChild(BlockJUnit4ClassRunner.java:57)
	at org.junit.runners.ParentRunner$3.run(ParentRunner.java:290)
	at org.junit.runners.ParentRunner$1.schedule(ParentRunner.java:71)
	at org.junit.runners.ParentRunner.runChildren(ParentRunner.java:288)
	at org.junit.runners.ParentRunner.access$000(ParentRunner.java:58)
	at org.junit.runners.ParentRunner$2.evaluate(ParentRunner.java:268)
	at org.junit.internal.runners.statements.RunBefores.evaluate(RunBefores.java:26)
	at org.junit.runners.ParentRunner.run(ParentRunner.java:363)
	at org.eclipse.jdt.internal.junit4.runner.JUnit4TestReference.run(JUnit4TestReference.java:86)
	at org.eclipse.jdt.internal.junit.runner.TestExecution.run(TestExecution.java:38)
	at org.eclipse.jdt.internal.junit.runner.RemoteTestRunner.runTests(RemoteTestRunner.java:459)
	at org.eclipse.jdt.internal.junit.runner.RemoteTestRunner.runTests(RemoteTestRunner.java:675)
	at org.eclipse.jdt.internal.junit.runner.RemoteTestRunner.run(RemoteTestRunner.java:382)
	at org.eclipse.jdt.internal.junit.runner.RemoteTestRunner.main(RemoteTestRunner.java:192)

</error>
    </testcase>
    <testcase name="redLosesInEightTurns" classname="hanto.Test.studentThhughes.beta.BetaHantoMasterTest" time="0.0">
      <error>java.lang.NullPointerException
	at hanto.studentThhughes.common.moveValidator.ButterflyPlacedInTimeValidator.isValidMove(ButterflyPlacedInTimeValidator.java:31)
	at hanto.studentThhughes.common.moveValidator.AggrigateValidator.isValidMove(AggrigateValidator.java:26)
	at hanto.studentThhughes.beta.BetaHantoGameRefactored.makeMove(BetaHantoGameRefactored.java:92)
	at hanto.Test.studentThhughes.beta.BetaHantoMasterTest.redLosesInEightTurns(BetaHantoMasterTest.java:296)
	at sun.reflect.NativeMethodAccessorImpl.invoke0(Native Method)
	at sun.reflect.NativeMethodAccessorImpl.invoke(NativeMethodAccessorImpl.java:62)
	at sun.reflect.DelegatingMethodAccessorImpl.invoke(DelegatingMethodAccessorImpl.java:43)
	at java.lang.reflect.Method.invoke(Method.java:497)
	at org.junit.runners.model.FrameworkMethod$1.runReflectiveCall(FrameworkMethod.java:50)
	at org.junit.internal.runners.model.ReflectiveCallable.run(ReflectiveCallable.java:12)
	at org.junit.runners.model.FrameworkMethod.invokeExplosively(FrameworkMethod.java:47)
	at org.junit.internal.runners.statements.InvokeMethod.evaluate(InvokeMethod.java:17)
	at org.junit.internal.runners.statements.RunBefores.evaluate(RunBefores.java:26)
	at org.junit.runners.ParentRunner.runLeaf(ParentRunner.java:325)
	at org.junit.runners.BlockJUnit4ClassRunner.runChild(BlockJUnit4ClassRunner.java:78)
	at org.junit.runners.BlockJUnit4ClassRunner.runChild(BlockJUnit4ClassRunner.java:57)
	at org.junit.runners.ParentRunner$3.run(ParentRunner.java:290)
	at org.junit.runners.ParentRunner$1.schedule(ParentRunner.java:71)
	at org.junit.runners.ParentRunner.runChildren(ParentRunner.java:288)
	at org.junit.runners.ParentRunner.access$000(ParentRunner.java:58)
	at org.junit.runners.ParentRunner$2.evaluate(ParentRunner.java:268)
	at org.junit.internal.runners.statements.RunBefores.evaluate(RunBefores.java:26)
	at org.junit.runners.ParentRunner.run(ParentRunner.java:363)
	at org.eclipse.jdt.internal.junit4.runner.JUnit4TestReference.run(JUnit4TestReference.java:86)
	at org.eclipse.jdt.internal.junit.runner.TestExecution.run(TestExecution.java:38)
	at org.eclipse.jdt.internal.junit.runner.RemoteTestRunner.runTests(RemoteTestRunner.java:459)
	at org.eclipse.jdt.internal.junit.runner.RemoteTestRunner.runTests(RemoteTestRunner.java:675)
	at org.eclipse.jdt.internal.junit.runner.RemoteTestRunner.run(RemoteTestRunner.java:382)
	at org.eclipse.jdt.internal.junit.runner.RemoteTestRunner.main(RemoteTestRunner.java:192)

</error>
    </testcase>
    <testcase name="tryToGetPieceFromInvalidPlace" classname="hanto.Test.studentThhughes.beta.BetaHantoMasterTest" time="0.0"/>
    <testcase name="bluePlacesInitialButterflyAtOrigin" classname="hanto.Test.studentThhughes.beta.BetaHantoMasterTest" time="0.0">
      <error>java.lang.NullPointerException
	at hanto.studentThhughes.common.moveValidator.ButterflyPlacedInTimeValidator.isValidMove(ButterflyPlacedInTimeValidator.java:31)
	at hanto.studentThhughes.common.moveValidator.AggrigateValidator.isValidMove(AggrigateValidator.java:26)
	at hanto.studentThhughes.beta.BetaHantoGameRefactored.makeMove(BetaHantoGameRefactored.java:92)
	at hanto.Test.studentThhughes.beta.BetaHantoMasterTest.bluePlacesInitialButterflyAtOrigin(BetaHantoMasterTest.java:86)
	at sun.reflect.NativeMethodAccessorImpl.invoke0(Native Method)
	at sun.reflect.NativeMethodAccessorImpl.invoke(NativeMethodAccessorImpl.java:62)
	at sun.reflect.DelegatingMethodAccessorImpl.invoke(DelegatingMethodAccessorImpl.java:43)
	at java.lang.reflect.Method.invoke(Method.java:497)
	at org.junit.runners.model.FrameworkMethod$1.runReflectiveCall(FrameworkMethod.java:50)
	at org.junit.internal.runners.model.ReflectiveCallable.run(ReflectiveCallable.java:12)
	at org.junit.runners.model.FrameworkMethod.invokeExplosively(FrameworkMethod.java:47)
	at org.junit.internal.runners.statements.InvokeMethod.evaluate(InvokeMethod.java:17)
	at org.junit.internal.runners.statements.RunBefores.evaluate(RunBefores.java:26)
	at org.junit.runners.ParentRunner.runLeaf(ParentRunner.java:325)
	at org.junit.runners.BlockJUnit4ClassRunner.runChild(BlockJUnit4ClassRunner.java:78)
	at org.junit.runners.BlockJUnit4ClassRunner.runChild(BlockJUnit4ClassRunner.java:57)
	at org.junit.runners.ParentRunner$3.run(ParentRunner.java:290)
	at org.junit.runners.ParentRunner$1.schedule(ParentRunner.java:71)
	at org.junit.runners.ParentRunner.runChildren(ParentRunner.java:288)
	at org.junit.runners.ParentRunner.access$000(ParentRunner.java:58)
	at org.junit.runners.ParentRunner$2.evaluate(ParentRunner.java:268)
	at org.junit.internal.runners.statements.RunBefores.evaluate(RunBefores.java:26)
	at org.junit.runners.ParentRunner.run(ParentRunner.java:363)
	at org.eclipse.jdt.internal.junit4.runner.JUnit4TestReference.run(JUnit4TestReference.java:86)
	at org.eclipse.jdt.internal.junit.runner.TestExecution.run(TestExecution.java:38)
	at org.eclipse.jdt.internal.junit.runner.RemoteTestRunner.runTests(RemoteTestRunner.java:459)
	at org.eclipse.jdt.internal.junit.runner.RemoteTestRunner.runTests(RemoteTestRunner.java:675)
	at org.eclipse.jdt.internal.junit.runner.RemoteTestRunner.run(RemoteTestRunner.java:382)
	at org.eclipse.jdt.internal.junit.runner.RemoteTestRunner.main(RemoteTestRunner.java:192)

</error>
    </testcase>
  </testsuite>
  <testsuite name="hanto.Test.studentThhughes.common.frontier.FrontierImplTest" time="0.0">
    <testcase name="removeNothingFromFrontier" classname="hanto.Test.studentThhughes.common.frontier.FrontierImplTest" time="0.0"/>
    <testcase name="RemoveACoordinateFromTheFrontier" classname="hanto.Test.studentThhughes.common.frontier.FrontierImplTest" time="0.0"/>
    <testcase name="addSomethingToFrontierThatsAlreadythere" classname="hanto.Test.studentThhughes.common.frontier.FrontierImplTest" time="0.0"/>
    <testcase name="testCheckingANullCoordinateIsInTheFrontier" classname="hanto.Test.studentThhughes.common.frontier.FrontierImplTest" time="0.0"/>
    <testcase name="addNothingToTheFrontier" classname="hanto.Test.studentThhughes.common.frontier.FrontierImplTest" time="0.0"/>
    <testcase name="addSomethingToFrontier" classname="hanto.Test.studentThhughes.common.frontier.FrontierImplTest" time="0.0"/>
    <testcase name="removeSomethingThatsNotInFrontier" classname="hanto.Test.studentThhughes.common.frontier.FrontierImplTest" time="0.0"/>
    <testcase name="checkIfACoordinateIsIntheFrontier" classname="hanto.Test.studentThhughes.common.frontier.FrontierImplTest" time="0.0"/>
  </testsuite>
  <testsuite name="hanto.Test.studentThhughes.common.moveValidator.PieceValidatorTest" time="0.001">
    <testcase name="testValidatorWithItemsInListAndINValidMove" classname="hanto.Test.studentThhughes.common.moveValidator.PieceValidatorTest" time="0.0"/>
    <testcase name="testValidatorWithItemsInListAndValidMove" classname="hanto.Test.studentThhughes.common.moveValidator.PieceValidatorTest" time="0.0"/>
    <testcase name="testValidatorWithNoArgs" classname="hanto.Test.studentThhughes.common.moveValidator.PieceValidatorTest" time="0.0"/>
    <testcase name="testValidatorWithEmptyList" classname="hanto.Test.studentThhughes.common.moveValidator.PieceValidatorTest" time="0.0"/>
    <testcase name="testFailureMessage" classname="hanto.Test.studentThhughes.common.moveValidator.PieceValidatorTest" time="0.001"/>
  </testsuite>
  <testsuite name="hanto.Test.studentThhughes.common.MoveCounterTest" time="0.0">
    <testcase name="testIncrementing" classname="hanto.Test.studentThhughes.common.MoveCounterTest" time="0.0"/>
    <testcase name="testInitialization" classname="hanto.Test.studentThhughes.common.MoveCounterTest" time="0.0"/>
    <testcase name="testNotNull" classname="hanto.Test.studentThhughes.common.MoveCounterTest" time="0.0"/>
  </testsuite>
</testrun>
